2025-11-03 18:18:16,482 [INFO] Activator:176 - 


2025-11-03 18:18:16,490 [INFO] Activator:177 - !SESSION log4j initialized
2025-11-03 18:18:28,532 [INFO] LogOutputStream:77 - [STDOUT_REDIRECT] 
2025-11-03 18:18:30,020 [ERROR] ConfigurationRetriever:142 - IOException on connection: sw-center.st.com
2025-11-03 18:18:30,023 [ERROR] ConfigurationRetriever:142 - IOException on connection: sw-center.st.com
2025-11-03 18:18:30,024 [ERROR] ConfigurationRetriever:142 - IOException on connection: sw-center.st.com
2025-11-03 18:18:45,928 [INFO] ApplicationProperties:184 - Using Application install path: C:\ST\STM32CubeIDE_1.19.0\STM32CubeIDE\plugins\com.st.stm32cube.common.mx_6.15.0.202507011659
2025-11-03 18:18:45,955 [INFO] DbMcusXml:78 - Set database path to: C:\ST\STM32CubeIDE_1.19.0\STM32CubeIDE\plugins\com.st.stm32cube.common.mx_6.15.0.202507011659\\db\/mcu/
2025-11-03 18:18:45,956 [INFO] ApiDb:274 - Set plugin database path to: C:\ST\STM32CubeIDE_1.19.0\STM32CubeIDE\plugins\com.st.stm32cube.common.mx_6.15.0.202507011659\\db\/plugins/boardmanager/
2025-11-03 18:18:45,956 [WARN] ApiDb:259 - Overriding images path with different value:  => C:\ST\STM32CubeIDE_1.19.0\STM32CubeIDE\plugins\com.st.stm32cube.common.mx_6.15.0.202507011659\\db\/plugins/mcufinder/images/
2025-11-03 18:18:45,969 [INFO] ApiDb:250 - Set database path to: C:\Users\Himshree\.stmcufinder\plugins\mcufinder//mcu/
2025-11-03 18:18:45,971 [INFO] DbMcusAds:125 - Set database path to: C:\Users\Himshree\.stmcufinder\plugins\mcufinder//mcu/
2025-11-03 18:18:45,974 [INFO] CrossReferenceDbSqlite:203 - Set database path to: C:\Users\Himshree\.stmcufinder\plugins\mcufinder//mcu/cs/
2025-11-03 18:18:46,132 [INFO] RulesReader:64 - Compatibility file has been processed (317 Rules)
2025-11-03 18:18:46,282 [INFO] DbMcusXml:78 - Set database path to: C:\ST\STM32CubeIDE_1.19.0\STM32CubeIDE\plugins\com.st.stm32cube.common.mx_6.15.0.202507011659\\db\/mcu/
2025-11-03 18:18:46,283 [INFO] ApiDb:274 - Set plugin database path to: C:\ST\STM32CubeIDE_1.19.0\STM32CubeIDE\plugins\com.st.stm32cube.common.mx_6.15.0.202507011659\\db\/plugins/boardmanager/
2025-11-03 18:18:46,283 [INFO] ApiDb:261 - Set plugin images path to: C:\ST\STM32CubeIDE_1.19.0\STM32CubeIDE\plugins\com.st.stm32cube.common.mx_6.15.0.202507011659\\db\/plugins/mcufinder/images/
2025-11-03 18:18:46,283 [WARN] DbFile:41 - Overriding database path with different value: C:\Users\Himshree\.stmcufinder\plugins\mcufinder/ => C:\Users\Himshree\.stmcufinder\plugins\mcufinder
2025-11-03 18:18:46,283 [INFO] ApiDb:250 - Set database path to: C:\Users\Himshree\.stmcufinder\plugins\mcufinder//mcu/
2025-11-03 18:18:46,283 [WARN] DbFile:41 - Overriding database path with different value: C:\Users\Himshree\.stmcufinder\plugins\mcufinder/ => C:\Users\Himshree\.stmcufinder\plugins\mcufinder
2025-11-03 18:18:46,283 [INFO] DbMcusAds:125 - Set database path to: C:\Users\Himshree\.stmcufinder\plugins\mcufinder//mcu/
2025-11-03 18:18:46,283 [WARN] DbFile:41 - Overriding database path with different value: C:\Users\Himshree\.stmcufinder\plugins\mcufinder/ => C:\Users\Himshree\.stmcufinder\plugins\mcufinder
2025-11-03 18:18:46,284 [WARN] DbFile:41 - Overriding database path with different value: C:\Users\Himshree\.stmcufinder\plugins\mcufinder/ => C:\Users\Himshree\.stmcufinder\plugins\mcufinder
2025-11-03 18:18:46,284 [INFO] CrossReferenceDbSqlite:203 - Set database path to: C:\Users\Himshree\.stmcufinder\plugins\mcufinder//mcu/cs/
2025-11-03 18:18:46,430 [INFO] MainPanel:274 - HeapMemory: 268435456
2025-11-03 18:18:46,603 [INFO] DbMcusXml:78 - Set database path to: C:\ST\STM32CubeIDE_1.19.0\STM32CubeIDE\plugins\com.st.stm32cube.common.mx_6.15.0.202507011659\\db\/mcu/
2025-11-03 18:18:46,603 [INFO] ApiDb:274 - Set plugin database path to: C:\ST\STM32CubeIDE_1.19.0\STM32CubeIDE\plugins\com.st.stm32cube.common.mx_6.15.0.202507011659\\db\/plugins/boardmanager/
2025-11-03 18:18:46,603 [INFO] ApiDb:261 - Set plugin images path to: C:\ST\STM32CubeIDE_1.19.0\STM32CubeIDE\plugins\com.st.stm32cube.common.mx_6.15.0.202507011659\\db\/plugins/mcufinder/images/
2025-11-03 18:18:46,604 [WARN] DbFile:41 - Overriding database path with different value: C:\Users\Himshree\.stmcufinder\plugins\mcufinder/ => C:\Users\Himshree\.stmcufinder\plugins\mcufinder
2025-11-03 18:18:46,604 [INFO] ApiDb:250 - Set database path to: C:\Users\Himshree\.stmcufinder\plugins\mcufinder//mcu/
2025-11-03 18:18:46,604 [WARN] DbFile:41 - Overriding database path with different value: C:\Users\Himshree\.stmcufinder\plugins\mcufinder/ => C:\Users\Himshree\.stmcufinder\plugins\mcufinder
2025-11-03 18:18:46,605 [INFO] DbMcusAds:125 - Set database path to: C:\Users\Himshree\.stmcufinder\plugins\mcufinder//mcu/
2025-11-03 18:18:46,605 [WARN] DbFile:41 - Overriding database path with different value: C:\Users\Himshree\.stmcufinder\plugins\mcufinder/ => C:\Users\Himshree\.stmcufinder\plugins\mcufinder
2025-11-03 18:18:46,605 [WARN] DbFile:41 - Overriding database path with different value: C:\Users\Himshree\.stmcufinder\plugins\mcufinder/ => C:\Users\Himshree\.stmcufinder\plugins\mcufinder
2025-11-03 18:18:46,605 [INFO] CrossReferenceDbSqlite:203 - Set database path to: C:\Users\Himshree\.stmcufinder\plugins\mcufinder//mcu/cs/
2025-11-03 18:18:46,632 [INFO] ApplicationProperties:184 - Using Application install path: C:\ST\STM32CubeIDE_1.19.0\STM32CubeIDE\plugins\com.st.stm32cube.common.mx_6.15.0.202507011659
2025-11-03 18:18:46,634 [INFO] PluginManage:196 - Search for loadable plugins [exclusion list=, ]
2025-11-03 18:18:46,636 [INFO] PluginManage:310 - Check plugin analytics
2025-11-03 18:18:46,985 [INFO] AnalyticsPlugin:253 - Accepted Software Licenses: 
2025-11-03 18:18:46,986 [INFO] AnalyticsPlugin:255 - Accepted CMSIS Pack Licenses: 
2025-11-03 18:18:46,986 [INFO] AnalyticsPlugin:257 - Accepted Firmware Licenses: FW.F4.1.28.0,FW.L4.1.18.0
2025-11-03 18:18:46,989 [INFO] PluginManage:359 - Loaded plugin analytics (category:tool,tabindex:-1)
2025-11-03 18:18:46,990 [INFO] PluginManage:310 - Check plugin cadmodel
2025-11-03 18:18:46,991 [ERROR] ConfigurationRetriever:142 - IOException on connection: sw-center.st.com
2025-11-03 18:18:46,993 [ERROR] ConfigurationRetriever:142 - IOException on connection: sw-center.st.com
2025-11-03 18:18:46,993 [ERROR] ConfigurationRetriever:142 - IOException on connection: sw-center.st.com
2025-11-03 18:18:46,999 [INFO] CADModel:105 - Init CAD model plugin
2025-11-03 18:18:46,999 [INFO] PluginManage:359 - Loaded plugin cadmodel (category:power,tabindex:5)
2025-11-03 18:18:47,000 [INFO] PluginManage:310 - Check plugin clock
2025-11-03 18:18:47,016 [INFO] PluginManage:359 - Loaded plugin clock (category:base,tabindex:2)
2025-11-03 18:18:47,017 [INFO] PluginManage:310 - Check plugin ddr
2025-11-03 18:18:47,020 [INFO] PluginManage:359 - Loaded plugin ddr (category:tool,tabindex:6)
2025-11-03 18:18:47,020 [INFO] PluginManage:310 - Check plugin filemanager
2025-11-03 18:18:47,225 [INFO] PluginManage:359 - Loaded plugin filemanager (category:base,tabindex:10)
2025-11-03 18:18:47,225 [INFO] PluginManage:310 - Check plugin ipmanager
2025-11-03 18:18:47,235 [INFO] PluginManage:359 - Loaded plugin ipmanager (category:base,tabindex:5)
2025-11-03 18:18:47,235 [INFO] PluginManage:310 - Check plugin lpbam
2025-11-03 18:18:47,248 [INFO] PluginManage:359 - Loaded plugin lpbam (category:base,tabindex:0)
2025-11-03 18:18:47,249 [INFO] PluginManage:310 - Check plugin memorymap
2025-11-03 18:18:47,270 [INFO] PluginManage:359 - Loaded plugin memorymap (category:base,tabindex:4)
2025-11-03 18:18:47,271 [INFO] PluginManage:310 - Check plugin pinoutandconfiguration
2025-11-03 18:18:47,285 [INFO] PluginManage:359 - Loaded plugin pinoutandconfiguration (category:base,tabindex:1)
2025-11-03 18:18:47,285 [INFO] PluginManage:310 - Check plugin pinoutconfig
2025-11-03 18:18:47,427 [WARN] SupportedApi:132 - Cannot load RTOS API schema: s4s-elt-must-match.1: The content of 'definitions' must match (annotation?, (simpleType | complexType)?, (unique | key | keyref)*)). A problem was found starting at: attribute.
2025-11-03 18:18:47,634 [INFO] PluginManage:359 - Loaded plugin pinoutconfig (category:base,tabindex:0)
2025-11-03 18:18:47,634 [INFO] PluginManage:310 - Check plugin power
2025-11-03 18:18:47,649 [INFO] PluginManage:359 - Loaded plugin power (category:power,tabindex:4)
2025-11-03 18:18:47,649 [INFO] PluginManage:310 - Check plugin projectmanager
2025-11-03 18:18:47,670 [INFO] PluginManage:359 - Loaded plugin projectmanager (category:projectmanager,tabindex:4)
2025-11-03 18:18:47,670 [INFO] PluginManage:310 - Check plugin rif
2025-11-03 18:18:47,681 [INFO] PluginManage:359 - Loaded plugin rif (category:base,tabindex:3)
2025-11-03 18:18:47,681 [INFO] PluginManage:310 - Check plugin thirdparty
2025-11-03 18:18:47,919 [INFO] PluginManage:359 - Loaded plugin thirdparty (category:base,tabindex:-1)
2025-11-03 18:18:47,919 [WARN] IntegrityCheckThread:84 - waiting for thirdparty lock release [integrity check]
2025-11-03 18:18:47,919 [INFO] PluginManage:310 - Check plugin tools
2025-11-03 18:18:47,919 [INFO] IntegrityCheckThread:86 - entering critical section [integrity check]
2025-11-03 18:18:47,920 [INFO] ThirdPartyUpdaterWithRetryManager:70 - Updater plugin not ready yet. [1/15]
2025-11-03 18:18:47,925 [INFO] PluginManage:359 - Loaded plugin tools (category:base,tabindex:7)
2025-11-03 18:18:47,925 [INFO] PluginManage:310 - Check plugin tutovideos
2025-11-03 18:18:48,255 [INFO] PluginManage:359 - Loaded plugin tutovideos (category:base,tabindex:-1)
2025-11-03 18:18:48,255 [INFO] PluginManage:310 - Check plugin updater
2025-11-03 18:18:48,295 [INFO] PluginManage:359 - Loaded plugin updater (category:base,tabindex:12)
2025-11-03 18:18:48,295 [INFO] PluginManage:310 - Check plugin userauth
2025-11-03 18:18:48,304 [INFO] UserAuth:118 - Init User Auth plugin
2025-11-03 18:18:48,307 [INFO] PluginManage:359 - Loaded plugin userauth (category:base,tabindex:14)
2025-11-03 18:18:48,309 [INFO] PluginManage:283 - PluginManage : Loaded plugins [18]
2025-11-03 18:18:48,708 [INFO] PinOutPanel:1589 - setPackage(No Configuration,No Configuration)
2025-11-03 18:18:48,915 [INFO] CADModel:165 - CPN selected for project level
2025-11-03 18:18:48,916 [INFO] CADModel:114 - Register for checkConnection events
2025-11-03 18:18:48,968 [INFO] IPUIPlugin:80 - create IPUIPlugin
2025-11-03 18:18:48,970 [INFO] PluginManager:220 - loadIPPluginJar : add adc
2025-11-03 18:18:48,979 [INFO] IPUIPlugin:80 - create IPUIPlugin
2025-11-03 18:18:48,979 [INFO] PluginManager:220 - loadIPPluginJar : add aes
2025-11-03 18:18:48,987 [INFO] IPUIPlugin:80 - create IPUIPlugin
2025-11-03 18:18:48,987 [INFO] PluginManager:220 - loadIPPluginJar : add can
2025-11-03 18:18:48,994 [INFO] IPUIPlugin:80 - create IPUIPlugin
2025-11-03 18:18:48,994 [INFO] PluginManager:220 - loadIPPluginJar : add comp
2025-11-03 18:18:49,004 [INFO] IPUIPlugin:80 - create IPUIPlugin
2025-11-03 18:18:49,004 [INFO] PluginManager:220 - loadIPPluginJar : add cryp
2025-11-03 18:18:49,012 [INFO] IPUIPlugin:80 - create IPUIPlugin
2025-11-03 18:18:49,012 [INFO] PluginManager:220 - loadIPPluginJar : add ddr_ctrl_phy
2025-11-03 18:18:49,021 [INFO] IPUIPlugin:80 - create IPUIPlugin
2025-11-03 18:18:49,022 [INFO] PluginManager:220 - loadIPPluginJar : add dfsdm
2025-11-03 18:18:49,039 [INFO] IPUIPlugin:80 - create IPUIPlugin
2025-11-03 18:18:49,040 [INFO] PluginManager:220 - loadIPPluginJar : add dma
2025-11-03 18:18:49,046 [INFO] IPUIPlugin:80 - create IPUIPlugin
2025-11-03 18:18:49,047 [INFO] PluginManager:220 - loadIPPluginJar : add dma3
2025-11-03 18:18:49,056 [INFO] IPUIPlugin:80 - create IPUIPlugin
2025-11-03 18:18:49,056 [INFO] PluginManager:220 - loadIPPluginJar : add extmemmanager
2025-11-03 18:18:49,061 [INFO] IPUIPlugin:80 - create IPUIPlugin
2025-11-03 18:18:49,061 [INFO] PluginManager:220 - loadIPPluginJar : add fatfs
2025-11-03 18:18:49,073 [INFO] IPUIPlugin:80 - create IPUIPlugin
2025-11-03 18:18:49,073 [INFO] PluginManager:220 - loadIPPluginJar : add fmc
2025-11-03 18:18:49,089 [INFO] IPUIPlugin:80 - create IPUIPlugin
2025-11-03 18:18:49,089 [INFO] PluginManager:220 - loadIPPluginJar : add freertos
2025-11-03 18:18:49,096 [INFO] IPUIPlugin:80 - create IPUIPlugin
2025-11-03 18:18:49,097 [INFO] PluginManager:220 - loadIPPluginJar : add genericplugin
2025-11-03 18:18:49,106 [INFO] IPUIPlugin:80 - create IPUIPlugin
2025-11-03 18:18:49,106 [INFO] PluginManager:220 - loadIPPluginJar : add gfxmmu
2025-11-03 18:18:49,120 [INFO] IPUIPlugin:80 - create IPUIPlugin
2025-11-03 18:18:49,121 [INFO] PluginManager:220 - loadIPPluginJar : add gic
2025-11-03 18:18:49,132 [INFO] IPUIPlugin:80 - create IPUIPlugin
2025-11-03 18:18:49,133 [INFO] PluginManager:220 - loadIPPluginJar : add gpio
2025-11-03 18:18:49,143 [INFO] IPUIPlugin:80 - create IPUIPlugin
2025-11-03 18:18:49,143 [INFO] PluginManager:220 - loadIPPluginJar : add gtzc
2025-11-03 18:18:49,149 [INFO] IPUIPlugin:80 - create IPUIPlugin
2025-11-03 18:18:49,150 [INFO] PluginManager:220 - loadIPPluginJar : add hash
2025-11-03 18:18:49,159 [INFO] IPUIPlugin:80 - create IPUIPlugin
2025-11-03 18:18:49,159 [INFO] PluginManager:220 - loadIPPluginJar : add i2c
2025-11-03 18:18:49,167 [INFO] IPUIPlugin:80 - create IPUIPlugin
2025-11-03 18:18:49,167 [INFO] PluginManager:220 - loadIPPluginJar : add i2s
2025-11-03 18:18:49,176 [INFO] IPUIPlugin:80 - create IPUIPlugin
2025-11-03 18:18:49,176 [INFO] PluginManager:220 - loadIPPluginJar : add i3c
2025-11-03 18:18:49,184 [INFO] IPUIPlugin:80 - create IPUIPlugin
2025-11-03 18:18:49,185 [INFO] PluginManager:220 - loadIPPluginJar : add ipddr
2025-11-03 18:18:49,199 [INFO] IPUIPlugin:80 - create IPUIPlugin
2025-11-03 18:18:49,199 [INFO] PluginManager:220 - loadIPPluginJar : add linkedlist
2025-11-03 18:18:49,204 [INFO] IPUIPlugin:80 - create IPUIPlugin
2025-11-03 18:18:49,204 [INFO] PluginManager:220 - loadIPPluginJar : add lorawan
2025-11-03 18:18:49,208 [INFO] IPUIPlugin:80 - create IPUIPlugin
2025-11-03 18:18:49,208 [INFO] PluginManager:220 - loadIPPluginJar : add ltdc
2025-11-03 18:18:49,222 [INFO] IPUIPlugin:80 - create IPUIPlugin
2025-11-03 18:18:49,223 [INFO] PluginManager:220 - loadIPPluginJar : add mdma
2025-11-03 18:18:49,228 [INFO] IPUIPlugin:80 - create IPUIPlugin
2025-11-03 18:18:49,228 [INFO] PluginManager:220 - loadIPPluginJar : add nvic
2025-11-03 18:18:49,235 [INFO] IPUIPlugin:80 - create IPUIPlugin
2025-11-03 18:18:49,235 [INFO] PluginManager:220 - loadIPPluginJar : add opamp
2025-11-03 18:18:49,240 [INFO] IPUIPlugin:80 - create IPUIPlugin
2025-11-03 18:18:49,242 [INFO] PluginManager:220 - loadIPPluginJar : add openamp
2025-11-03 18:18:49,247 [INFO] IPUIPlugin:80 - create IPUIPlugin
2025-11-03 18:18:49,247 [INFO] PluginManager:220 - loadIPPluginJar : add pdm2pcm
2025-11-03 18:18:49,258 [INFO] IPUIPlugin:80 - create IPUIPlugin
2025-11-03 18:18:49,263 [INFO] PluginManager:220 - loadIPPluginJar : add plateformsettings
2025-11-03 18:18:49,268 [INFO] IPUIPlugin:80 - create IPUIPlugin
2025-11-03 18:18:49,268 [INFO] PluginManager:220 - loadIPPluginJar : add quadspi
2025-11-03 18:18:49,273 [INFO] IPUIPlugin:80 - create IPUIPlugin
2025-11-03 18:18:49,274 [INFO] PluginManager:220 - loadIPPluginJar : add radio
2025-11-03 18:18:49,285 [INFO] IPUIPlugin:80 - create IPUIPlugin
2025-11-03 18:18:49,285 [INFO] PluginManager:220 - loadIPPluginJar : add resmgrutility
2025-11-03 18:18:49,293 [INFO] IPUIPlugin:80 - create IPUIPlugin
2025-11-03 18:18:49,293 [INFO] PluginManager:220 - loadIPPluginJar : add sai
2025-11-03 18:18:49,301 [INFO] IPUIPlugin:80 - create IPUIPlugin
2025-11-03 18:18:49,301 [INFO] PluginManager:220 - loadIPPluginJar : add spi
2025-11-03 18:18:49,314 [INFO] IPUIPlugin:80 - create IPUIPlugin
2025-11-03 18:18:49,314 [INFO] PluginManager:220 - loadIPPluginJar : add stm32_wpan
2025-11-03 18:18:49,318 [INFO] IPUIPlugin:80 - create IPUIPlugin
2025-11-03 18:18:49,319 [INFO] PluginManager:220 - loadIPPluginJar : add tim
2025-11-03 18:18:49,330 [INFO] IPUIPlugin:80 - create IPUIPlugin
2025-11-03 18:18:49,331 [INFO] PluginManager:220 - loadIPPluginJar : add touchsensing
2025-11-03 18:18:49,338 [INFO] IPUIPlugin:80 - create IPUIPlugin
2025-11-03 18:18:49,339 [INFO] PluginManager:220 - loadIPPluginJar : add tracer_emb
2025-11-03 18:18:49,349 [INFO] IPUIPlugin:80 - create IPUIPlugin
2025-11-03 18:18:49,349 [INFO] PluginManager:220 - loadIPPluginJar : add ts
2025-11-03 18:18:49,356 [INFO] IPUIPlugin:80 - create IPUIPlugin
2025-11-03 18:18:49,357 [INFO] PluginManager:220 - loadIPPluginJar : add tsc
2025-11-03 18:18:49,365 [INFO] IPUIPlugin:80 - create IPUIPlugin
2025-11-03 18:18:49,366 [INFO] PluginManager:220 - loadIPPluginJar : add ucpd
2025-11-03 18:18:49,377 [INFO] IPUIPlugin:80 - create IPUIPlugin
2025-11-03 18:18:49,378 [INFO] PluginManager:220 - loadIPPluginJar : add usart
2025-11-03 18:18:49,387 [INFO] IPUIPlugin:80 - create IPUIPlugin
2025-11-03 18:18:49,388 [INFO] PluginManager:220 - loadIPPluginJar : add usbx
2025-11-03 18:18:49,643 [FATAL] Updater:351 - Updater called before beeing initialized
2025-11-03 18:18:49,705 [INFO] RulesReader:64 - Compatibility file has been processed (317 Rules)
2025-11-03 18:18:49,726 [INFO] RulesReader:64 - Compatibility file has been processed (317 Rules)
2025-11-03 18:18:49,743 [INFO] CADModel:165 - CPN selected for project level
2025-11-03 18:18:49,743 [INFO] CADModel:114 - Register for checkConnection events
2025-11-03 18:18:49,744 [FATAL] Updater:351 - Updater called before beeing initialized
2025-11-03 18:18:49,744 [ERROR] CADModel:125 - Updater not yet initialized, retry later 
2025-11-03 18:18:49,998 [FATAL] Updater:351 - Updater called before beeing initialized
2025-11-03 18:18:50,001 [INFO] CADModel:165 - CPN selected for project level
2025-11-03 18:18:50,001 [INFO] CADModel:114 - Register for checkConnection events
2025-11-03 18:18:50,001 [FATAL] Updater:351 - Updater called before beeing initialized
2025-11-03 18:18:50,002 [ERROR] CADModel:125 - Updater not yet initialized, retry later 
2025-11-03 18:18:50,008 [FATAL] Updater:351 - Updater called before beeing initialized
2025-11-03 18:18:50,243 [FATAL] Updater:351 - Updater called before beeing initialized
2025-11-03 18:18:50,250 [INFO] DbMcusAds:53 - JSON generation date=Thu Oct 02 15:06:05 IST 2025 (1759397765645)
2025-11-03 18:18:50,250 [FATAL] Updater:351 - Updater called before beeing initialized
2025-11-03 18:18:50,303 [WARN] DetailPanel:346 - Failed to get advertising image, set to default
2025-11-03 18:18:50,463 [FATAL] Updater:351 - Updater called before beeing initialized
2025-11-03 18:18:50,467 [FATAL] Updater:351 - Updater called before beeing initialized
2025-11-03 18:18:50,468 [FATAL] Updater:351 - Updater called before beeing initialized
2025-11-03 18:18:50,468 [WARN] DetailPanel:346 - Failed to get advertising image, set to default
2025-11-03 18:18:50,469 [FATAL] Updater:351 - Updater called before beeing initialized
2025-11-03 18:18:50,547 [ERROR] Updater:1198 - MainUpdater not yet initialized. External WinMGr cannot be set.
2025-11-03 18:18:50,550 [INFO] Updater:1134 - Updater Version found : 6.15.0
2025-11-03 18:18:50,569 [INFO] ApplicationProperties:184 - Using Application install path: C:\ST\STM32CubeIDE_1.19.0\STM32CubeIDE\plugins\com.st.stm32cube.common.mx_6.15.0.202507011659
2025-11-03 18:18:50,921 [INFO] ThirdPartyUpdaterWithRetryManager:70 - Updater plugin not ready yet. [2/15]
2025-11-03 18:18:52,162 [ERROR] LogOutputStream:75 - [STDERR_REDIRECT] Nov 03, 2025 6:18:52 PM java.util.prefs.WindowsPreferences <init>
2025-11-03 18:18:52,166 [ERROR] LogOutputStream:75 - [STDERR_REDIRECT] WARNING: Could not open/create prefs root node Software\JavaSoft\Prefs at root 0xffffffff80000002. Windows RegCreateKeyEx(...) returned error code 5.
2025-11-03 18:18:52,167 [ERROR] LogOutputStream:75 - [STDERR_REDIRECT] 
2025-11-03 18:18:52,562 [INFO] MainUpdater:2872 - connection check result : 22
2025-11-03 18:18:52,563 [INFO] MainUpdater:289 - Updater Check For Update Now.
2025-11-03 18:18:52,564 [INFO] MicroXplorer:498 - Change Database Version : DB.6.0.150
2025-11-03 18:18:52,578 [INFO] McuFinderGlobals:63 - Set McuFinder mode to 2 (CubeIDE integrated)
2025-11-03 18:18:52,580 [INFO] UserAuth:487 - Internet connection configuration mode: 2
2025-11-03 18:18:52,597 [INFO] UserAuth:487 - Internet connection configuration mode: 2
2025-11-03 18:18:52,856 [INFO] CheckServerUpdateThread:120 - End of CheckServer Thread
2025-11-03 18:18:54,362 [WARN] PackLoader:240 - Cannot read IP mode file for STMicroelectronics.FP-SNS-MOTENVWB1.1.4.0
2025-11-03 18:18:54,379 [WARN] PackLoader:240 - Cannot read IP mode file for STMicroelectronics.FP-ATR-ASTRA1.2.0.2
2025-11-03 18:18:54,395 [WARN] PackLoader:240 - Cannot read IP mode file for STMicroelectronics.X-CUBE-SMBUS.2.1.0
2025-11-03 18:18:54,448 [WARN] PackLoader:240 - Cannot read IP mode file for STMicroelectronics.X-CUBE-AZRTOS-F7.1.1.0
2025-11-03 18:18:54,464 [WARN] PackLoader:240 - Cannot read IP mode file for Cesanta.I-CUBE-Mongoose.7.19.0
2025-11-03 18:18:54,472 [WARN] PackLoader:240 - Cannot read IP mode file for STMicroelectronics.FP-SNS-MOTENV1.5.1.0
2025-11-03 18:18:54,492 [WARN] PackLoader:240 - Cannot read IP mode file for WES.I-CUBE-Cesium.1.4.0
2025-11-03 18:18:54,534 [WARN] PackLoader:240 - Cannot read IP mode file for Infineon.AIROC-Wi-Fi-Bluetooth-STM32.1.7.1
2025-11-03 18:18:54,609 [WARN] PackLoader:240 - Cannot read IP mode file for STMicroelectronics.X-CUBE-AZRTOS-H7.3.4.0
2025-11-03 18:18:54,631 [WARN] PackLoader:240 - Cannot read IP mode file for STMicroelectronics.X-CUBE-DISPLAY.3.0.0
2025-11-03 18:18:54,659 [WARN] PackLoader:240 - Cannot read IP mode file for STMicroelectronics.X-CUBE-NFC10.1.0.0
2025-11-03 18:18:54,676 [WARN] PackLoader:240 - Cannot read IP mode file for STMicroelectronics.X-CUBE-ST60.1.1.0
2025-11-03 18:18:54,757 [WARN] PackLoader:240 - Cannot read IP mode file for emotas.I-CUBE-CANOPEN.1.3.0
2025-11-03 18:18:54,781 [WARN] PackLoader:240 - Cannot read IP mode file for STMicroelectronics.X-CUBE-GNSS1.7.1.0
2025-11-03 18:18:54,808 [WARN] PackLoader:240 - Cannot read IP mode file for STMicroelectronics.FP-SNS-STBOX1.2.1.0
2025-11-03 18:18:54,823 [WARN] PackLoader:240 - Cannot read IP mode file for STMicroelectronics.FP-SNS-SMARTAG2.1.2.0
2025-11-03 18:18:54,830 [WARN] PackLoader:240 - Cannot read IP mode file for STMicroelectronics.FP-SNS-FLIGHT1.5.1.0
2025-11-03 18:18:54,842 [INFO] LogOutputStream:77 - [STDOUT_REDIRECT] 1 : Invalid condition id : UX_CORESTACK_Condition cause : null
2025-11-03 18:18:54,843 [INFO] LogOutputStream:77 - [STDOUT_REDIRECT] 1 : Invalid condition id : UX_CORESTACK_Condition cause : null
2025-11-03 18:18:54,846 [INFO] LogOutputStream:77 - [STDOUT_REDIRECT] 1 : Invalid condition id : UX_CORESTACK_Condition cause : null
2025-11-03 18:18:54,849 [INFO] LogOutputStream:77 - [STDOUT_REDIRECT] 1 : Invalid condition id : UX_CORESTACK_Condition cause : null
2025-11-03 18:18:54,851 [INFO] LogOutputStream:77 - [STDOUT_REDIRECT] 1 : Invalid condition id : UX_CORESTACK_Condition cause : null
2025-11-03 18:18:54,857 [WARN] PackLoader:240 - Cannot read IP mode file for STMicroelectronics.X-CUBE-AZRTOS-WL.2.0.0
2025-11-03 18:18:54,871 [WARN] PackLoader:240 - Cannot read IP mode file for STMicroelectronics.X-CUBE-BLE2.3.3.0
2025-11-03 18:18:54,881 [WARN] PackLoader:240 - Cannot read IP mode file for STMicroelectronics.X-CUBE-NFC9.1.0.0
2025-11-03 18:18:54,893 [WARN] PackLoader:240 - Cannot read IP mode file for wolfSSL.I-CUBE-wolfSSL.5.8.2
2025-11-03 18:18:54,903 [WARN] PackLoader:240 - Cannot read IP mode file for STMicroelectronics.X-CUBE-BLE1.7.1.0
2025-11-03 18:18:54,911 [WARN] PackLoader:240 - Cannot read IP mode file for wolfSSL.I-CUBE-wolfMQTT.1.19.2
2025-11-03 18:18:54,920 [WARN] PackLoader:240 - Cannot read IP mode file for STMicroelectronics.X-CUBE-EEPRMA1.5.2.0
2025-11-03 18:18:54,931 [WARN] PackLoader:240 - Cannot read IP mode file for STMicroelectronics.X-CUBE-ST67W61.1.1.0
2025-11-03 18:18:54,954 [WARN] PackLoader:240 - Cannot read IP mode file for STMicroelectronics.X-CUBE-AZRTOS-G0.1.1.0
2025-11-03 18:18:54,967 [WARN] PackLoader:240 - Cannot read IP mode file for STMicroelectronics.X-CUBE-SAFEA1.1.2.2
2025-11-03 18:18:54,977 [WARN] PackLoader:240 - Cannot read IP mode file for STMicroelectronics.X-CUBE-NFC4.3.0.0
2025-11-03 18:18:54,992 [WARN] PackLoader:240 - Cannot read IP mode file for EmbeddedOffice.I-CUBE-FS-RTOS.1.0.1
2025-11-03 18:18:55,002 [WARN] PackLoader:240 - Cannot read IP mode file for STMicroelectronics.X-CUBE-WB05N.2.0.0
2025-11-03 18:18:55,009 [WARN] PackLoader:240 - Cannot read IP mode file for wolfSSL.I-CUBE-wolfTPM.3.8.0
2025-11-03 18:18:55,018 [WARN] PackLoader:240 - Cannot read IP mode file for STMicroelectronics.X-CUBE-TCPP.4.2.0
2025-11-03 18:18:55,029 [WARN] PackLoader:240 - Cannot read IP mode file for RealThread.X-CUBE-RT-Thread_Nano.4.1.1
2025-11-03 18:18:55,038 [WARN] PackLoader:240 - Cannot read IP mode file for STMicroelectronics.FP-ATR-SIGFOX1.3.2.0
2025-11-03 18:18:55,051 [WARN] PackLoader:240 - Cannot read IP mode file for ITTIA_DB.I-CUBE-ITTIADB.8.9.0
2025-11-03 18:18:55,061 [WARN] PackLoader:240 - Cannot read IP mode file for STMicroelectronics.X-CUBE-AI.10.2.0
2025-11-03 18:18:55,092 [WARN] PackLoader:240 - Cannot read IP mode file for SEGGER.I-CUBE-embOS.1.3.1
2025-11-03 18:18:55,181 [WARN] PackLoader:240 - Cannot read IP mode file for STMicroelectronics.X-CUBE-ALGOBUILD.1.4.0
2025-11-03 18:18:55,254 [WARN] PackLoader:240 - Cannot read IP mode file for STMicroelectronics.X-CUBE-MEMS1.11.3.0
2025-11-03 18:18:55,441 [WARN] PackLoader:240 - Cannot read IP mode file for STMicroelectronics.X-CUBE-PM33A1.1.0.0
2025-11-03 18:18:55,470 [WARN] PackLoader:240 - Cannot read IP mode file for STMicroelectronics.X-CUBE-AZRTOS-F4.1.1.0
2025-11-03 18:18:55,483 [WARN] PackLoader:240 - Cannot read IP mode file for STMicroelectronics.X-CUBE-ISPU.2.1.0
2025-11-03 18:18:55,509 [WARN] PackLoader:240 - Cannot read IP mode file for STMicroelectronics.X-CUBE-IPS.3.2.0
2025-11-03 18:18:55,534 [WARN] PackLoader:240 - Cannot read IP mode file for STMicroelectronics.X-CUBE-NFC12.1.0.0
2025-11-03 18:18:55,604 [WARN] PackLoader:240 - Cannot read IP mode file for STMicroelectronics.X-CUBE-AZRTOS-L5.2.0.0
2025-11-03 18:18:55,622 [WARN] PackLoader:240 - Cannot read IP mode file for STMicroelectronics.X-CUBE-NFC6.3.1.0
2025-11-03 18:18:55,635 [WARN] PackLoader:240 - Cannot read IP mode file for STMicroelectronics.X-CUBE-FREERTOS.1.3.1
2025-11-03 18:18:55,648 [WARN] PackLoader:240 - Cannot read IP mode file for STMicroelectronics.X-CUBE-TOUCHGFX.4.26.0
2025-11-03 18:18:55,663 [WARN] PackLoader:240 - Cannot read IP mode file for STMicroelectronics.FP-SNS-STAIOTCFT.1.0.0
2025-11-03 18:18:55,675 [WARN] PackLoader:240 - Cannot read IP mode file for STMicroelectronics.X-CUBE-DPower.1.3.0
2025-11-03 18:18:55,696 [WARN] ConditionMgr:438 - getConditionDescription Invalid condition id : LAN8742 Phy interface Condition cause : null
2025-11-03 18:18:55,697 [WARN] PackLoader:240 - Cannot read IP mode file for STMicroelectronics.X-CUBE-AZRTOS-L4.2.0.0
2025-11-03 18:18:55,698 [WARN] ConditionMgr:1044 - genDependencies : Invalid condition id : LAN8742 Phy interface Condition cause : null
2025-11-03 18:18:55,699 [WARN] ConditionMgr:1044 - genDependencies : Invalid condition id : LAN8742 Phy interface Condition cause : null
2025-11-03 18:18:55,699 [WARN] ConditionMgr:1044 - genDependencies : Invalid condition id : LAN8742 Phy interface Condition cause : null
2025-11-03 18:18:55,711 [WARN] PackLoader:240 - Cannot read IP mode file for STMicroelectronics.X-CUBE-SFXS2LP1.4.0.0
2025-11-03 18:18:55,731 [WARN] PackLoader:240 - Cannot read IP mode file for STMicroelectronics.X-CUBE-BLEMGR.4.1.0
2025-11-03 18:18:55,753 [WARN] ConditionMgr:438 - getConditionDescription Invalid condition id : UX DEVICE CLASS RTOS Condition cause : null
2025-11-03 18:18:55,753 [WARN] ConditionMgr:438 - getConditionDescription Invalid condition id : UX DEVICE CLASS RTOS Condition cause : null
2025-11-03 18:18:55,755 [WARN] PackLoader:240 - Cannot read IP mode file for STMicroelectronics.X-CUBE-AZRTOS-WB.2.0.0
2025-11-03 18:18:55,755 [WARN] ConditionMgr:1044 - genDependencies : Invalid condition id : UX DEVICE CLASS RTOS Condition cause : null
2025-11-03 18:18:55,756 [WARN] ConditionMgr:1044 - genDependencies : Invalid condition id : UX DEVICE CLASS RTOS Condition cause : null
2025-11-03 18:18:55,756 [WARN] ConditionMgr:1044 - genDependencies : Invalid condition id : UX DEVICE CLASS RTOS Condition cause : null
2025-11-03 18:18:55,756 [WARN] ConditionMgr:1044 - genDependencies : Invalid condition id : UX DEVICE CLASS RTOS Condition cause : null
2025-11-03 18:18:55,756 [WARN] ConditionMgr:1044 - genDependencies : Invalid condition id : UX DEVICE CLASS RTOS Condition cause : null
2025-11-03 18:18:55,763 [WARN] PackLoader:240 - Cannot read IP mode file for STMicroelectronics.X-CUBE-GNSS1.7.0.1
2025-11-03 18:18:55,771 [WARN] ConditionMgr:438 - getConditionDescription Invalid condition id : Cortex-A Device cause : null
2025-11-03 18:18:55,790 [WARN] ConditionMgr:1044 - genDependencies : Invalid condition id : Cortex-A Device cause : null
2025-11-03 18:18:55,790 [WARN] ConditionMgr:1044 - genDependencies : Invalid condition id : Cortex-A Device cause : null
2025-11-03 18:18:55,790 [WARN] ConditionMgr:1044 - genDependencies : Invalid condition id : Cortex-A Device cause : null
2025-11-03 18:18:55,806 [WARN] PackLoader:240 - Cannot read IP mode file for STMicroelectronics.X-CUBE-SUBG2.5.0.0
2025-11-03 18:18:55,846 [WARN] PackLoader:240 - Cannot read IP mode file for STMicroelectronics.X-CUBE-AZRTOS-H7RS.1.1.0
2025-11-03 18:18:55,870 [WARN] PackLoader:240 - Cannot read IP mode file for STMicroelectronics.X-CUBE-AZRTOS-G4.2.0.0
2025-11-03 18:18:55,879 [WARN] PackLoader:240 - Cannot read IP mode file for wolfSSL.I-CUBE-wolfSSH.1.4.20
2025-11-03 18:18:55,888 [WARN] PackLoader:240 - Cannot read IP mode file for STMicroelectronics.X-CUBE-NFC7.2.0.0
2025-11-03 18:18:55,896 [WARN] PackLoader:240 - Cannot read IP mode file for STMicroelectronics.X-CUBE-ALS.1.0.2
2025-11-03 18:18:55,907 [WARN] PackLoader:240 - Cannot read IP mode file for STMicroelectronics.X-CUBE-STSE01.1.0.0
2025-11-03 18:18:55,926 [WARN] PackLoader:240 - Cannot read IP mode file for STMicroelectronics.X-CUBE-TOF1.3.4.3
2025-11-03 18:18:55,941 [INFO] ThirdParty:978 - Integrity check success = true
2025-11-03 18:18:55,942 [INFO] IntegrityCheckThread:100 - exiting critical section [integrity check]
2025-11-03 18:18:55,942 [INFO] IntegrityCheckThread:103 - End integrity checks thread
2025-11-03 18:21:42,570 [ERROR] ConfigurationRetriever:142 - IOException on connection: sw-center.st.com
2025-11-03 18:21:42,571 [ERROR] ConfigurationRetriever:142 - IOException on connection: sw-center.st.com
2025-11-03 18:21:42,573 [ERROR] ConfigurationRetriever:142 - IOException on connection: sw-center.st.com
2025-11-03 18:45:00,848 [ERROR] LogOutputStream:75 - [STDERR_REDIRECT] 
