2025-11-03 11:38:10,719 [INFO] Activator:176 - 


2025-11-03 11:38:10,725 [INFO] Activator:177 - !SESSION log4j initialized
2025-11-03 11:38:16,538 [INFO] LogOutputStream:77 - [STDOUT_REDIRECT] 
2025-11-03 11:38:17,511 [INFO] ApplicationProperties:184 - Using Application install path: C:\ST\STM32CubeIDE_1.19.0\STM32CubeIDE\plugins\com.st.stm32cube.common.mx_6.15.0.202507011659
2025-11-03 11:38:17,541 [INFO] DbMcusXml:78 - Set database path to: C:\ST\STM32CubeIDE_1.19.0\STM32CubeIDE\plugins\com.st.stm32cube.common.mx_6.15.0.202507011659\\db\/mcu/
2025-11-03 11:38:17,541 [INFO] ApiDb:274 - Set plugin database path to: C:\ST\STM32CubeIDE_1.19.0\STM32CubeIDE\plugins\com.st.stm32cube.common.mx_6.15.0.202507011659\\db\/plugins/boardmanager/
2025-11-03 11:38:17,542 [WARN] ApiDb:259 - Overriding images path with different value:  => C:\ST\STM32CubeIDE_1.19.0\STM32CubeIDE\plugins\com.st.stm32cube.common.mx_6.15.0.202507011659\\db\/plugins/mcufinder/images/
2025-11-03 11:38:17,554 [INFO] ApiDb:250 - Set database path to: C:\Users\Himshree\.stmcufinder\plugins\mcufinder//mcu/
2025-11-03 11:38:17,556 [INFO] DbMcusAds:125 - Set database path to: C:\Users\Himshree\.stmcufinder\plugins\mcufinder//mcu/
2025-11-03 11:38:17,562 [INFO] CrossReferenceDbSqlite:203 - Set database path to: C:\Users\Himshree\.stmcufinder\plugins\mcufinder//mcu/cs/
2025-11-03 11:38:17,771 [INFO] RulesReader:64 - Compatibility file has been processed (317 Rules)
2025-11-03 11:38:17,900 [INFO] DbMcusXml:78 - Set database path to: C:\ST\STM32CubeIDE_1.19.0\STM32CubeIDE\plugins\com.st.stm32cube.common.mx_6.15.0.202507011659\\db\/mcu/
2025-11-03 11:38:17,900 [INFO] ApiDb:274 - Set plugin database path to: C:\ST\STM32CubeIDE_1.19.0\STM32CubeIDE\plugins\com.st.stm32cube.common.mx_6.15.0.202507011659\\db\/plugins/boardmanager/
2025-11-03 11:38:17,900 [INFO] ApiDb:261 - Set plugin images path to: C:\ST\STM32CubeIDE_1.19.0\STM32CubeIDE\plugins\com.st.stm32cube.common.mx_6.15.0.202507011659\\db\/plugins/mcufinder/images/
2025-11-03 11:38:17,902 [WARN] DbFile:41 - Overriding database path with different value: C:\Users\Himshree\.stmcufinder\plugins\mcufinder/ => C:\Users\Himshree\.stmcufinder\plugins\mcufinder
2025-11-03 11:38:17,902 [INFO] ApiDb:250 - Set database path to: C:\Users\Himshree\.stmcufinder\plugins\mcufinder//mcu/
2025-11-03 11:38:17,902 [WARN] DbFile:41 - Overriding database path with different value: C:\Users\Himshree\.stmcufinder\plugins\mcufinder/ => C:\Users\Himshree\.stmcufinder\plugins\mcufinder
2025-11-03 11:38:17,902 [INFO] DbMcusAds:125 - Set database path to: C:\Users\Himshree\.stmcufinder\plugins\mcufinder//mcu/
2025-11-03 11:38:17,902 [WARN] DbFile:41 - Overriding database path with different value: C:\Users\Himshree\.stmcufinder\plugins\mcufinder/ => C:\Users\Himshree\.stmcufinder\plugins\mcufinder
2025-11-03 11:38:17,902 [WARN] DbFile:41 - Overriding database path with different value: C:\Users\Himshree\.stmcufinder\plugins\mcufinder/ => C:\Users\Himshree\.stmcufinder\plugins\mcufinder
2025-11-03 11:38:17,902 [INFO] CrossReferenceDbSqlite:203 - Set database path to: C:\Users\Himshree\.stmcufinder\plugins\mcufinder//mcu/cs/
2025-11-03 11:38:17,995 [INFO] MainPanel:274 - HeapMemory: 268435456
2025-11-03 11:38:18,111 [INFO] DbMcusXml:78 - Set database path to: C:\ST\STM32CubeIDE_1.19.0\STM32CubeIDE\plugins\com.st.stm32cube.common.mx_6.15.0.202507011659\\db\/mcu/
2025-11-03 11:38:18,111 [INFO] ApiDb:274 - Set plugin database path to: C:\ST\STM32CubeIDE_1.19.0\STM32CubeIDE\plugins\com.st.stm32cube.common.mx_6.15.0.202507011659\\db\/plugins/boardmanager/
2025-11-03 11:38:18,111 [INFO] ApiDb:261 - Set plugin images path to: C:\ST\STM32CubeIDE_1.19.0\STM32CubeIDE\plugins\com.st.stm32cube.common.mx_6.15.0.202507011659\\db\/plugins/mcufinder/images/
2025-11-03 11:38:18,112 [WARN] DbFile:41 - Overriding database path with different value: C:\Users\Himshree\.stmcufinder\plugins\mcufinder/ => C:\Users\Himshree\.stmcufinder\plugins\mcufinder
2025-11-03 11:38:18,112 [INFO] ApiDb:250 - Set database path to: C:\Users\Himshree\.stmcufinder\plugins\mcufinder//mcu/
2025-11-03 11:38:18,112 [WARN] DbFile:41 - Overriding database path with different value: C:\Users\Himshree\.stmcufinder\plugins\mcufinder/ => C:\Users\Himshree\.stmcufinder\plugins\mcufinder
2025-11-03 11:38:18,112 [INFO] DbMcusAds:125 - Set database path to: C:\Users\Himshree\.stmcufinder\plugins\mcufinder//mcu/
2025-11-03 11:38:18,112 [WARN] DbFile:41 - Overriding database path with different value: C:\Users\Himshree\.stmcufinder\plugins\mcufinder/ => C:\Users\Himshree\.stmcufinder\plugins\mcufinder
2025-11-03 11:38:18,112 [WARN] DbFile:41 - Overriding database path with different value: C:\Users\Himshree\.stmcufinder\plugins\mcufinder/ => C:\Users\Himshree\.stmcufinder\plugins\mcufinder
2025-11-03 11:38:18,112 [INFO] CrossReferenceDbSqlite:203 - Set database path to: C:\Users\Himshree\.stmcufinder\plugins\mcufinder//mcu/cs/
2025-11-03 11:38:18,132 [INFO] ApplicationProperties:184 - Using Application install path: C:\ST\STM32CubeIDE_1.19.0\STM32CubeIDE\plugins\com.st.stm32cube.common.mx_6.15.0.202507011659
2025-11-03 11:38:18,135 [INFO] PluginManage:196 - Search for loadable plugins [exclusion list=, ]
2025-11-03 11:38:18,136 [INFO] PluginManage:310 - Check plugin analytics
2025-11-03 11:38:18,351 [INFO] AnalyticsPlugin:253 - Accepted Software Licenses: 
2025-11-03 11:38:18,351 [INFO] AnalyticsPlugin:255 - Accepted CMSIS Pack Licenses: 
2025-11-03 11:38:18,352 [INFO] AnalyticsPlugin:257 - Accepted Firmware Licenses: FW.F4.1.28.0,FW.L4.1.18.0
2025-11-03 11:38:18,356 [INFO] PluginManage:359 - Loaded plugin analytics (category:tool,tabindex:-1)
2025-11-03 11:38:18,357 [INFO] PluginManage:310 - Check plugin cadmodel
2025-11-03 11:38:18,366 [INFO] CADModel:105 - Init CAD model plugin
2025-11-03 11:38:18,366 [INFO] PluginManage:359 - Loaded plugin cadmodel (category:power,tabindex:5)
2025-11-03 11:38:18,367 [INFO] PluginManage:310 - Check plugin clock
2025-11-03 11:38:18,381 [INFO] PluginManage:359 - Loaded plugin clock (category:base,tabindex:2)
2025-11-03 11:38:18,382 [INFO] PluginManage:310 - Check plugin ddr
2025-11-03 11:38:18,386 [INFO] PluginManage:359 - Loaded plugin ddr (category:tool,tabindex:6)
2025-11-03 11:38:18,386 [INFO] PluginManage:310 - Check plugin filemanager
2025-11-03 11:38:18,567 [INFO] PluginManage:359 - Loaded plugin filemanager (category:base,tabindex:10)
2025-11-03 11:38:18,568 [INFO] PluginManage:310 - Check plugin ipmanager
2025-11-03 11:38:18,576 [INFO] PluginManage:359 - Loaded plugin ipmanager (category:base,tabindex:5)
2025-11-03 11:38:18,576 [INFO] PluginManage:310 - Check plugin lpbam
2025-11-03 11:38:18,585 [INFO] PluginManage:359 - Loaded plugin lpbam (category:base,tabindex:0)
2025-11-03 11:38:18,585 [INFO] PluginManage:310 - Check plugin memorymap
2025-11-03 11:38:18,600 [INFO] PluginManage:359 - Loaded plugin memorymap (category:base,tabindex:4)
2025-11-03 11:38:18,601 [INFO] PluginManage:310 - Check plugin pinoutandconfiguration
2025-11-03 11:38:18,609 [INFO] PluginManage:359 - Loaded plugin pinoutandconfiguration (category:base,tabindex:1)
2025-11-03 11:38:18,610 [INFO] PluginManage:310 - Check plugin pinoutconfig
2025-11-03 11:38:18,699 [WARN] SupportedApi:132 - Cannot load RTOS API schema: s4s-elt-must-match.1: The content of 'definitions' must match (annotation?, (simpleType | complexType)?, (unique | key | keyref)*)). A problem was found starting at: attribute.
2025-11-03 11:38:18,848 [INFO] PluginManage:359 - Loaded plugin pinoutconfig (category:base,tabindex:0)
2025-11-03 11:38:18,848 [INFO] PluginManage:310 - Check plugin power
2025-11-03 11:38:18,861 [INFO] PluginManage:359 - Loaded plugin power (category:power,tabindex:4)
2025-11-03 11:38:18,861 [INFO] PluginManage:310 - Check plugin projectmanager
2025-11-03 11:38:18,884 [INFO] PluginManage:359 - Loaded plugin projectmanager (category:projectmanager,tabindex:4)
2025-11-03 11:38:18,884 [INFO] PluginManage:310 - Check plugin rif
2025-11-03 11:38:18,897 [INFO] PluginManage:359 - Loaded plugin rif (category:base,tabindex:3)
2025-11-03 11:38:18,897 [INFO] PluginManage:310 - Check plugin thirdparty
2025-11-03 11:38:19,049 [INFO] PluginManage:359 - Loaded plugin thirdparty (category:base,tabindex:-1)
2025-11-03 11:38:19,049 [WARN] IntegrityCheckThread:84 - waiting for thirdparty lock release [integrity check]
2025-11-03 11:38:19,049 [INFO] IntegrityCheckThread:86 - entering critical section [integrity check]
2025-11-03 11:38:19,049 [INFO] PluginManage:310 - Check plugin tools
2025-11-03 11:38:19,050 [INFO] ThirdPartyUpdaterWithRetryManager:70 - Updater plugin not ready yet. [1/15]
2025-11-03 11:38:19,054 [INFO] PluginManage:359 - Loaded plugin tools (category:base,tabindex:7)
2025-11-03 11:38:19,054 [INFO] PluginManage:310 - Check plugin tutovideos
2025-11-03 11:38:19,300 [INFO] PluginManage:359 - Loaded plugin tutovideos (category:base,tabindex:-1)
2025-11-03 11:38:19,302 [INFO] PluginManage:310 - Check plugin updater
2025-11-03 11:38:19,330 [INFO] PluginManage:359 - Loaded plugin updater (category:base,tabindex:12)
2025-11-03 11:38:19,331 [INFO] PluginManage:310 - Check plugin userauth
2025-11-03 11:38:19,336 [INFO] UserAuth:118 - Init User Auth plugin
2025-11-03 11:38:19,337 [INFO] PluginManage:359 - Loaded plugin userauth (category:base,tabindex:14)
2025-11-03 11:38:19,339 [INFO] PluginManage:283 - PluginManage : Loaded plugins [18]
2025-11-03 11:38:19,614 [INFO] PinOutPanel:1589 - setPackage(No Configuration,No Configuration)
2025-11-03 11:38:19,710 [INFO] CADModel:165 - CPN selected for project level
2025-11-03 11:38:19,710 [INFO] CADModel:114 - Register for checkConnection events
2025-11-03 11:38:19,728 [INFO] IPUIPlugin:80 - create IPUIPlugin
2025-11-03 11:38:19,728 [INFO] PluginManager:220 - loadIPPluginJar : add adc
2025-11-03 11:38:19,732 [INFO] IPUIPlugin:80 - create IPUIPlugin
2025-11-03 11:38:19,732 [INFO] PluginManager:220 - loadIPPluginJar : add aes
2025-11-03 11:38:19,735 [INFO] IPUIPlugin:80 - create IPUIPlugin
2025-11-03 11:38:19,735 [INFO] PluginManager:220 - loadIPPluginJar : add can
2025-11-03 11:38:19,737 [INFO] IPUIPlugin:80 - create IPUIPlugin
2025-11-03 11:38:19,738 [INFO] PluginManager:220 - loadIPPluginJar : add comp
2025-11-03 11:38:19,741 [INFO] IPUIPlugin:80 - create IPUIPlugin
2025-11-03 11:38:19,741 [INFO] PluginManager:220 - loadIPPluginJar : add cryp
2025-11-03 11:38:19,744 [INFO] IPUIPlugin:80 - create IPUIPlugin
2025-11-03 11:38:19,744 [INFO] PluginManager:220 - loadIPPluginJar : add ddr_ctrl_phy
2025-11-03 11:38:19,746 [INFO] IPUIPlugin:80 - create IPUIPlugin
2025-11-03 11:38:19,746 [INFO] PluginManager:220 - loadIPPluginJar : add dfsdm
2025-11-03 11:38:19,753 [INFO] IPUIPlugin:80 - create IPUIPlugin
2025-11-03 11:38:19,753 [INFO] PluginManager:220 - loadIPPluginJar : add dma
2025-11-03 11:38:19,756 [INFO] IPUIPlugin:80 - create IPUIPlugin
2025-11-03 11:38:19,756 [INFO] PluginManager:220 - loadIPPluginJar : add dma3
2025-11-03 11:38:19,760 [INFO] IPUIPlugin:80 - create IPUIPlugin
2025-11-03 11:38:19,760 [INFO] PluginManager:220 - loadIPPluginJar : add extmemmanager
2025-11-03 11:38:19,762 [INFO] IPUIPlugin:80 - create IPUIPlugin
2025-11-03 11:38:19,762 [INFO] PluginManager:220 - loadIPPluginJar : add fatfs
2025-11-03 11:38:19,767 [INFO] IPUIPlugin:80 - create IPUIPlugin
2025-11-03 11:38:19,767 [INFO] PluginManager:220 - loadIPPluginJar : add fmc
2025-11-03 11:38:19,774 [INFO] IPUIPlugin:80 - create IPUIPlugin
2025-11-03 11:38:19,774 [INFO] PluginManager:220 - loadIPPluginJar : add freertos
2025-11-03 11:38:19,775 [INFO] IPUIPlugin:80 - create IPUIPlugin
2025-11-03 11:38:19,775 [INFO] PluginManager:220 - loadIPPluginJar : add genericplugin
2025-11-03 11:38:19,777 [INFO] IPUIPlugin:80 - create IPUIPlugin
2025-11-03 11:38:19,778 [INFO] PluginManager:220 - loadIPPluginJar : add gfxmmu
2025-11-03 11:38:19,782 [INFO] IPUIPlugin:80 - create IPUIPlugin
2025-11-03 11:38:19,782 [INFO] PluginManager:220 - loadIPPluginJar : add gic
2025-11-03 11:38:19,786 [INFO] IPUIPlugin:80 - create IPUIPlugin
2025-11-03 11:38:19,786 [INFO] PluginManager:220 - loadIPPluginJar : add gpio
2025-11-03 11:38:19,788 [INFO] IPUIPlugin:80 - create IPUIPlugin
2025-11-03 11:38:19,789 [INFO] PluginManager:220 - loadIPPluginJar : add gtzc
2025-11-03 11:38:19,791 [INFO] IPUIPlugin:80 - create IPUIPlugin
2025-11-03 11:38:19,791 [INFO] PluginManager:220 - loadIPPluginJar : add hash
2025-11-03 11:38:19,794 [INFO] IPUIPlugin:80 - create IPUIPlugin
2025-11-03 11:38:19,794 [INFO] PluginManager:220 - loadIPPluginJar : add i2c
2025-11-03 11:38:19,796 [INFO] IPUIPlugin:80 - create IPUIPlugin
2025-11-03 11:38:19,797 [INFO] PluginManager:220 - loadIPPluginJar : add i2s
2025-11-03 11:38:19,800 [INFO] IPUIPlugin:80 - create IPUIPlugin
2025-11-03 11:38:19,800 [INFO] PluginManager:220 - loadIPPluginJar : add i3c
2025-11-03 11:38:19,803 [INFO] IPUIPlugin:80 - create IPUIPlugin
2025-11-03 11:38:19,803 [INFO] PluginManager:220 - loadIPPluginJar : add ipddr
2025-11-03 11:38:19,810 [INFO] IPUIPlugin:80 - create IPUIPlugin
2025-11-03 11:38:19,810 [INFO] PluginManager:220 - loadIPPluginJar : add linkedlist
2025-11-03 11:38:19,812 [INFO] IPUIPlugin:80 - create IPUIPlugin
2025-11-03 11:38:19,812 [INFO] PluginManager:220 - loadIPPluginJar : add lorawan
2025-11-03 11:38:19,815 [INFO] IPUIPlugin:80 - create IPUIPlugin
2025-11-03 11:38:19,815 [INFO] PluginManager:220 - loadIPPluginJar : add ltdc
2025-11-03 11:38:19,820 [INFO] IPUIPlugin:80 - create IPUIPlugin
2025-11-03 11:38:19,820 [INFO] PluginManager:220 - loadIPPluginJar : add mdma
2025-11-03 11:38:19,824 [INFO] IPUIPlugin:80 - create IPUIPlugin
2025-11-03 11:38:19,824 [INFO] PluginManager:220 - loadIPPluginJar : add nvic
2025-11-03 11:38:19,827 [INFO] IPUIPlugin:80 - create IPUIPlugin
2025-11-03 11:38:19,827 [INFO] PluginManager:220 - loadIPPluginJar : add opamp
2025-11-03 11:38:19,830 [INFO] IPUIPlugin:80 - create IPUIPlugin
2025-11-03 11:38:19,831 [INFO] PluginManager:220 - loadIPPluginJar : add openamp
2025-11-03 11:38:19,834 [INFO] IPUIPlugin:80 - create IPUIPlugin
2025-11-03 11:38:19,834 [INFO] PluginManager:220 - loadIPPluginJar : add pdm2pcm
2025-11-03 11:38:19,839 [INFO] IPUIPlugin:80 - create IPUIPlugin
2025-11-03 11:38:19,843 [INFO] PluginManager:220 - loadIPPluginJar : add plateformsettings
2025-11-03 11:38:19,844 [INFO] IPUIPlugin:80 - create IPUIPlugin
2025-11-03 11:38:19,844 [INFO] PluginManager:220 - loadIPPluginJar : add quadspi
2025-11-03 11:38:19,846 [INFO] IPUIPlugin:80 - create IPUIPlugin
2025-11-03 11:38:19,847 [INFO] PluginManager:220 - loadIPPluginJar : add radio
2025-11-03 11:38:19,851 [INFO] IPUIPlugin:80 - create IPUIPlugin
2025-11-03 11:38:19,851 [INFO] PluginManager:220 - loadIPPluginJar : add resmgrutility
2025-11-03 11:38:19,855 [INFO] IPUIPlugin:80 - create IPUIPlugin
2025-11-03 11:38:19,855 [INFO] PluginManager:220 - loadIPPluginJar : add sai
2025-11-03 11:38:19,859 [INFO] IPUIPlugin:80 - create IPUIPlugin
2025-11-03 11:38:19,859 [INFO] PluginManager:220 - loadIPPluginJar : add spi
2025-11-03 11:38:19,866 [INFO] IPUIPlugin:80 - create IPUIPlugin
2025-11-03 11:38:19,866 [INFO] PluginManager:220 - loadIPPluginJar : add stm32_wpan
2025-11-03 11:38:19,868 [INFO] IPUIPlugin:80 - create IPUIPlugin
2025-11-03 11:38:19,868 [INFO] PluginManager:220 - loadIPPluginJar : add tim
2025-11-03 11:38:19,872 [INFO] IPUIPlugin:80 - create IPUIPlugin
2025-11-03 11:38:19,872 [INFO] PluginManager:220 - loadIPPluginJar : add touchsensing
2025-11-03 11:38:19,874 [INFO] IPUIPlugin:80 - create IPUIPlugin
2025-11-03 11:38:19,875 [INFO] PluginManager:220 - loadIPPluginJar : add tracer_emb
2025-11-03 11:38:19,878 [INFO] IPUIPlugin:80 - create IPUIPlugin
2025-11-03 11:38:19,878 [INFO] PluginManager:220 - loadIPPluginJar : add ts
2025-11-03 11:38:19,880 [INFO] IPUIPlugin:80 - create IPUIPlugin
2025-11-03 11:38:19,880 [INFO] PluginManager:220 - loadIPPluginJar : add tsc
2025-11-03 11:38:19,884 [INFO] IPUIPlugin:80 - create IPUIPlugin
2025-11-03 11:38:19,884 [INFO] PluginManager:220 - loadIPPluginJar : add ucpd
2025-11-03 11:38:19,886 [INFO] IPUIPlugin:80 - create IPUIPlugin
2025-11-03 11:38:19,887 [INFO] PluginManager:220 - loadIPPluginJar : add usart
2025-11-03 11:38:19,891 [INFO] IPUIPlugin:80 - create IPUIPlugin
2025-11-03 11:38:19,891 [INFO] PluginManager:220 - loadIPPluginJar : add usbx
2025-11-03 11:38:20,032 [FATAL] Updater:351 - Updater called before beeing initialized
2025-11-03 11:38:20,065 [INFO] RulesReader:64 - Compatibility file has been processed (317 Rules)
2025-11-03 11:38:20,078 [INFO] RulesReader:64 - Compatibility file has been processed (317 Rules)
2025-11-03 11:38:20,087 [INFO] CADModel:165 - CPN selected for project level
2025-11-03 11:38:20,087 [INFO] CADModel:114 - Register for checkConnection events
2025-11-03 11:38:20,087 [FATAL] Updater:351 - Updater called before beeing initialized
2025-11-03 11:38:20,087 [ERROR] CADModel:125 - Updater not yet initialized, retry later 
2025-11-03 11:38:20,259 [FATAL] Updater:351 - Updater called before beeing initialized
2025-11-03 11:38:20,261 [INFO] CADModel:165 - CPN selected for project level
2025-11-03 11:38:20,262 [INFO] CADModel:114 - Register for checkConnection events
2025-11-03 11:38:20,262 [FATAL] Updater:351 - Updater called before beeing initialized
2025-11-03 11:38:20,262 [ERROR] CADModel:125 - Updater not yet initialized, retry later 
2025-11-03 11:38:20,265 [FATAL] Updater:351 - Updater called before beeing initialized
2025-11-03 11:38:20,379 [FATAL] Updater:351 - Updater called before beeing initialized
2025-11-03 11:38:20,383 [INFO] DbMcusAds:53 - JSON generation date=Thu Oct 02 15:06:05 IST 2025 (1759397765645)
2025-11-03 11:38:20,383 [FATAL] Updater:351 - Updater called before beeing initialized
2025-11-03 11:38:20,421 [WARN] DetailPanel:346 - Failed to get advertising image, set to default
2025-11-03 11:38:20,515 [FATAL] Updater:351 - Updater called before beeing initialized
2025-11-03 11:38:20,517 [FATAL] Updater:351 - Updater called before beeing initialized
2025-11-03 11:38:20,518 [FATAL] Updater:351 - Updater called before beeing initialized
2025-11-03 11:38:20,518 [WARN] DetailPanel:346 - Failed to get advertising image, set to default
2025-11-03 11:38:20,519 [FATAL] Updater:351 - Updater called before beeing initialized
2025-11-03 11:38:20,564 [ERROR] Updater:1198 - MainUpdater not yet initialized. External WinMGr cannot be set.
2025-11-03 11:38:20,567 [INFO] Updater:1134 - Updater Version found : 6.15.0
2025-11-03 11:38:20,592 [INFO] ApplicationProperties:184 - Using Application install path: C:\ST\STM32CubeIDE_1.19.0\STM32CubeIDE\plugins\com.st.stm32cube.common.mx_6.15.0.202507011659
2025-11-03 11:38:22,052 [INFO] ThirdPartyUpdaterWithRetryManager:70 - Updater plugin not ready yet. [2/15]
2025-11-03 11:38:22,169 [ERROR] LogOutputStream:75 - [STDERR_REDIRECT] Nov 03, 2025 11:38:22 AM java.util.prefs.WindowsPreferences <init>
2025-11-03 11:38:22,170 [ERROR] LogOutputStream:75 - [STDERR_REDIRECT] WARNING: Could not open/create prefs root node Software\JavaSoft\Prefs at root 0xffffffff80000002. Windows RegCreateKeyEx(...) returned error code 5.
2025-11-03 11:38:22,170 [ERROR] LogOutputStream:75 - [STDERR_REDIRECT] 
2025-11-03 11:38:22,507 [INFO] MainUpdater:2872 - connection check result : 10
2025-11-03 11:38:22,508 [INFO] MainUpdater:289 - Updater Check For Update Now.
2025-11-03 11:38:22,509 [INFO] MicroXplorer:498 - Change Database Version : DB.6.0.150
2025-11-03 11:38:22,520 [INFO] McuFinderGlobals:63 - Set McuFinder mode to 2 (CubeIDE integrated)
2025-11-03 11:38:22,522 [INFO] UserAuth:487 - Internet connection configuration mode: 1
2025-11-03 11:38:22,567 [INFO] JxBrowserEngine:152 - Initiate JxBrowser Engine with user profile folder
2025-11-03 11:38:22,743 [INFO] CheckServerUpdateThread:120 - End of CheckServer Thread
2025-11-03 11:38:23,408 [INFO] WebApp:169 - Instantiating new browser for Auth
2025-11-03 11:38:24,387 [INFO] WebApp:463 - Apply proxy settings
2025-11-03 11:38:24,388 [INFO] WebApp:548 - Chromium requires no authentication
2025-11-03 11:38:24,405 [INFO] WebApp:491 - Direct internet connection detected
2025-11-03 11:38:24,461 [INFO] WebApp:900 - Register for checkConnection events
2025-11-03 11:38:24,462 [INFO] WebApp:463 - Apply proxy settings
2025-11-03 11:38:24,462 [INFO] WebApp:548 - Chromium requires no authentication
2025-11-03 11:38:24,463 [INFO] WebApp:491 - Direct internet connection detected
2025-11-03 11:38:24,663 [INFO] WebApp:191 - Connection restablished
2025-11-03 11:38:24,755 [INFO] WebApp:225 - Starting web application
2025-11-03 11:38:24,756 [INFO] WebApp:593 - Web application path used C:\ST\STM32CubeIDE_1.19.0\STM32CubeIDE\plugins\com.st.stm32cube.common.mx_6.15.0.202507011659\db\plugins\mcufinder\reactClient1\index.html
2025-11-03 11:38:24,965 [INFO] UserAuth:487 - Internet connection configuration mode: 1
2025-11-03 11:38:25,789 [WARN] PackLoader:240 - Cannot read IP mode file for STMicroelectronics.FP-SNS-MOTENVWB1.1.4.0
2025-11-03 11:38:25,817 [WARN] PackLoader:240 - Cannot read IP mode file for STMicroelectronics.FP-ATR-ASTRA1.2.0.2
2025-11-03 11:38:25,842 [WARN] PackLoader:240 - Cannot read IP mode file for STMicroelectronics.X-CUBE-SMBUS.2.1.0
2025-11-03 11:38:25,913 [WARN] PackLoader:240 - Cannot read IP mode file for STMicroelectronics.X-CUBE-AZRTOS-F7.1.1.0
2025-11-03 11:38:25,936 [WARN] PackLoader:240 - Cannot read IP mode file for Cesanta.I-CUBE-Mongoose.7.19.0
2025-11-03 11:38:25,953 [WARN] PackLoader:240 - Cannot read IP mode file for STMicroelectronics.FP-SNS-MOTENV1.5.1.0
2025-11-03 11:38:25,982 [WARN] PackLoader:240 - Cannot read IP mode file for WES.I-CUBE-Cesium.1.4.0
2025-11-03 11:38:26,051 [WARN] PackLoader:240 - Cannot read IP mode file for Infineon.AIROC-Wi-Fi-Bluetooth-STM32.1.7.1
2025-11-03 11:38:26,106 [WARN] PackLoader:240 - Cannot read IP mode file for STMicroelectronics.X-CUBE-AZRTOS-H7.3.4.0
2025-11-03 11:38:26,134 [WARN] PackLoader:240 - Cannot read IP mode file for STMicroelectronics.X-CUBE-DISPLAY.3.0.0
2025-11-03 11:38:26,158 [WARN] PackLoader:240 - Cannot read IP mode file for STMicroelectronics.X-CUBE-NFC10.1.0.0
2025-11-03 11:38:26,198 [WARN] PackLoader:240 - Cannot read IP mode file for STMicroelectronics.X-CUBE-ST60.1.1.0
2025-11-03 11:38:26,216 [WARN] PackLoader:240 - Cannot read IP mode file for emotas.I-CUBE-CANOPEN.1.3.0
2025-11-03 11:38:26,361 [WARN] PackLoader:240 - Cannot read IP mode file for STMicroelectronics.X-CUBE-GNSS1.7.1.0
2025-11-03 11:38:26,390 [WARN] PackLoader:240 - Cannot read IP mode file for STMicroelectronics.FP-SNS-STBOX1.2.1.0
2025-11-03 11:38:26,404 [WARN] PackLoader:240 - Cannot read IP mode file for STMicroelectronics.FP-SNS-SMARTAG2.1.2.0
2025-11-03 11:38:26,414 [WARN] PackLoader:240 - Cannot read IP mode file for STMicroelectronics.FP-SNS-FLIGHT1.5.1.0
2025-11-03 11:38:26,436 [INFO] LogOutputStream:77 - [STDOUT_REDIRECT] 1 : Invalid condition id : UX_CORESTACK_Condition cause : null
2025-11-03 11:38:26,438 [INFO] LogOutputStream:77 - [STDOUT_REDIRECT] 1 : Invalid condition id : UX_CORESTACK_Condition cause : null
2025-11-03 11:38:26,440 [INFO] LogOutputStream:77 - [STDOUT_REDIRECT] 1 : Invalid condition id : UX_CORESTACK_Condition cause : null
2025-11-03 11:38:26,446 [INFO] LogOutputStream:77 - [STDOUT_REDIRECT] 1 : Invalid condition id : UX_CORESTACK_Condition cause : null
2025-11-03 11:38:26,449 [INFO] LogOutputStream:77 - [STDOUT_REDIRECT] 1 : Invalid condition id : UX_CORESTACK_Condition cause : null
2025-11-03 11:38:26,453 [WARN] PackLoader:240 - Cannot read IP mode file for STMicroelectronics.X-CUBE-AZRTOS-WL.2.0.0
2025-11-03 11:38:26,467 [WARN] PackLoader:240 - Cannot read IP mode file for STMicroelectronics.X-CUBE-BLE2.3.3.0
2025-11-03 11:38:26,480 [WARN] PackLoader:240 - Cannot read IP mode file for STMicroelectronics.X-CUBE-NFC9.1.0.0
2025-11-03 11:38:26,490 [WARN] PackLoader:240 - Cannot read IP mode file for wolfSSL.I-CUBE-wolfSSL.5.8.2
2025-11-03 11:38:26,500 [WARN] PackLoader:240 - Cannot read IP mode file for STMicroelectronics.X-CUBE-BLE1.7.1.0
2025-11-03 11:38:26,506 [WARN] PackLoader:240 - Cannot read IP mode file for wolfSSL.I-CUBE-wolfMQTT.1.19.2
2025-11-03 11:38:26,518 [WARN] PackLoader:240 - Cannot read IP mode file for STMicroelectronics.X-CUBE-EEPRMA1.5.2.0
2025-11-03 11:38:26,530 [WARN] PackLoader:240 - Cannot read IP mode file for STMicroelectronics.X-CUBE-ST67W61.1.1.0
2025-11-03 11:38:26,553 [WARN] PackLoader:240 - Cannot read IP mode file for STMicroelectronics.X-CUBE-AZRTOS-G0.1.1.0
2025-11-03 11:38:26,566 [WARN] PackLoader:240 - Cannot read IP mode file for STMicroelectronics.X-CUBE-SAFEA1.1.2.2
2025-11-03 11:38:26,575 [WARN] PackLoader:240 - Cannot read IP mode file for STMicroelectronics.X-CUBE-NFC4.3.0.0
2025-11-03 11:38:26,590 [WARN] PackLoader:240 - Cannot read IP mode file for EmbeddedOffice.I-CUBE-FS-RTOS.1.0.1
2025-11-03 11:38:26,602 [WARN] PackLoader:240 - Cannot read IP mode file for STMicroelectronics.X-CUBE-WB05N.2.0.0
2025-11-03 11:38:26,611 [WARN] PackLoader:240 - Cannot read IP mode file for wolfSSL.I-CUBE-wolfTPM.3.8.0
2025-11-03 11:38:26,621 [WARN] PackLoader:240 - Cannot read IP mode file for STMicroelectronics.X-CUBE-TCPP.4.2.0
2025-11-03 11:38:26,633 [WARN] PackLoader:240 - Cannot read IP mode file for RealThread.X-CUBE-RT-Thread_Nano.4.1.1
2025-11-03 11:38:26,641 [WARN] PackLoader:240 - Cannot read IP mode file for STMicroelectronics.FP-ATR-SIGFOX1.3.2.0
2025-11-03 11:38:26,655 [WARN] PackLoader:240 - Cannot read IP mode file for ITTIA_DB.I-CUBE-ITTIADB.8.9.0
2025-11-03 11:38:26,664 [WARN] PackLoader:240 - Cannot read IP mode file for STMicroelectronics.X-CUBE-AI.10.2.0
2025-11-03 11:38:26,701 [WARN] PackLoader:240 - Cannot read IP mode file for SEGGER.I-CUBE-embOS.1.3.1
2025-11-03 11:38:26,754 [WARN] PackLoader:240 - Cannot read IP mode file for STMicroelectronics.X-CUBE-ALGOBUILD.1.4.0
2025-11-03 11:38:26,846 [WARN] PackLoader:240 - Cannot read IP mode file for STMicroelectronics.X-CUBE-MEMS1.11.3.0
2025-11-03 11:38:26,983 [WARN] PackLoader:240 - Cannot read IP mode file for STMicroelectronics.X-CUBE-PM33A1.1.0.0
2025-11-03 11:38:27,007 [WARN] PackLoader:240 - Cannot read IP mode file for STMicroelectronics.X-CUBE-AZRTOS-F4.1.1.0
2025-11-03 11:38:27,021 [WARN] PackLoader:240 - Cannot read IP mode file for STMicroelectronics.X-CUBE-ISPU.2.1.0
2025-11-03 11:38:27,056 [WARN] PackLoader:240 - Cannot read IP mode file for STMicroelectronics.X-CUBE-IPS.3.2.0
2025-11-03 11:38:27,077 [WARN] PackLoader:240 - Cannot read IP mode file for STMicroelectronics.X-CUBE-NFC12.1.0.0
2025-11-03 11:38:27,106 [WARN] PackLoader:240 - Cannot read IP mode file for STMicroelectronics.X-CUBE-AZRTOS-L5.2.0.0
2025-11-03 11:38:27,122 [WARN] PackLoader:240 - Cannot read IP mode file for STMicroelectronics.X-CUBE-NFC6.3.1.0
2025-11-03 11:38:27,135 [WARN] PackLoader:240 - Cannot read IP mode file for STMicroelectronics.X-CUBE-FREERTOS.1.3.1
2025-11-03 11:38:27,145 [WARN] PackLoader:240 - Cannot read IP mode file for STMicroelectronics.X-CUBE-TOUCHGFX.4.26.0
2025-11-03 11:38:27,156 [WARN] PackLoader:240 - Cannot read IP mode file for STMicroelectronics.FP-SNS-STAIOTCFT.1.0.0
2025-11-03 11:38:27,167 [WARN] PackLoader:240 - Cannot read IP mode file for STMicroelectronics.X-CUBE-DPower.1.3.0
2025-11-03 11:38:27,191 [WARN] ConditionMgr:438 - getConditionDescription Invalid condition id : LAN8742 Phy interface Condition cause : null
2025-11-03 11:38:27,193 [WARN] PackLoader:240 - Cannot read IP mode file for STMicroelectronics.X-CUBE-AZRTOS-L4.2.0.0
2025-11-03 11:38:27,195 [WARN] ConditionMgr:1044 - genDependencies : Invalid condition id : LAN8742 Phy interface Condition cause : null
2025-11-03 11:38:27,196 [WARN] ConditionMgr:1044 - genDependencies : Invalid condition id : LAN8742 Phy interface Condition cause : null
2025-11-03 11:38:27,197 [WARN] ConditionMgr:1044 - genDependencies : Invalid condition id : LAN8742 Phy interface Condition cause : null
2025-11-03 11:38:27,213 [WARN] PackLoader:240 - Cannot read IP mode file for STMicroelectronics.X-CUBE-SFXS2LP1.4.0.0
2025-11-03 11:38:27,230 [WARN] PackLoader:240 - Cannot read IP mode file for STMicroelectronics.X-CUBE-BLEMGR.4.1.0
2025-11-03 11:38:27,253 [WARN] ConditionMgr:438 - getConditionDescription Invalid condition id : UX DEVICE CLASS RTOS Condition cause : null
2025-11-03 11:38:27,254 [WARN] ConditionMgr:438 - getConditionDescription Invalid condition id : UX DEVICE CLASS RTOS Condition cause : null
2025-11-03 11:38:27,257 [WARN] PackLoader:240 - Cannot read IP mode file for STMicroelectronics.X-CUBE-AZRTOS-WB.2.0.0
2025-11-03 11:38:27,258 [WARN] ConditionMgr:1044 - genDependencies : Invalid condition id : UX DEVICE CLASS RTOS Condition cause : null
2025-11-03 11:38:27,259 [WARN] ConditionMgr:1044 - genDependencies : Invalid condition id : UX DEVICE CLASS RTOS Condition cause : null
2025-11-03 11:38:27,260 [WARN] ConditionMgr:1044 - genDependencies : Invalid condition id : UX DEVICE CLASS RTOS Condition cause : null
2025-11-03 11:38:27,261 [WARN] ConditionMgr:1044 - genDependencies : Invalid condition id : UX DEVICE CLASS RTOS Condition cause : null
2025-11-03 11:38:27,261 [WARN] ConditionMgr:1044 - genDependencies : Invalid condition id : UX DEVICE CLASS RTOS Condition cause : null
2025-11-03 11:38:27,270 [WARN] PackLoader:240 - Cannot read IP mode file for STMicroelectronics.X-CUBE-GNSS1.7.0.1
2025-11-03 11:38:27,281 [WARN] ConditionMgr:438 - getConditionDescription Invalid condition id : Cortex-A Device cause : null
2025-11-03 11:38:27,305 [WARN] ConditionMgr:1044 - genDependencies : Invalid condition id : Cortex-A Device cause : null
2025-11-03 11:38:27,305 [WARN] ConditionMgr:1044 - genDependencies : Invalid condition id : Cortex-A Device cause : null
2025-11-03 11:38:27,306 [WARN] ConditionMgr:1044 - genDependencies : Invalid condition id : Cortex-A Device cause : null
2025-11-03 11:38:27,323 [WARN] PackLoader:240 - Cannot read IP mode file for STMicroelectronics.X-CUBE-SUBG2.5.0.0
2025-11-03 11:38:27,357 [WARN] PackLoader:240 - Cannot read IP mode file for STMicroelectronics.X-CUBE-AZRTOS-H7RS.1.1.0
2025-11-03 11:38:27,384 [WARN] PackLoader:240 - Cannot read IP mode file for STMicroelectronics.X-CUBE-AZRTOS-G4.2.0.0
2025-11-03 11:38:27,396 [WARN] PackLoader:240 - Cannot read IP mode file for wolfSSL.I-CUBE-wolfSSH.1.4.20
2025-11-03 11:38:27,407 [WARN] PackLoader:240 - Cannot read IP mode file for STMicroelectronics.X-CUBE-NFC7.2.0.0
2025-11-03 11:38:27,418 [WARN] PackLoader:240 - Cannot read IP mode file for STMicroelectronics.X-CUBE-ALS.1.0.2
2025-11-03 11:38:27,431 [WARN] PackLoader:240 - Cannot read IP mode file for STMicroelectronics.X-CUBE-STSE01.1.0.0
2025-11-03 11:38:27,457 [WARN] PackLoader:240 - Cannot read IP mode file for STMicroelectronics.X-CUBE-TOF1.3.4.3
2025-11-03 11:38:27,473 [INFO] ThirdParty:978 - Integrity check success = true
2025-11-03 11:38:27,473 [INFO] IntegrityCheckThread:100 - exiting critical section [integrity check]
2025-11-03 11:38:27,473 [INFO] IntegrityCheckThread:103 - End integrity checks thread
2025-11-03 11:43:46,880 [INFO] WebApp:194 - Connection lost
2025-11-03 11:43:47,133 [INFO] WebApp:191 - Connection restablished
2025-11-03 11:48:58,624 [INFO] WebApp:194 - Connection lost
2025-11-03 11:48:58,947 [INFO] WebApp:191 - Connection restablished
2025-11-03 11:50:31,045 [INFO] WebApp:194 - Connection lost
2025-11-03 11:50:31,464 [INFO] WebApp:191 - Connection restablished
2025-11-03 11:55:42,436 [INFO] WebApp:194 - Connection lost
2025-11-03 11:55:42,691 [INFO] WebApp:191 - Connection restablished
2025-11-03 11:56:33,877 [INFO] WebApp:194 - Connection lost
2025-11-03 11:56:34,076 [INFO] WebApp:191 - Connection restablished
2025-11-03 11:58:21,983 [INFO] WebApp:194 - Connection lost
2025-11-03 11:58:22,242 [INFO] WebApp:191 - Connection restablished
2025-11-03 12:07:46,400 [INFO] WebApp:194 - Connection lost
2025-11-03 12:07:46,614 [INFO] WebApp:191 - Connection restablished
2025-11-03 12:12:58,374 [INFO] WebApp:194 - Connection lost
2025-11-03 12:12:58,664 [INFO] WebApp:191 - Connection restablished
2025-11-03 12:13:47,882 [INFO] WebApp:194 - Connection lost
2025-11-03 12:13:48,089 [INFO] WebApp:191 - Connection restablished
2025-11-03 12:19:00,154 [INFO] WebApp:194 - Connection lost
2025-11-03 12:19:00,489 [INFO] WebApp:191 - Connection restablished
2025-11-03 12:20:00,367 [INFO] WebApp:194 - Connection lost
2025-11-03 12:20:00,540 [INFO] WebApp:191 - Connection restablished
2025-11-03 12:23:04,460 [INFO] WebApp:194 - Connection lost
2025-11-03 12:23:04,686 [INFO] WebApp:191 - Connection restablished
2025-11-03 12:58:03,638 [INFO] WebApp:194 - Connection lost
2025-11-03 12:58:04,157 [INFO] WebApp:191 - Connection restablished
2025-11-03 13:00:54,889 [INFO] WebApp:194 - Connection lost
2025-11-03 13:00:55,241 [INFO] WebApp:191 - Connection restablished
2025-11-03 13:03:40,442 [INFO] WebApp:194 - Connection lost
2025-11-03 13:03:40,620 [INFO] WebApp:191 - Connection restablished
2025-11-03 13:09:48,355 [INFO] WebApp:194 - Connection lost
2025-11-03 13:09:48,563 [INFO] WebApp:191 - Connection restablished
2025-11-03 13:47:08,889 [INFO] WebApp:194 - Connection lost
2025-11-03 13:47:09,152 [INFO] WebApp:191 - Connection restablished
2025-11-03 13:52:19,383 [INFO] WebApp:194 - Connection lost
2025-11-03 13:52:19,581 [INFO] WebApp:191 - Connection restablished
2025-11-03 13:59:27,285 [ERROR] LogOutputStream:75 - [STDERR_REDIRECT] 
