2025-11-03 14:28:09,782 [INFO] Activator:176 - 


2025-11-03 14:28:09,792 [INFO] Activator:177 - !SESSION log4j initialized
2025-11-03 14:28:16,848 [INFO] LogOutputStream:77 - [STDOUT_REDIRECT] 
2025-11-03 14:28:18,244 [INFO] ApplicationProperties:184 - Using Application install path: C:\ST\STM32CubeIDE_1.19.0\STM32CubeIDE\plugins\com.st.stm32cube.common.mx_6.15.0.202507011659
2025-11-03 14:28:18,273 [INFO] DbMcusXml:78 - Set database path to: C:\ST\STM32CubeIDE_1.19.0\STM32CubeIDE\plugins\com.st.stm32cube.common.mx_6.15.0.202507011659\\db\/mcu/
2025-11-03 14:28:18,273 [INFO] ApiDb:274 - Set plugin database path to: C:\ST\STM32CubeIDE_1.19.0\STM32CubeIDE\plugins\com.st.stm32cube.common.mx_6.15.0.202507011659\\db\/plugins/boardmanager/
2025-11-03 14:28:18,276 [WARN] ApiDb:259 - Overriding images path with different value:  => C:\ST\STM32CubeIDE_1.19.0\STM32CubeIDE\plugins\com.st.stm32cube.common.mx_6.15.0.202507011659\\db\/plugins/mcufinder/images/
2025-11-03 14:28:18,278 [INFO] ApiDb:250 - Set database path to: C:\Users\Himshree\.stmcufinder\plugins\mcufinder//mcu/
2025-11-03 14:28:18,289 [INFO] DbMcusAds:125 - Set database path to: C:\Users\Himshree\.stmcufinder\plugins\mcufinder//mcu/
2025-11-03 14:28:18,289 [INFO] CrossReferenceDbSqlite:203 - Set database path to: C:\Users\Himshree\.stmcufinder\plugins\mcufinder//mcu/cs/
2025-11-03 14:28:18,464 [INFO] RulesReader:64 - Compatibility file has been processed (317 Rules)
2025-11-03 14:28:18,627 [INFO] DbMcusXml:78 - Set database path to: C:\ST\STM32CubeIDE_1.19.0\STM32CubeIDE\plugins\com.st.stm32cube.common.mx_6.15.0.202507011659\\db\/mcu/
2025-11-03 14:28:18,627 [INFO] ApiDb:274 - Set plugin database path to: C:\ST\STM32CubeIDE_1.19.0\STM32CubeIDE\plugins\com.st.stm32cube.common.mx_6.15.0.202507011659\\db\/plugins/boardmanager/
2025-11-03 14:28:18,627 [INFO] ApiDb:261 - Set plugin images path to: C:\ST\STM32CubeIDE_1.19.0\STM32CubeIDE\plugins\com.st.stm32cube.common.mx_6.15.0.202507011659\\db\/plugins/mcufinder/images/
2025-11-03 14:28:18,627 [WARN] DbFile:41 - Overriding database path with different value: C:\Users\Himshree\.stmcufinder\plugins\mcufinder/ => C:\Users\Himshree\.stmcufinder\plugins\mcufinder
2025-11-03 14:28:18,628 [INFO] ApiDb:250 - Set database path to: C:\Users\Himshree\.stmcufinder\plugins\mcufinder//mcu/
2025-11-03 14:28:18,628 [WARN] DbFile:41 - Overriding database path with different value: C:\Users\Himshree\.stmcufinder\plugins\mcufinder/ => C:\Users\Himshree\.stmcufinder\plugins\mcufinder
2025-11-03 14:28:18,628 [INFO] DbMcusAds:125 - Set database path to: C:\Users\Himshree\.stmcufinder\plugins\mcufinder//mcu/
2025-11-03 14:28:18,628 [WARN] DbFile:41 - Overriding database path with different value: C:\Users\Himshree\.stmcufinder\plugins\mcufinder/ => C:\Users\Himshree\.stmcufinder\plugins\mcufinder
2025-11-03 14:28:18,628 [WARN] DbFile:41 - Overriding database path with different value: C:\Users\Himshree\.stmcufinder\plugins\mcufinder/ => C:\Users\Himshree\.stmcufinder\plugins\mcufinder
2025-11-03 14:28:18,628 [INFO] CrossReferenceDbSqlite:203 - Set database path to: C:\Users\Himshree\.stmcufinder\plugins\mcufinder//mcu/cs/
2025-11-03 14:28:18,745 [INFO] MainPanel:274 - HeapMemory: 268435456
2025-11-03 14:28:18,871 [INFO] DbMcusXml:78 - Set database path to: C:\ST\STM32CubeIDE_1.19.0\STM32CubeIDE\plugins\com.st.stm32cube.common.mx_6.15.0.202507011659\\db\/mcu/
2025-11-03 14:28:18,871 [INFO] ApiDb:274 - Set plugin database path to: C:\ST\STM32CubeIDE_1.19.0\STM32CubeIDE\plugins\com.st.stm32cube.common.mx_6.15.0.202507011659\\db\/plugins/boardmanager/
2025-11-03 14:28:18,871 [INFO] ApiDb:261 - Set plugin images path to: C:\ST\STM32CubeIDE_1.19.0\STM32CubeIDE\plugins\com.st.stm32cube.common.mx_6.15.0.202507011659\\db\/plugins/mcufinder/images/
2025-11-03 14:28:18,871 [WARN] DbFile:41 - Overriding database path with different value: C:\Users\Himshree\.stmcufinder\plugins\mcufinder/ => C:\Users\Himshree\.stmcufinder\plugins\mcufinder
2025-11-03 14:28:18,871 [INFO] ApiDb:250 - Set database path to: C:\Users\Himshree\.stmcufinder\plugins\mcufinder//mcu/
2025-11-03 14:28:18,871 [WARN] DbFile:41 - Overriding database path with different value: C:\Users\Himshree\.stmcufinder\plugins\mcufinder/ => C:\Users\Himshree\.stmcufinder\plugins\mcufinder
2025-11-03 14:28:18,871 [INFO] DbMcusAds:125 - Set database path to: C:\Users\Himshree\.stmcufinder\plugins\mcufinder//mcu/
2025-11-03 14:28:18,871 [WARN] DbFile:41 - Overriding database path with different value: C:\Users\Himshree\.stmcufinder\plugins\mcufinder/ => C:\Users\Himshree\.stmcufinder\plugins\mcufinder
2025-11-03 14:28:18,871 [WARN] DbFile:41 - Overriding database path with different value: C:\Users\Himshree\.stmcufinder\plugins\mcufinder/ => C:\Users\Himshree\.stmcufinder\plugins\mcufinder
2025-11-03 14:28:18,871 [INFO] CrossReferenceDbSqlite:203 - Set database path to: C:\Users\Himshree\.stmcufinder\plugins\mcufinder//mcu/cs/
2025-11-03 14:28:18,905 [INFO] ApplicationProperties:184 - Using Application install path: C:\ST\STM32CubeIDE_1.19.0\STM32CubeIDE\plugins\com.st.stm32cube.common.mx_6.15.0.202507011659
2025-11-03 14:28:18,907 [INFO] PluginManage:196 - Search for loadable plugins [exclusion list=, ]
2025-11-03 14:28:18,910 [INFO] PluginManage:310 - Check plugin analytics
2025-11-03 14:28:19,182 [INFO] AnalyticsPlugin:253 - Accepted Software Licenses: 
2025-11-03 14:28:19,182 [INFO] AnalyticsPlugin:255 - Accepted CMSIS Pack Licenses: 
2025-11-03 14:28:19,182 [INFO] AnalyticsPlugin:257 - Accepted Firmware Licenses: FW.F4.1.28.0,FW.L4.1.18.0
2025-11-03 14:28:19,188 [INFO] PluginManage:359 - Loaded plugin analytics (category:tool,tabindex:-1)
2025-11-03 14:28:19,190 [INFO] PluginManage:310 - Check plugin cadmodel
2025-11-03 14:28:19,197 [INFO] CADModel:105 - Init CAD model plugin
2025-11-03 14:28:19,197 [INFO] PluginManage:359 - Loaded plugin cadmodel (category:power,tabindex:5)
2025-11-03 14:28:19,197 [INFO] PluginManage:310 - Check plugin clock
2025-11-03 14:28:19,208 [INFO] PluginManage:359 - Loaded plugin clock (category:base,tabindex:2)
2025-11-03 14:28:19,208 [INFO] PluginManage:310 - Check plugin ddr
2025-11-03 14:28:19,214 [INFO] PluginManage:359 - Loaded plugin ddr (category:tool,tabindex:6)
2025-11-03 14:28:19,214 [INFO] PluginManage:310 - Check plugin filemanager
2025-11-03 14:28:19,412 [INFO] PluginManage:359 - Loaded plugin filemanager (category:base,tabindex:10)
2025-11-03 14:28:19,412 [INFO] PluginManage:310 - Check plugin ipmanager
2025-11-03 14:28:19,437 [INFO] PluginManage:359 - Loaded plugin ipmanager (category:base,tabindex:5)
2025-11-03 14:28:19,438 [INFO] PluginManage:310 - Check plugin lpbam
2025-11-03 14:28:19,445 [INFO] PluginManage:359 - Loaded plugin lpbam (category:base,tabindex:0)
2025-11-03 14:28:19,445 [INFO] PluginManage:310 - Check plugin memorymap
2025-11-03 14:28:19,469 [INFO] PluginManage:359 - Loaded plugin memorymap (category:base,tabindex:4)
2025-11-03 14:28:19,469 [INFO] PluginManage:310 - Check plugin pinoutandconfiguration
2025-11-03 14:28:19,485 [INFO] PluginManage:359 - Loaded plugin pinoutandconfiguration (category:base,tabindex:1)
2025-11-03 14:28:19,485 [INFO] PluginManage:310 - Check plugin pinoutconfig
2025-11-03 14:28:19,655 [WARN] SupportedApi:132 - Cannot load RTOS API schema: s4s-elt-must-match.1: The content of 'definitions' must match (annotation?, (simpleType | complexType)?, (unique | key | keyref)*)). A problem was found starting at: attribute.
2025-11-03 14:28:20,019 [INFO] PluginManage:359 - Loaded plugin pinoutconfig (category:base,tabindex:0)
2025-11-03 14:28:20,019 [INFO] PluginManage:310 - Check plugin power
2025-11-03 14:28:20,046 [INFO] PluginManage:359 - Loaded plugin power (category:power,tabindex:4)
2025-11-03 14:28:20,046 [INFO] PluginManage:310 - Check plugin projectmanager
2025-11-03 14:28:20,076 [INFO] PluginManage:359 - Loaded plugin projectmanager (category:projectmanager,tabindex:4)
2025-11-03 14:28:20,076 [INFO] PluginManage:310 - Check plugin rif
2025-11-03 14:28:20,091 [INFO] PluginManage:359 - Loaded plugin rif (category:base,tabindex:3)
2025-11-03 14:28:20,091 [INFO] PluginManage:310 - Check plugin thirdparty
2025-11-03 14:28:20,458 [INFO] PluginManage:359 - Loaded plugin thirdparty (category:base,tabindex:-1)
2025-11-03 14:28:20,458 [WARN] IntegrityCheckThread:84 - waiting for thirdparty lock release [integrity check]
2025-11-03 14:28:20,458 [INFO] PluginManage:310 - Check plugin tools
2025-11-03 14:28:20,458 [INFO] IntegrityCheckThread:86 - entering critical section [integrity check]
2025-11-03 14:28:20,458 [INFO] ThirdPartyUpdaterWithRetryManager:70 - Updater plugin not ready yet. [1/15]
2025-11-03 14:28:20,458 [INFO] PluginManage:359 - Loaded plugin tools (category:base,tabindex:7)
2025-11-03 14:28:20,458 [INFO] PluginManage:310 - Check plugin tutovideos
2025-11-03 14:28:20,893 [INFO] PluginManage:359 - Loaded plugin tutovideos (category:base,tabindex:-1)
2025-11-03 14:28:20,893 [INFO] PluginManage:310 - Check plugin updater
2025-11-03 14:28:20,961 [INFO] PluginManage:359 - Loaded plugin updater (category:base,tabindex:12)
2025-11-03 14:28:20,963 [INFO] PluginManage:310 - Check plugin userauth
2025-11-03 14:28:20,965 [INFO] UserAuth:118 - Init User Auth plugin
2025-11-03 14:28:20,976 [INFO] PluginManage:359 - Loaded plugin userauth (category:base,tabindex:14)
2025-11-03 14:28:20,976 [INFO] PluginManage:283 - PluginManage : Loaded plugins [18]
2025-11-03 14:28:21,520 [INFO] PinOutPanel:1589 - setPackage(No Configuration,No Configuration)
2025-11-03 14:28:21,661 [INFO] CADModel:165 - CPN selected for project level
2025-11-03 14:28:21,661 [INFO] CADModel:114 - Register for checkConnection events
2025-11-03 14:28:21,695 [INFO] IPUIPlugin:80 - create IPUIPlugin
2025-11-03 14:28:21,695 [INFO] PluginManager:220 - loadIPPluginJar : add adc
2025-11-03 14:28:21,701 [INFO] IPUIPlugin:80 - create IPUIPlugin
2025-11-03 14:28:21,701 [INFO] PluginManager:220 - loadIPPluginJar : add aes
2025-11-03 14:28:21,709 [INFO] IPUIPlugin:80 - create IPUIPlugin
2025-11-03 14:28:21,710 [INFO] PluginManager:220 - loadIPPluginJar : add can
2025-11-03 14:28:21,714 [INFO] IPUIPlugin:80 - create IPUIPlugin
2025-11-03 14:28:21,714 [INFO] PluginManager:220 - loadIPPluginJar : add comp
2025-11-03 14:28:21,721 [INFO] IPUIPlugin:80 - create IPUIPlugin
2025-11-03 14:28:21,722 [INFO] PluginManager:220 - loadIPPluginJar : add cryp
2025-11-03 14:28:21,730 [INFO] IPUIPlugin:80 - create IPUIPlugin
2025-11-03 14:28:21,730 [INFO] PluginManager:220 - loadIPPluginJar : add ddr_ctrl_phy
2025-11-03 14:28:21,735 [INFO] IPUIPlugin:80 - create IPUIPlugin
2025-11-03 14:28:21,735 [INFO] PluginManager:220 - loadIPPluginJar : add dfsdm
2025-11-03 14:28:21,747 [INFO] IPUIPlugin:80 - create IPUIPlugin
2025-11-03 14:28:21,748 [INFO] PluginManager:220 - loadIPPluginJar : add dma
2025-11-03 14:28:21,753 [INFO] IPUIPlugin:80 - create IPUIPlugin
2025-11-03 14:28:21,753 [INFO] PluginManager:220 - loadIPPluginJar : add dma3
2025-11-03 14:28:21,760 [INFO] IPUIPlugin:80 - create IPUIPlugin
2025-11-03 14:28:21,760 [INFO] PluginManager:220 - loadIPPluginJar : add extmemmanager
2025-11-03 14:28:21,763 [INFO] IPUIPlugin:80 - create IPUIPlugin
2025-11-03 14:28:21,763 [INFO] PluginManager:220 - loadIPPluginJar : add fatfs
2025-11-03 14:28:21,770 [INFO] IPUIPlugin:80 - create IPUIPlugin
2025-11-03 14:28:21,770 [INFO] PluginManager:220 - loadIPPluginJar : add fmc
2025-11-03 14:28:21,781 [INFO] IPUIPlugin:80 - create IPUIPlugin
2025-11-03 14:28:21,781 [INFO] PluginManager:220 - loadIPPluginJar : add freertos
2025-11-03 14:28:21,785 [INFO] IPUIPlugin:80 - create IPUIPlugin
2025-11-03 14:28:21,785 [INFO] PluginManager:220 - loadIPPluginJar : add genericplugin
2025-11-03 14:28:21,790 [INFO] IPUIPlugin:80 - create IPUIPlugin
2025-11-03 14:28:21,791 [INFO] PluginManager:220 - loadIPPluginJar : add gfxmmu
2025-11-03 14:28:21,803 [INFO] IPUIPlugin:80 - create IPUIPlugin
2025-11-03 14:28:21,803 [INFO] PluginManager:220 - loadIPPluginJar : add gic
2025-11-03 14:28:21,840 [INFO] IPUIPlugin:80 - create IPUIPlugin
2025-11-03 14:28:21,840 [INFO] PluginManager:220 - loadIPPluginJar : add gpio
2025-11-03 14:28:21,846 [INFO] IPUIPlugin:80 - create IPUIPlugin
2025-11-03 14:28:21,846 [INFO] PluginManager:220 - loadIPPluginJar : add gtzc
2025-11-03 14:28:21,851 [INFO] IPUIPlugin:80 - create IPUIPlugin
2025-11-03 14:28:21,851 [INFO] PluginManager:220 - loadIPPluginJar : add hash
2025-11-03 14:28:21,861 [INFO] IPUIPlugin:80 - create IPUIPlugin
2025-11-03 14:28:21,861 [INFO] PluginManager:220 - loadIPPluginJar : add i2c
2025-11-03 14:28:21,869 [INFO] IPUIPlugin:80 - create IPUIPlugin
2025-11-03 14:28:21,870 [INFO] PluginManager:220 - loadIPPluginJar : add i2s
2025-11-03 14:28:21,881 [INFO] IPUIPlugin:80 - create IPUIPlugin
2025-11-03 14:28:21,882 [INFO] PluginManager:220 - loadIPPluginJar : add i3c
2025-11-03 14:28:21,892 [INFO] IPUIPlugin:80 - create IPUIPlugin
2025-11-03 14:28:21,893 [INFO] PluginManager:220 - loadIPPluginJar : add ipddr
2025-11-03 14:28:21,911 [INFO] IPUIPlugin:80 - create IPUIPlugin
2025-11-03 14:28:21,911 [INFO] PluginManager:220 - loadIPPluginJar : add linkedlist
2025-11-03 14:28:21,921 [INFO] IPUIPlugin:80 - create IPUIPlugin
2025-11-03 14:28:21,921 [INFO] PluginManager:220 - loadIPPluginJar : add lorawan
2025-11-03 14:28:21,934 [INFO] IPUIPlugin:80 - create IPUIPlugin
2025-11-03 14:28:21,934 [INFO] PluginManager:220 - loadIPPluginJar : add ltdc
2025-11-03 14:28:21,957 [INFO] IPUIPlugin:80 - create IPUIPlugin
2025-11-03 14:28:21,958 [INFO] PluginManager:220 - loadIPPluginJar : add mdma
2025-11-03 14:28:21,969 [INFO] IPUIPlugin:80 - create IPUIPlugin
2025-11-03 14:28:21,970 [INFO] PluginManager:220 - loadIPPluginJar : add nvic
2025-11-03 14:28:21,979 [INFO] IPUIPlugin:80 - create IPUIPlugin
2025-11-03 14:28:21,979 [INFO] PluginManager:220 - loadIPPluginJar : add opamp
2025-11-03 14:28:21,987 [INFO] IPUIPlugin:80 - create IPUIPlugin
2025-11-03 14:28:21,988 [INFO] PluginManager:220 - loadIPPluginJar : add openamp
2025-11-03 14:28:21,995 [INFO] IPUIPlugin:80 - create IPUIPlugin
2025-11-03 14:28:21,995 [INFO] PluginManager:220 - loadIPPluginJar : add pdm2pcm
2025-11-03 14:28:22,011 [INFO] IPUIPlugin:80 - create IPUIPlugin
2025-11-03 14:28:22,016 [INFO] PluginManager:220 - loadIPPluginJar : add plateformsettings
2025-11-03 14:28:22,023 [INFO] IPUIPlugin:80 - create IPUIPlugin
2025-11-03 14:28:22,023 [INFO] PluginManager:220 - loadIPPluginJar : add quadspi
2025-11-03 14:28:22,029 [INFO] IPUIPlugin:80 - create IPUIPlugin
2025-11-03 14:28:22,031 [INFO] PluginManager:220 - loadIPPluginJar : add radio
2025-11-03 14:28:22,044 [INFO] IPUIPlugin:80 - create IPUIPlugin
2025-11-03 14:28:22,045 [INFO] PluginManager:220 - loadIPPluginJar : add resmgrutility
2025-11-03 14:28:22,053 [INFO] IPUIPlugin:80 - create IPUIPlugin
2025-11-03 14:28:22,053 [INFO] PluginManager:220 - loadIPPluginJar : add sai
2025-11-03 14:28:22,070 [INFO] IPUIPlugin:80 - create IPUIPlugin
2025-11-03 14:28:22,070 [INFO] PluginManager:220 - loadIPPluginJar : add spi
2025-11-03 14:28:22,083 [INFO] IPUIPlugin:80 - create IPUIPlugin
2025-11-03 14:28:22,083 [INFO] PluginManager:220 - loadIPPluginJar : add stm32_wpan
2025-11-03 14:28:22,087 [INFO] IPUIPlugin:80 - create IPUIPlugin
2025-11-03 14:28:22,088 [INFO] PluginManager:220 - loadIPPluginJar : add tim
2025-11-03 14:28:22,095 [INFO] IPUIPlugin:80 - create IPUIPlugin
2025-11-03 14:28:22,095 [INFO] PluginManager:220 - loadIPPluginJar : add touchsensing
2025-11-03 14:28:22,100 [INFO] IPUIPlugin:80 - create IPUIPlugin
2025-11-03 14:28:22,100 [INFO] PluginManager:220 - loadIPPluginJar : add tracer_emb
2025-11-03 14:28:22,116 [INFO] IPUIPlugin:80 - create IPUIPlugin
2025-11-03 14:28:22,117 [INFO] PluginManager:220 - loadIPPluginJar : add ts
2025-11-03 14:28:22,122 [INFO] IPUIPlugin:80 - create IPUIPlugin
2025-11-03 14:28:22,122 [INFO] PluginManager:220 - loadIPPluginJar : add tsc
2025-11-03 14:28:22,128 [INFO] IPUIPlugin:80 - create IPUIPlugin
2025-11-03 14:28:22,128 [INFO] PluginManager:220 - loadIPPluginJar : add ucpd
2025-11-03 14:28:22,135 [INFO] IPUIPlugin:80 - create IPUIPlugin
2025-11-03 14:28:22,136 [INFO] PluginManager:220 - loadIPPluginJar : add usart
2025-11-03 14:28:22,151 [INFO] IPUIPlugin:80 - create IPUIPlugin
2025-11-03 14:28:22,151 [INFO] PluginManager:220 - loadIPPluginJar : add usbx
2025-11-03 14:28:22,365 [FATAL] Updater:351 - Updater called before beeing initialized
2025-11-03 14:28:22,421 [INFO] RulesReader:64 - Compatibility file has been processed (317 Rules)
2025-11-03 14:28:22,445 [INFO] RulesReader:64 - Compatibility file has been processed (317 Rules)
2025-11-03 14:28:22,464 [INFO] CADModel:165 - CPN selected for project level
2025-11-03 14:28:22,464 [INFO] CADModel:114 - Register for checkConnection events
2025-11-03 14:28:22,464 [FATAL] Updater:351 - Updater called before beeing initialized
2025-11-03 14:28:22,464 [ERROR] CADModel:125 - Updater not yet initialized, retry later 
2025-11-03 14:28:22,680 [FATAL] Updater:351 - Updater called before beeing initialized
2025-11-03 14:28:22,683 [INFO] CADModel:165 - CPN selected for project level
2025-11-03 14:28:22,683 [INFO] CADModel:114 - Register for checkConnection events
2025-11-03 14:28:22,683 [FATAL] Updater:351 - Updater called before beeing initialized
2025-11-03 14:28:22,683 [ERROR] CADModel:125 - Updater not yet initialized, retry later 
2025-11-03 14:28:22,689 [FATAL] Updater:351 - Updater called before beeing initialized
2025-11-03 14:28:22,847 [FATAL] Updater:351 - Updater called before beeing initialized
2025-11-03 14:28:22,851 [INFO] DbMcusAds:53 - JSON generation date=Thu Oct 02 15:06:05 IST 2025 (1759397765645)
2025-11-03 14:28:22,851 [FATAL] Updater:351 - Updater called before beeing initialized
2025-11-03 14:28:22,896 [WARN] DetailPanel:346 - Failed to get advertising image, set to default
2025-11-03 14:28:22,998 [FATAL] Updater:351 - Updater called before beeing initialized
2025-11-03 14:28:23,000 [FATAL] Updater:351 - Updater called before beeing initialized
2025-11-03 14:28:23,000 [FATAL] Updater:351 - Updater called before beeing initialized
2025-11-03 14:28:23,000 [WARN] DetailPanel:346 - Failed to get advertising image, set to default
2025-11-03 14:28:23,001 [FATAL] Updater:351 - Updater called before beeing initialized
2025-11-03 14:28:23,054 [ERROR] Updater:1198 - MainUpdater not yet initialized. External WinMGr cannot be set.
2025-11-03 14:28:23,056 [INFO] Updater:1134 - Updater Version found : 6.15.0
2025-11-03 14:28:23,074 [INFO] ApplicationProperties:184 - Using Application install path: C:\ST\STM32CubeIDE_1.19.0\STM32CubeIDE\plugins\com.st.stm32cube.common.mx_6.15.0.202507011659
2025-11-03 14:28:23,472 [INFO] ThirdPartyUpdaterWithRetryManager:70 - Updater plugin not ready yet. [2/15]
2025-11-03 14:28:24,646 [ERROR] LogOutputStream:75 - [STDERR_REDIRECT] Nov 03, 2025 2:28:24 PM java.util.prefs.WindowsPreferences <init>
2025-11-03 14:28:24,649 [ERROR] LogOutputStream:75 - [STDERR_REDIRECT] WARNING: Could not open/create prefs root node Software\JavaSoft\Prefs at root 0xffffffff80000002. Windows RegCreateKeyEx(...) returned error code 5.
2025-11-03 14:28:24,649 [ERROR] LogOutputStream:75 - [STDERR_REDIRECT] 
2025-11-03 14:28:25,067 [INFO] MainUpdater:2872 - connection check result : 10
2025-11-03 14:28:25,067 [INFO] MainUpdater:289 - Updater Check For Update Now.
2025-11-03 14:28:25,068 [INFO] MicroXplorer:498 - Change Database Version : DB.6.0.150
2025-11-03 14:28:25,078 [INFO] McuFinderGlobals:63 - Set McuFinder mode to 2 (CubeIDE integrated)
2025-11-03 14:28:25,080 [INFO] UserAuth:487 - Internet connection configuration mode: 1
2025-11-03 14:28:25,118 [INFO] JxBrowserEngine:152 - Initiate JxBrowser Engine with user profile folder
2025-11-03 14:28:25,293 [INFO] CheckServerUpdateThread:120 - End of CheckServer Thread
2025-11-03 14:28:26,569 [INFO] WebApp:169 - Instantiating new browser for Auth
2025-11-03 14:28:27,112 [WARN] PackLoader:240 - Cannot read IP mode file for STMicroelectronics.FP-SNS-MOTENVWB1.1.4.0
2025-11-03 14:28:27,124 [WARN] PackLoader:240 - Cannot read IP mode file for STMicroelectronics.FP-ATR-ASTRA1.2.0.2
2025-11-03 14:28:27,135 [WARN] PackLoader:240 - Cannot read IP mode file for STMicroelectronics.X-CUBE-SMBUS.2.1.0
2025-11-03 14:28:27,178 [WARN] PackLoader:240 - Cannot read IP mode file for STMicroelectronics.X-CUBE-AZRTOS-F7.1.1.0
2025-11-03 14:28:27,191 [WARN] PackLoader:240 - Cannot read IP mode file for Cesanta.I-CUBE-Mongoose.7.19.0
2025-11-03 14:28:27,199 [WARN] PackLoader:240 - Cannot read IP mode file for STMicroelectronics.FP-SNS-MOTENV1.5.1.0
2025-11-03 14:28:27,216 [WARN] PackLoader:240 - Cannot read IP mode file for WES.I-CUBE-Cesium.1.4.0
2025-11-03 14:28:27,259 [WARN] PackLoader:240 - Cannot read IP mode file for Infineon.AIROC-Wi-Fi-Bluetooth-STM32.1.7.1
2025-11-03 14:28:27,311 [WARN] PackLoader:240 - Cannot read IP mode file for STMicroelectronics.X-CUBE-AZRTOS-H7.3.4.0
2025-11-03 14:28:27,329 [WARN] PackLoader:240 - Cannot read IP mode file for STMicroelectronics.X-CUBE-DISPLAY.3.0.0
2025-11-03 14:28:27,353 [WARN] PackLoader:240 - Cannot read IP mode file for STMicroelectronics.X-CUBE-NFC10.1.0.0
2025-11-03 14:28:27,369 [WARN] PackLoader:240 - Cannot read IP mode file for STMicroelectronics.X-CUBE-ST60.1.1.0
2025-11-03 14:28:27,385 [WARN] PackLoader:240 - Cannot read IP mode file for emotas.I-CUBE-CANOPEN.1.3.0
2025-11-03 14:28:27,412 [WARN] PackLoader:240 - Cannot read IP mode file for STMicroelectronics.X-CUBE-GNSS1.7.1.0
2025-11-03 14:28:27,431 [WARN] PackLoader:240 - Cannot read IP mode file for STMicroelectronics.FP-SNS-STBOX1.2.1.0
2025-11-03 14:28:27,445 [WARN] PackLoader:240 - Cannot read IP mode file for STMicroelectronics.FP-SNS-SMARTAG2.1.2.0
2025-11-03 14:28:27,458 [WARN] PackLoader:240 - Cannot read IP mode file for STMicroelectronics.FP-SNS-FLIGHT1.5.1.0
2025-11-03 14:28:27,486 [INFO] LogOutputStream:77 - [STDOUT_REDIRECT] 1 : Invalid condition id : UX_CORESTACK_Condition cause : null
2025-11-03 14:28:27,487 [INFO] LogOutputStream:77 - [STDOUT_REDIRECT] 1 : Invalid condition id : UX_CORESTACK_Condition cause : null
2025-11-03 14:28:27,492 [INFO] LogOutputStream:77 - [STDOUT_REDIRECT] 1 : Invalid condition id : UX_CORESTACK_Condition cause : null
2025-11-03 14:28:27,494 [INFO] LogOutputStream:77 - [STDOUT_REDIRECT] 1 : Invalid condition id : UX_CORESTACK_Condition cause : null
2025-11-03 14:28:27,498 [INFO] LogOutputStream:77 - [STDOUT_REDIRECT] 1 : Invalid condition id : UX_CORESTACK_Condition cause : null
2025-11-03 14:28:27,504 [WARN] PackLoader:240 - Cannot read IP mode file for STMicroelectronics.X-CUBE-AZRTOS-WL.2.0.0
2025-11-03 14:28:27,521 [WARN] PackLoader:240 - Cannot read IP mode file for STMicroelectronics.X-CUBE-BLE2.3.3.0
2025-11-03 14:28:27,541 [WARN] PackLoader:240 - Cannot read IP mode file for STMicroelectronics.X-CUBE-NFC9.1.0.0
2025-11-03 14:28:27,559 [WARN] PackLoader:240 - Cannot read IP mode file for wolfSSL.I-CUBE-wolfSSL.5.8.2
2025-11-03 14:28:27,575 [WARN] PackLoader:240 - Cannot read IP mode file for STMicroelectronics.X-CUBE-BLE1.7.1.0
2025-11-03 14:28:27,588 [WARN] PackLoader:240 - Cannot read IP mode file for wolfSSL.I-CUBE-wolfMQTT.1.19.2
2025-11-03 14:28:27,621 [WARN] PackLoader:240 - Cannot read IP mode file for STMicroelectronics.X-CUBE-EEPRMA1.5.2.0
2025-11-03 14:28:27,655 [WARN] PackLoader:240 - Cannot read IP mode file for STMicroelectronics.X-CUBE-ST67W61.1.1.0
2025-11-03 14:28:27,800 [WARN] PackLoader:240 - Cannot read IP mode file for STMicroelectronics.X-CUBE-AZRTOS-G0.1.1.0
2025-11-03 14:28:27,835 [WARN] PackLoader:240 - Cannot read IP mode file for STMicroelectronics.X-CUBE-SAFEA1.1.2.2
2025-11-03 14:28:27,858 [WARN] PackLoader:240 - Cannot read IP mode file for STMicroelectronics.X-CUBE-NFC4.3.0.0
2025-11-03 14:28:27,887 [WARN] PackLoader:240 - Cannot read IP mode file for EmbeddedOffice.I-CUBE-FS-RTOS.1.0.1
2025-11-03 14:28:27,912 [WARN] PackLoader:240 - Cannot read IP mode file for STMicroelectronics.X-CUBE-WB05N.2.0.0
2025-11-03 14:28:27,926 [WARN] PackLoader:240 - Cannot read IP mode file for wolfSSL.I-CUBE-wolfTPM.3.8.0
2025-11-03 14:28:27,994 [WARN] PackLoader:240 - Cannot read IP mode file for STMicroelectronics.X-CUBE-TCPP.4.2.0
2025-11-03 14:28:28,059 [WARN] PackLoader:240 - Cannot read IP mode file for RealThread.X-CUBE-RT-Thread_Nano.4.1.1
2025-11-03 14:28:28,101 [WARN] PackLoader:240 - Cannot read IP mode file for STMicroelectronics.FP-ATR-SIGFOX1.3.2.0
2025-11-03 14:28:28,134 [WARN] PackLoader:240 - Cannot read IP mode file for ITTIA_DB.I-CUBE-ITTIADB.8.9.0
2025-11-03 14:28:28,155 [WARN] PackLoader:240 - Cannot read IP mode file for STMicroelectronics.X-CUBE-AI.10.2.0
2025-11-03 14:28:28,217 [WARN] PackLoader:240 - Cannot read IP mode file for SEGGER.I-CUBE-embOS.1.3.1
2025-11-03 14:28:28,385 [WARN] PackLoader:240 - Cannot read IP mode file for STMicroelectronics.X-CUBE-ALGOBUILD.1.4.0
2025-11-03 14:28:28,683 [WARN] PackLoader:240 - Cannot read IP mode file for STMicroelectronics.X-CUBE-MEMS1.11.3.0
2025-11-03 14:28:28,904 [INFO] WebApp:463 - Apply proxy settings
2025-11-03 14:28:28,905 [INFO] WebApp:548 - Chromium requires no authentication
2025-11-03 14:28:28,930 [INFO] WebApp:491 - Direct internet connection detected
2025-11-03 14:28:28,942 [WARN] PackLoader:240 - Cannot read IP mode file for STMicroelectronics.X-CUBE-PM33A1.1.0.0
2025-11-03 14:28:28,978 [WARN] PackLoader:240 - Cannot read IP mode file for STMicroelectronics.X-CUBE-AZRTOS-F4.1.1.0
2025-11-03 14:28:28,994 [WARN] PackLoader:240 - Cannot read IP mode file for STMicroelectronics.X-CUBE-ISPU.2.1.0
2025-11-03 14:28:29,007 [INFO] WebApp:900 - Register for checkConnection events
2025-11-03 14:28:29,009 [INFO] WebApp:463 - Apply proxy settings
2025-11-03 14:28:29,010 [INFO] WebApp:548 - Chromium requires no authentication
2025-11-03 14:28:29,015 [INFO] WebApp:491 - Direct internet connection detected
2025-11-03 14:28:29,030 [WARN] PackLoader:240 - Cannot read IP mode file for STMicroelectronics.X-CUBE-IPS.3.2.0
2025-11-03 14:28:29,053 [WARN] PackLoader:240 - Cannot read IP mode file for STMicroelectronics.X-CUBE-NFC12.1.0.0
2025-11-03 14:28:29,080 [WARN] PackLoader:240 - Cannot read IP mode file for STMicroelectronics.X-CUBE-AZRTOS-L5.2.0.0
2025-11-03 14:28:29,102 [WARN] PackLoader:240 - Cannot read IP mode file for STMicroelectronics.X-CUBE-NFC6.3.1.0
2025-11-03 14:28:29,117 [WARN] PackLoader:240 - Cannot read IP mode file for STMicroelectronics.X-CUBE-FREERTOS.1.3.1
2025-11-03 14:28:29,131 [WARN] PackLoader:240 - Cannot read IP mode file for STMicroelectronics.X-CUBE-TOUCHGFX.4.26.0
2025-11-03 14:28:29,151 [WARN] PackLoader:240 - Cannot read IP mode file for STMicroelectronics.FP-SNS-STAIOTCFT.1.0.0
2025-11-03 14:28:29,166 [WARN] PackLoader:240 - Cannot read IP mode file for STMicroelectronics.X-CUBE-DPower.1.3.0
2025-11-03 14:28:29,197 [WARN] ConditionMgr:438 - getConditionDescription Invalid condition id : LAN8742 Phy interface Condition cause : null
2025-11-03 14:28:29,200 [WARN] PackLoader:240 - Cannot read IP mode file for STMicroelectronics.X-CUBE-AZRTOS-L4.2.0.0
2025-11-03 14:28:29,228 [WARN] ConditionMgr:1044 - genDependencies : Invalid condition id : LAN8742 Phy interface Condition cause : null
2025-11-03 14:28:29,229 [WARN] ConditionMgr:1044 - genDependencies : Invalid condition id : LAN8742 Phy interface Condition cause : null
2025-11-03 14:28:29,230 [WARN] ConditionMgr:1044 - genDependencies : Invalid condition id : LAN8742 Phy interface Condition cause : null
2025-11-03 14:28:29,296 [WARN] PackLoader:240 - Cannot read IP mode file for STMicroelectronics.X-CUBE-SFXS2LP1.4.0.0
2025-11-03 14:28:29,346 [INFO] WebApp:191 - Connection restablished
2025-11-03 14:28:29,360 [WARN] PackLoader:240 - Cannot read IP mode file for STMicroelectronics.X-CUBE-BLEMGR.4.1.0
2025-11-03 14:28:29,435 [WARN] ConditionMgr:438 - getConditionDescription Invalid condition id : UX DEVICE CLASS RTOS Condition cause : null
2025-11-03 14:28:29,435 [WARN] ConditionMgr:438 - getConditionDescription Invalid condition id : UX DEVICE CLASS RTOS Condition cause : null
2025-11-03 14:28:29,450 [WARN] PackLoader:240 - Cannot read IP mode file for STMicroelectronics.X-CUBE-AZRTOS-WB.2.0.0
2025-11-03 14:28:29,453 [WARN] ConditionMgr:1044 - genDependencies : Invalid condition id : UX DEVICE CLASS RTOS Condition cause : null
2025-11-03 14:28:29,453 [WARN] ConditionMgr:1044 - genDependencies : Invalid condition id : UX DEVICE CLASS RTOS Condition cause : null
2025-11-03 14:28:29,455 [WARN] ConditionMgr:1044 - genDependencies : Invalid condition id : UX DEVICE CLASS RTOS Condition cause : null
2025-11-03 14:28:29,456 [WARN] ConditionMgr:1044 - genDependencies : Invalid condition id : UX DEVICE CLASS RTOS Condition cause : null
2025-11-03 14:28:29,457 [WARN] ConditionMgr:1044 - genDependencies : Invalid condition id : UX DEVICE CLASS RTOS Condition cause : null
2025-11-03 14:28:29,507 [WARN] PackLoader:240 - Cannot read IP mode file for STMicroelectronics.X-CUBE-GNSS1.7.0.1
2025-11-03 14:28:29,627 [WARN] ConditionMgr:438 - getConditionDescription Invalid condition id : Cortex-A Device cause : null
2025-11-03 14:28:29,748 [WARN] ConditionMgr:1044 - genDependencies : Invalid condition id : Cortex-A Device cause : null
2025-11-03 14:28:29,749 [WARN] ConditionMgr:1044 - genDependencies : Invalid condition id : Cortex-A Device cause : null
2025-11-03 14:28:29,749 [WARN] ConditionMgr:1044 - genDependencies : Invalid condition id : Cortex-A Device cause : null
2025-11-03 14:28:29,824 [WARN] PackLoader:240 - Cannot read IP mode file for STMicroelectronics.X-CUBE-SUBG2.5.0.0
2025-11-03 14:28:29,933 [WARN] PackLoader:240 - Cannot read IP mode file for STMicroelectronics.X-CUBE-AZRTOS-H7RS.1.1.0
2025-11-03 14:28:29,979 [WARN] PackLoader:240 - Cannot read IP mode file for STMicroelectronics.X-CUBE-AZRTOS-G4.2.0.0
2025-11-03 14:28:30,103 [WARN] PackLoader:240 - Cannot read IP mode file for wolfSSL.I-CUBE-wolfSSH.1.4.20
2025-11-03 14:28:30,116 [WARN] PackLoader:240 - Cannot read IP mode file for STMicroelectronics.X-CUBE-NFC7.2.0.0
2025-11-03 14:28:30,182 [WARN] PackLoader:240 - Cannot read IP mode file for STMicroelectronics.X-CUBE-ALS.1.0.2
2025-11-03 14:28:30,197 [WARN] PackLoader:240 - Cannot read IP mode file for STMicroelectronics.X-CUBE-STSE01.1.0.0
2025-11-03 14:28:30,244 [WARN] PackLoader:240 - Cannot read IP mode file for STMicroelectronics.X-CUBE-TOF1.3.4.3
2025-11-03 14:28:30,267 [INFO] ThirdParty:978 - Integrity check success = true
2025-11-03 14:28:30,269 [INFO] IntegrityCheckThread:100 - exiting critical section [integrity check]
2025-11-03 14:28:30,270 [INFO] IntegrityCheckThread:103 - End integrity checks thread
2025-11-03 14:28:30,418 [INFO] WebApp:225 - Starting web application
2025-11-03 14:28:30,419 [INFO] WebApp:593 - Web application path used C:\ST\STM32CubeIDE_1.19.0\STM32CubeIDE\plugins\com.st.stm32cube.common.mx_6.15.0.202507011659\db\plugins\mcufinder\reactClient1\index.html
2025-11-03 14:28:30,776 [INFO] UserAuth:487 - Internet connection configuration mode: 1
2025-11-03 14:52:22,285 [INFO] WebApp:194 - Connection lost
2025-11-03 14:52:22,561 [INFO] WebApp:191 - Connection restablished
2025-11-03 14:59:15,513 [ERROR] LogOutputStream:75 - [STDERR_REDIRECT] 
2025-11-03 14:59:15,528 [ERROR] LogOutputStream:75 - [STDERR_REDIRECT] 
