09:27:45 **** Build of configuration Debug for project UART_HAL_interrupt ****
make -j8 all 
arm-none-eabi-gcc "../Drivers/STM32L0xx_HAL_Driver/Src/stm32l0xx_hal.c" -mcpu=cortex-m0plus -std=gnu11 -g3 -DDEBUG -DUSE_HAL_DRIVER -DSTM32L053xx -c -I../Core/Inc -I../Drivers/STM32L0xx_HAL_Driver/Inc -I../Drivers/STM32L0xx_HAL_Driver/Inc/Legacy -I../Drivers/CMSIS/Device/ST/STM32L0xx/Include -I../Drivers/CMSIS/Include -O0 -ffunction-sections -fdata-sections -Wall -fstack-usage -fcyclomatic-complexity -MMD -MP -MF"Drivers/STM32L0xx_HAL_Driver/Src/stm32l0xx_hal.d" -MT"Drivers/STM32L0xx_HAL_Driver/Src/stm32l0xx_hal.o" --specs=nano.specs -mfloat-abi=soft -mthumb -o "Drivers/STM32L0xx_HAL_Driver/Src/stm32l0xx_hal.o"
arm-none-eabi-gcc "../Drivers/STM32L0xx_HAL_Driver/Src/stm32l0xx_hal_cortex.c" -mcpu=cortex-m0plus -std=gnu11 -g3 -DDEBUG -DUSE_HAL_DRIVER -DSTM32L053xx -c -I../Core/Inc -I../Drivers/STM32L0xx_HAL_Driver/Inc -I../Drivers/STM32L0xx_HAL_Driver/Inc/Legacy -I../Drivers/CMSIS/Device/ST/STM32L0xx/Include -I../Drivers/CMSIS/Include -O0 -ffunction-sections -fdata-sections -Wall -fstack-usage -fcyclomatic-complexity -MMD -MP -MF"Drivers/STM32L0xx_HAL_Driver/Src/stm32l0xx_hal_cortex.d" -MT"Drivers/STM32L0xx_HAL_Driver/Src/stm32l0xx_hal_cortex.o" --specs=nano.specs -mfloat-abi=soft -mthumb -o "Drivers/STM32L0xx_HAL_Driver/Src/stm32l0xx_hal_cortex.o"
arm-none-eabi-gcc "../Drivers/STM32L0xx_HAL_Driver/Src/stm32l0xx_hal_dma.c" -mcpu=cortex-m0plus -std=gnu11 -g3 -DDEBUG -DUSE_HAL_DRIVER -DSTM32L053xx -c -I../Core/Inc -I../Drivers/STM32L0xx_HAL_Driver/Inc -I../Drivers/STM32L0xx_HAL_Driver/Inc/Legacy -I../Drivers/CMSIS/Device/ST/STM32L0xx/Include -I../Drivers/CMSIS/Include -O0 -ffunction-sections -fdata-sections -Wall -fstack-usage -fcyclomatic-complexity -MMD -MP -MF"Drivers/STM32L0xx_HAL_Driver/Src/stm32l0xx_hal_dma.d" -MT"Drivers/STM32L0xx_HAL_Driver/Src/stm32l0xx_hal_dma.o" --specs=nano.specs -mfloat-abi=soft -mthumb -o "Drivers/STM32L0xx_HAL_Driver/Src/stm32l0xx_hal_dma.o"
arm-none-eabi-gcc "../Drivers/STM32L0xx_HAL_Driver/Src/stm32l0xx_hal_exti.c" -mcpu=cortex-m0plus -std=gnu11 -g3 -DDEBUG -DUSE_HAL_DRIVER -DSTM32L053xx -c -I../Core/Inc -I../Drivers/STM32L0xx_HAL_Driver/Inc -I../Drivers/STM32L0xx_HAL_Driver/Inc/Legacy -I../Drivers/CMSIS/Device/ST/STM32L0xx/Include -I../Drivers/CMSIS/Include -O0 -ffunction-sections -fdata-sections -Wall -fstack-usage -fcyclomatic-complexity -MMD -MP -MF"Drivers/STM32L0xx_HAL_Driver/Src/stm32l0xx_hal_exti.d" -MT"Drivers/STM32L0xx_HAL_Driver/Src/stm32l0xx_hal_exti.o" --specs=nano.specs -mfloat-abi=soft -mthumb -o "Drivers/STM32L0xx_HAL_Driver/Src/stm32l0xx_hal_exti.o"
arm-none-eabi-gcc "../Drivers/STM32L0xx_HAL_Driver/Src/stm32l0xx_hal_flash.c" -mcpu=cortex-m0plus -std=gnu11 -g3 -DDEBUG -DUSE_HAL_DRIVER -DSTM32L053xx -c -I../Core/Inc -I../Drivers/STM32L0xx_HAL_Driver/Inc -I../Drivers/STM32L0xx_HAL_Driver/Inc/Legacy -I../Drivers/CMSIS/Device/ST/STM32L0xx/Include -I../Drivers/CMSIS/Include -O0 -ffunction-sections -fdata-sections -Wall -fstack-usage -fcyclomatic-complexity -MMD -MP -MF"Drivers/STM32L0xx_HAL_Driver/Src/stm32l0xx_hal_flash.d" -MT"Drivers/STM32L0xx_HAL_Driver/Src/stm32l0xx_hal_flash.o" --specs=nano.specs -mfloat-abi=soft -mthumb -o "Drivers/STM32L0xx_HAL_Driver/Src/stm32l0xx_hal_flash.o"
arm-none-eabi-gcc "../Drivers/STM32L0xx_HAL_Driver/Src/stm32l0xx_hal_flash_ex.c" -mcpu=cortex-m0plus -std=gnu11 -g3 -DDEBUG -DUSE_HAL_DRIVER -DSTM32L053xx -c -I../Core/Inc -I../Drivers/STM32L0xx_HAL_Driver/Inc -I../Drivers/STM32L0xx_HAL_Driver/Inc/Legacy -I../Drivers/CMSIS/Device/ST/STM32L0xx/Include -I../Drivers/CMSIS/Include -O0 -ffunction-sections -fdata-sections -Wall -fstack-usage -fcyclomatic-complexity -MMD -MP -MF"Drivers/STM32L0xx_HAL_Driver/Src/stm32l0xx_hal_flash_ex.d" -MT"Drivers/STM32L0xx_HAL_Driver/Src/stm32l0xx_hal_flash_ex.o" --specs=nano.specs -mfloat-abi=soft -mthumb -o "Drivers/STM32L0xx_HAL_Driver/Src/stm32l0xx_hal_flash_ex.o"
arm-none-eabi-gcc "../Drivers/STM32L0xx_HAL_Driver/Src/stm32l0xx_hal_flash_ramfunc.c" -mcpu=cortex-m0plus -std=gnu11 -g3 -DDEBUG -DUSE_HAL_DRIVER -DSTM32L053xx -c -I../Core/Inc -I../Drivers/STM32L0xx_HAL_Driver/Inc -I../Drivers/STM32L0xx_HAL_Driver/Inc/Legacy -I../Drivers/CMSIS/Device/ST/STM32L0xx/Include -I../Drivers/CMSIS/Include -O0 -ffunction-sections -fdata-sections -Wall -fstack-usage -fcyclomatic-complexity -MMD -MP -MF"Drivers/STM32L0xx_HAL_Driver/Src/stm32l0xx_hal_flash_ramfunc.d" -MT"Drivers/STM32L0xx_HAL_Driver/Src/stm32l0xx_hal_flash_ramfunc.o" --specs=nano.specs -mfloat-abi=soft -mthumb -o "Drivers/STM32L0xx_HAL_Driver/Src/stm32l0xx_hal_flash_ramfunc.o"
arm-none-eabi-gcc "../Drivers/STM32L0xx_HAL_Driver/Src/stm32l0xx_hal_gpio.c" -mcpu=cortex-m0plus -std=gnu11 -g3 -DDEBUG -DUSE_HAL_DRIVER -DSTM32L053xx -c -I../Core/Inc -I../Drivers/STM32L0xx_HAL_Driver/Inc -I../Drivers/STM32L0xx_HAL_Driver/Inc/Legacy -I../Drivers/CMSIS/Device/ST/STM32L0xx/Include -I../Drivers/CMSIS/Include -O0 -ffunction-sections -fdata-sections -Wall -fstack-usage -fcyclomatic-complexity -MMD -MP -MF"Drivers/STM32L0xx_HAL_Driver/Src/stm32l0xx_hal_gpio.d" -MT"Drivers/STM32L0xx_HAL_Driver/Src/stm32l0xx_hal_gpio.o" --specs=nano.specs -mfloat-abi=soft -mthumb -o "Drivers/STM32L0xx_HAL_Driver/Src/stm32l0xx_hal_gpio.o"
arm-none-eabi-gcc "../Drivers/STM32L0xx_HAL_Driver/Src/stm32l0xx_hal_i2c.c" -mcpu=cortex-m0plus -std=gnu11 -g3 -DDEBUG -DUSE_HAL_DRIVER -DSTM32L053xx -c -I../Core/Inc -I../Drivers/STM32L0xx_HAL_Driver/Inc -I../Drivers/STM32L0xx_HAL_Driver/Inc/Legacy -I../Drivers/CMSIS/Device/ST/STM32L0xx/Include -I../Drivers/CMSIS/Include -O0 -ffunction-sections -fdata-sections -Wall -fstack-usage -fcyclomatic-complexity -MMD -MP -MF"Drivers/STM32L0xx_HAL_Driver/Src/stm32l0xx_hal_i2c.d" -MT"Drivers/STM32L0xx_HAL_Driver/Src/stm32l0xx_hal_i2c.o" --specs=nano.specs -mfloat-abi=soft -mthumb -o "Drivers/STM32L0xx_HAL_Driver/Src/stm32l0xx_hal_i2c.o"
arm-none-eabi-gcc "../Drivers/STM32L0xx_HAL_Driver/Src/stm32l0xx_hal_i2c_ex.c" -mcpu=cortex-m0plus -std=gnu11 -g3 -DDEBUG -DUSE_HAL_DRIVER -DSTM32L053xx -c -I../Core/Inc -I../Drivers/STM32L0xx_HAL_Driver/Inc -I../Drivers/STM32L0xx_HAL_Driver/Inc/Legacy -I../Drivers/CMSIS/Device/ST/STM32L0xx/Include -I../Drivers/CMSIS/Include -O0 -ffunction-sections -fdata-sections -Wall -fstack-usage -fcyclomatic-complexity -MMD -MP -MF"Drivers/STM32L0xx_HAL_Driver/Src/stm32l0xx_hal_i2c_ex.d" -MT"Drivers/STM32L0xx_HAL_Driver/Src/stm32l0xx_hal_i2c_ex.o" --specs=nano.specs -mfloat-abi=soft -mthumb -o "Drivers/STM32L0xx_HAL_Driver/Src/stm32l0xx_hal_i2c_ex.o"
arm-none-eabi-gcc "../Drivers/STM32L0xx_HAL_Driver/Src/stm32l0xx_hal_pcd.c" -mcpu=cortex-m0plus -std=gnu11 -g3 -DDEBUG -DUSE_HAL_DRIVER -DSTM32L053xx -c -I../Core/Inc -I../Drivers/STM32L0xx_HAL_Driver/Inc -I../Drivers/STM32L0xx_HAL_Driver/Inc/Legacy -I../Drivers/CMSIS/Device/ST/STM32L0xx/Include -I../Drivers/CMSIS/Include -O0 -ffunction-sections -fdata-sections -Wall -fstack-usage -fcyclomatic-complexity -MMD -MP -MF"Drivers/STM32L0xx_HAL_Driver/Src/stm32l0xx_hal_pcd.d" -MT"Drivers/STM32L0xx_HAL_Driver/Src/stm32l0xx_hal_pcd.o" --specs=nano.specs -mfloat-abi=soft -mthumb -o "Drivers/STM32L0xx_HAL_Driver/Src/stm32l0xx_hal_pcd.o"
arm-none-eabi-gcc "../Drivers/STM32L0xx_HAL_Driver/Src/stm32l0xx_hal_pcd_ex.c" -mcpu=cortex-m0plus -std=gnu11 -g3 -DDEBUG -DUSE_HAL_DRIVER -DSTM32L053xx -c -I../Core/Inc -I../Drivers/STM32L0xx_HAL_Driver/Inc -I../Drivers/STM32L0xx_HAL_Driver/Inc/Legacy -I../Drivers/CMSIS/Device/ST/STM32L0xx/Include -I../Drivers/CMSIS/Include -O0 -ffunction-sections -fdata-sections -Wall -fstack-usage -fcyclomatic-complexity -MMD -MP -MF"Drivers/STM32L0xx_HAL_Driver/Src/stm32l0xx_hal_pcd_ex.d" -MT"Drivers/STM32L0xx_HAL_Driver/Src/stm32l0xx_hal_pcd_ex.o" --specs=nano.specs -mfloat-abi=soft -mthumb -o "Drivers/STM32L0xx_HAL_Driver/Src/stm32l0xx_hal_pcd_ex.o"
arm-none-eabi-gcc "../Drivers/STM32L0xx_HAL_Driver/Src/stm32l0xx_hal_pwr.c" -mcpu=cortex-m0plus -std=gnu11 -g3 -DDEBUG -DUSE_HAL_DRIVER -DSTM32L053xx -c -I../Core/Inc -I../Drivers/STM32L0xx_HAL_Driver/Inc -I../Drivers/STM32L0xx_HAL_Driver/Inc/Legacy -I../Drivers/CMSIS/Device/ST/STM32L0xx/Include -I../Drivers/CMSIS/Include -O0 -ffunction-sections -fdata-sections -Wall -fstack-usage -fcyclomatic-complexity -MMD -MP -MF"Drivers/STM32L0xx_HAL_Driver/Src/stm32l0xx_hal_pwr.d" -MT"Drivers/STM32L0xx_HAL_Driver/Src/stm32l0xx_hal_pwr.o" --specs=nano.specs -mfloat-abi=soft -mthumb -o "Drivers/STM32L0xx_HAL_Driver/Src/stm32l0xx_hal_pwr.o"
arm-none-eabi-gcc "../Drivers/STM32L0xx_HAL_Driver/Src/stm32l0xx_hal_pwr_ex.c" -mcpu=cortex-m0plus -std=gnu11 -g3 -DDEBUG -DUSE_HAL_DRIVER -DSTM32L053xx -c -I../Core/Inc -I../Drivers/STM32L0xx_HAL_Driver/Inc -I../Drivers/STM32L0xx_HAL_Driver/Inc/Legacy -I../Drivers/CMSIS/Device/ST/STM32L0xx/Include -I../Drivers/CMSIS/Include -O0 -ffunction-sections -fdata-sections -Wall -fstack-usage -fcyclomatic-complexity -MMD -MP -MF"Drivers/STM32L0xx_HAL_Driver/Src/stm32l0xx_hal_pwr_ex.d" -MT"Drivers/STM32L0xx_HAL_Driver/Src/stm32l0xx_hal_pwr_ex.o" --specs=nano.specs -mfloat-abi=soft -mthumb -o "Drivers/STM32L0xx_HAL_Driver/Src/stm32l0xx_hal_pwr_ex.o"
arm-none-eabi-gcc "../Drivers/STM32L0xx_HAL_Driver/Src/stm32l0xx_hal_rcc.c" -mcpu=cortex-m0plus -std=gnu11 -g3 -DDEBUG -DUSE_HAL_DRIVER -DSTM32L053xx -c -I../Core/Inc -I../Drivers/STM32L0xx_HAL_Driver/Inc -I../Drivers/STM32L0xx_HAL_Driver/Inc/Legacy -I../Drivers/CMSIS/Device/ST/STM32L0xx/Include -I../Drivers/CMSIS/Include -O0 -ffunction-sections -fdata-sections -Wall -fstack-usage -fcyclomatic-complexity -MMD -MP -MF"Drivers/STM32L0xx_HAL_Driver/Src/stm32l0xx_hal_rcc.d" -MT"Drivers/STM32L0xx_HAL_Driver/Src/stm32l0xx_hal_rcc.o" --specs=nano.specs -mfloat-abi=soft -mthumb -o "Drivers/STM32L0xx_HAL_Driver/Src/stm32l0xx_hal_rcc.o"
arm-none-eabi-gcc "../Drivers/STM32L0xx_HAL_Driver/Src/stm32l0xx_hal_rcc_ex.c" -mcpu=cortex-m0plus -std=gnu11 -g3 -DDEBUG -DUSE_HAL_DRIVER -DSTM32L053xx -c -I../Core/Inc -I../Drivers/STM32L0xx_HAL_Driver/Inc -I../Drivers/STM32L0xx_HAL_Driver/Inc/Legacy -I../Drivers/CMSIS/Device/ST/STM32L0xx/Include -I../Drivers/CMSIS/Include -O0 -ffunction-sections -fdata-sections -Wall -fstack-usage -fcyclomatic-complexity -MMD -MP -MF"Drivers/STM32L0xx_HAL_Driver/Src/stm32l0xx_hal_rcc_ex.d" -MT"Drivers/STM32L0xx_HAL_Driver/Src/stm32l0xx_hal_rcc_ex.o" --specs=nano.specs -mfloat-abi=soft -mthumb -o "Drivers/STM32L0xx_HAL_Driver/Src/stm32l0xx_hal_rcc_ex.o"
arm-none-eabi-gcc "../Drivers/STM32L0xx_HAL_Driver/Src/stm32l0xx_hal_spi.c" -mcpu=cortex-m0plus -std=gnu11 -g3 -DDEBUG -DUSE_HAL_DRIVER -DSTM32L053xx -c -I../Core/Inc -I../Drivers/STM32L0xx_HAL_Driver/Inc -I../Drivers/STM32L0xx_HAL_Driver/Inc/Legacy -I../Drivers/CMSIS/Device/ST/STM32L0xx/Include -I../Drivers/CMSIS/Include -O0 -ffunction-sections -fdata-sections -Wall -fstack-usage -fcyclomatic-complexity -MMD -MP -MF"Drivers/STM32L0xx_HAL_Driver/Src/stm32l0xx_hal_spi.d" -MT"Drivers/STM32L0xx_HAL_Driver/Src/stm32l0xx_hal_spi.o" --specs=nano.specs -mfloat-abi=soft -mthumb -o "Drivers/STM32L0xx_HAL_Driver/Src/stm32l0xx_hal_spi.o"
arm-none-eabi-gcc "../Drivers/STM32L0xx_HAL_Driver/Src/stm32l0xx_hal_tsc.c" -mcpu=cortex-m0plus -std=gnu11 -g3 -DDEBUG -DUSE_HAL_DRIVER -DSTM32L053xx -c -I../Core/Inc -I../Drivers/STM32L0xx_HAL_Driver/Inc -I../Drivers/STM32L0xx_HAL_Driver/Inc/Legacy -I../Drivers/CMSIS/Device/ST/STM32L0xx/Include -I../Drivers/CMSIS/Include -O0 -ffunction-sections -fdata-sections -Wall -fstack-usage -fcyclomatic-complexity -MMD -MP -MF"Drivers/STM32L0xx_HAL_Driver/Src/stm32l0xx_hal_tsc.d" -MT"Drivers/STM32L0xx_HAL_Driver/Src/stm32l0xx_hal_tsc.o" --specs=nano.specs -mfloat-abi=soft -mthumb -o "Drivers/STM32L0xx_HAL_Driver/Src/stm32l0xx_hal_tsc.o"
arm-none-eabi-gcc "../Drivers/STM32L0xx_HAL_Driver/Src/stm32l0xx_hal_uart.c" -mcpu=cortex-m0plus -std=gnu11 -g3 -DDEBUG -DUSE_HAL_DRIVER -DSTM32L053xx -c -I../Core/Inc -I../Drivers/STM32L0xx_HAL_Driver/Inc -I../Drivers/STM32L0xx_HAL_Driver/Inc/Legacy -I../Drivers/CMSIS/Device/ST/STM32L0xx/Include -I../Drivers/CMSIS/Include -O0 -ffunction-sections -fdata-sections -Wall -fstack-usage -fcyclomatic-complexity -MMD -MP -MF"Drivers/STM32L0xx_HAL_Driver/Src/stm32l0xx_hal_uart.d" -MT"Drivers/STM32L0xx_HAL_Driver/Src/stm32l0xx_hal_uart.o" --specs=nano.specs -mfloat-abi=soft -mthumb -o "Drivers/STM32L0xx_HAL_Driver/Src/stm32l0xx_hal_uart.o"
arm-none-eabi-gcc "../Drivers/STM32L0xx_HAL_Driver/Src/stm32l0xx_hal_uart_ex.c" -mcpu=cortex-m0plus -std=gnu11 -g3 -DDEBUG -DUSE_HAL_DRIVER -DSTM32L053xx -c -I../Core/Inc -I../Drivers/STM32L0xx_HAL_Driver/Inc -I../Drivers/STM32L0xx_HAL_Driver/Inc/Legacy -I../Drivers/CMSIS/Device/ST/STM32L0xx/Include -I../Drivers/CMSIS/Include -O0 -ffunction-sections -fdata-sections -Wall -fstack-usage -fcyclomatic-complexity -MMD -MP -MF"Drivers/STM32L0xx_HAL_Driver/Src/stm32l0xx_hal_uart_ex.d" -MT"Drivers/STM32L0xx_HAL_Driver/Src/stm32l0xx_hal_uart_ex.o" --specs=nano.specs -mfloat-abi=soft -mthumb -o "Drivers/STM32L0xx_HAL_Driver/Src/stm32l0xx_hal_uart_ex.o"
arm-none-eabi-gcc "../Drivers/STM32L0xx_HAL_Driver/Src/stm32l0xx_ll_usb.c" -mcpu=cortex-m0plus -std=gnu11 -g3 -DDEBUG -DUSE_HAL_DRIVER -DSTM32L053xx -c -I../Core/Inc -I../Drivers/STM32L0xx_HAL_Driver/Inc -I../Drivers/STM32L0xx_HAL_Driver/Inc/Legacy -I../Drivers/CMSIS/Device/ST/STM32L0xx/Include -I../Drivers/CMSIS/Include -O0 -ffunction-sections -fdata-sections -Wall -fstack-usage -fcyclomatic-complexity -MMD -MP -MF"Drivers/STM32L0xx_HAL_Driver/Src/stm32l0xx_ll_usb.d" -MT"Drivers/STM32L0xx_HAL_Driver/Src/stm32l0xx_ll_usb.o" --specs=nano.specs -mfloat-abi=soft -mthumb -o "Drivers/STM32L0xx_HAL_Driver/Src/stm32l0xx_ll_usb.o"
arm-none-eabi-gcc -mcpu=cortex-m0plus -g3 -DDEBUG -c -x assembler-with-cpp -MMD -MP -MF"Core/Startup/startup_stm32l053c8tx.d" -MT"Core/Startup/startup_stm32l053c8tx.o" --specs=nano.specs -mfloat-abi=soft -mthumb -o "Core/Startup/startup_stm32l053c8tx.o" "../Core/Startup/startup_stm32l053c8tx.s"
arm-none-eabi-gcc "../Core/Src/gpio.c" -mcpu=cortex-m0plus -std=gnu11 -g3 -DDEBUG -DUSE_HAL_DRIVER -DSTM32L053xx -c -I../Core/Inc -I../Drivers/STM32L0xx_HAL_Driver/Inc -I../Drivers/STM32L0xx_HAL_Driver/Inc/Legacy -I../Drivers/CMSIS/Device/ST/STM32L0xx/Include -I../Drivers/CMSIS/Include -O0 -ffunction-sections -fdata-sections -Wall -fstack-usage -fcyclomatic-complexity -MMD -MP -MF"Core/Src/gpio.d" -MT"Core/Src/gpio.o" --specs=nano.specs -mfloat-abi=soft -mthumb -o "Core/Src/gpio.o"
arm-none-eabi-gcc "../Core/Src/i2c.c" -mcpu=cortex-m0plus -std=gnu11 -g3 -DDEBUG -DUSE_HAL_DRIVER -DSTM32L053xx -c -I../Core/Inc -I../Drivers/STM32L0xx_HAL_Driver/Inc -I../Drivers/STM32L0xx_HAL_Driver/Inc/Legacy -I../Drivers/CMSIS/Device/ST/STM32L0xx/Include -I../Drivers/CMSIS/Include -O0 -ffunction-sections -fdata-sections -Wall -fstack-usage -fcyclomatic-complexity -MMD -MP -MF"Core/Src/i2c.d" -MT"Core/Src/i2c.o" --specs=nano.specs -mfloat-abi=soft -mthumb -o "Core/Src/i2c.o"
arm-none-eabi-gcc "../Core/Src/main.c" -mcpu=cortex-m0plus -std=gnu11 -g3 -DDEBUG -DUSE_HAL_DRIVER -DSTM32L053xx -c -I../Core/Inc -I../Drivers/STM32L0xx_HAL_Driver/Inc -I../Drivers/STM32L0xx_HAL_Driver/Inc/Legacy -I../Drivers/CMSIS/Device/ST/STM32L0xx/Include -I../Drivers/CMSIS/Include -O0 -ffunction-sections -fdata-sections -Wall -fstack-usage -fcyclomatic-complexity -MMD -MP -MF"Core/Src/main.d" -MT"Core/Src/main.o" --specs=nano.specs -mfloat-abi=soft -mthumb -o "Core/Src/main.o"
arm-none-eabi-gcc "../Core/Src/spi.c" -mcpu=cortex-m0plus -std=gnu11 -g3 -DDEBUG -DUSE_HAL_DRIVER -DSTM32L053xx -c -I../Core/Inc -I../Drivers/STM32L0xx_HAL_Driver/Inc -I../Drivers/STM32L0xx_HAL_Driver/Inc/Legacy -I../Drivers/CMSIS/Device/ST/STM32L0xx/Include -I../Drivers/CMSIS/Include -O0 -ffunction-sections -fdata-sections -Wall -fstack-usage -fcyclomatic-complexity -MMD -MP -MF"Core/Src/spi.d" -MT"Core/Src/spi.o" --specs=nano.specs -mfloat-abi=soft -mthumb -o "Core/Src/spi.o"
arm-none-eabi-gcc "../Core/Src/stm32l0xx_hal_msp.c" -mcpu=cortex-m0plus -std=gnu11 -g3 -DDEBUG -DUSE_HAL_DRIVER -DSTM32L053xx -c -I../Core/Inc -I../Drivers/STM32L0xx_HAL_Driver/Inc -I../Drivers/STM32L0xx_HAL_Driver/Inc/Legacy -I../Drivers/CMSIS/Device/ST/STM32L0xx/Include -I../Drivers/CMSIS/Include -O0 -ffunction-sections -fdata-sections -Wall -fstack-usage -fcyclomatic-complexity -MMD -MP -MF"Core/Src/stm32l0xx_hal_msp.d" -MT"Core/Src/stm32l0xx_hal_msp.o" --specs=nano.specs -mfloat-abi=soft -mthumb -o "Core/Src/stm32l0xx_hal_msp.o"
arm-none-eabi-gcc "../Core/Src/stm32l0xx_it.c" -mcpu=cortex-m0plus -std=gnu11 -g3 -DDEBUG -DUSE_HAL_DRIVER -DSTM32L053xx -c -I../Core/Inc -I../Drivers/STM32L0xx_HAL_Driver/Inc -I../Drivers/STM32L0xx_HAL_Driver/Inc/Legacy -I../Drivers/CMSIS/Device/ST/STM32L0xx/Include -I../Drivers/CMSIS/Include -O0 -ffunction-sections -fdata-sections -Wall -fstack-usage -fcyclomatic-complexity -MMD -MP -MF"Core/Src/stm32l0xx_it.d" -MT"Core/Src/stm32l0xx_it.o" --specs=nano.specs -mfloat-abi=soft -mthumb -o "Core/Src/stm32l0xx_it.o"
arm-none-eabi-gcc "../Core/Src/syscalls.c" -mcpu=cortex-m0plus -std=gnu11 -g3 -DDEBUG -DUSE_HAL_DRIVER -DSTM32L053xx -c -I../Core/Inc -I../Drivers/STM32L0xx_HAL_Driver/Inc -I../Drivers/STM32L0xx_HAL_Driver/Inc/Legacy -I../Drivers/CMSIS/Device/ST/STM32L0xx/Include -I../Drivers/CMSIS/Include -O0 -ffunction-sections -fdata-sections -Wall -fstack-usage -fcyclomatic-complexity -MMD -MP -MF"Core/Src/syscalls.d" -MT"Core/Src/syscalls.o" --specs=nano.specs -mfloat-abi=soft -mthumb -o "Core/Src/syscalls.o"
arm-none-eabi-gcc "../Core/Src/sysmem.c" -mcpu=cortex-m0plus -std=gnu11 -g3 -DDEBUG -DUSE_HAL_DRIVER -DSTM32L053xx -c -I../Core/Inc -I../Drivers/STM32L0xx_HAL_Driver/Inc -I../Drivers/STM32L0xx_HAL_Driver/Inc/Legacy -I../Drivers/CMSIS/Device/ST/STM32L0xx/Include -I../Drivers/CMSIS/Include -O0 -ffunction-sections -fdata-sections -Wall -fstack-usage -fcyclomatic-complexity -MMD -MP -MF"Core/Src/sysmem.d" -MT"Core/Src/sysmem.o" --specs=nano.specs -mfloat-abi=soft -mthumb -o "Core/Src/sysmem.o"
arm-none-eabi-gcc "../Core/Src/system_stm32l0xx.c" -mcpu=cortex-m0plus -std=gnu11 -g3 -DDEBUG -DUSE_HAL_DRIVER -DSTM32L053xx -c -I../Core/Inc -I../Drivers/STM32L0xx_HAL_Driver/Inc -I../Drivers/STM32L0xx_HAL_Driver/Inc/Legacy -I../Drivers/CMSIS/Device/ST/STM32L0xx/Include -I../Drivers/CMSIS/Include -O0 -ffunction-sections -fdata-sections -Wall -fstack-usage -fcyclomatic-complexity -MMD -MP -MF"Core/Src/system_stm32l0xx.d" -MT"Core/Src/system_stm32l0xx.o" --specs=nano.specs -mfloat-abi=soft -mthumb -o "Core/Src/system_stm32l0xx.o"
arm-none-eabi-gcc "../Core/Src/tsc.c" -mcpu=cortex-m0plus -std=gnu11 -g3 -DDEBUG -DUSE_HAL_DRIVER -DSTM32L053xx -c -I../Core/Inc -I../Drivers/STM32L0xx_HAL_Driver/Inc -I../Drivers/STM32L0xx_HAL_Driver/Inc/Legacy -I../Drivers/CMSIS/Device/ST/STM32L0xx/Include -I../Drivers/CMSIS/Include -O0 -ffunction-sections -fdata-sections -Wall -fstack-usage -fcyclomatic-complexity -MMD -MP -MF"Core/Src/tsc.d" -MT"Core/Src/tsc.o" --specs=nano.specs -mfloat-abi=soft -mthumb -o "Core/Src/tsc.o"
arm-none-eabi-gcc "../Core/Src/usart.c" -mcpu=cortex-m0plus -std=gnu11 -g3 -DDEBUG -DUSE_HAL_DRIVER -DSTM32L053xx -c -I../Core/Inc -I../Drivers/STM32L0xx_HAL_Driver/Inc -I../Drivers/STM32L0xx_HAL_Driver/Inc/Legacy -I../Drivers/CMSIS/Device/ST/STM32L0xx/Include -I../Drivers/CMSIS/Include -O0 -ffunction-sections -fdata-sections -Wall -fstack-usage -fcyclomatic-complexity -MMD -MP -MF"Core/Src/usart.d" -MT"Core/Src/usart.o" --specs=nano.specs -mfloat-abi=soft -mthumb -o "Core/Src/usart.o"
arm-none-eabi-gcc "../Core/Src/usb.c" -mcpu=cortex-m0plus -std=gnu11 -g3 -DDEBUG -DUSE_HAL_DRIVER -DSTM32L053xx -c -I../Core/Inc -I../Drivers/STM32L0xx_HAL_Driver/Inc -I../Drivers/STM32L0xx_HAL_Driver/Inc/Legacy -I../Drivers/CMSIS/Device/ST/STM32L0xx/Include -I../Drivers/CMSIS/Include -O0 -ffunction-sections -fdata-sections -Wall -fstack-usage -fcyclomatic-complexity -MMD -MP -MF"Core/Src/usb.d" -MT"Core/Src/usb.o" --specs=nano.specs -mfloat-abi=soft -mthumb -o "Core/Src/usb.o"
arm-none-eabi-gcc -o "UART_HAL_interrupt.elf" @"objects.list"   -mcpu=cortex-m0plus -T"C:\Haril_bitsilica\STM_training_module\driver_playist_2\UART_Interrupt_HAL\UART_HAL_interrupt\STM32L053C8TX_FLASH.ld" --specs=nosys.specs -Wl,-Map="UART_HAL_interrupt.map" -Wl,--gc-sections -static --specs=nano.specs -mfloat-abi=soft -mthumb -Wl,--start-group -lc -lm -Wl,--end-group
Finished building target: UART_HAL_interrupt.elf
 
arm-none-eabi-size  UART_HAL_interrupt.elf 
arm-none-eabi-objdump -h -S UART_HAL_interrupt.elf  > "UART_HAL_interrupt.list"
   text	   data	    bss	    dec	    hex	filename
  15564	     12	   2764	  18340	   47a4	UART_HAL_interrupt.elf
Finished building: default.size.stdout
 
Finished building: UART_HAL_interrupt.list
 
09:30:09 **** Incremental Build of configuration Debug for project UART_HAL_interrupt ****
make -j8 all 
arm-none-eabi-gcc "../Core/Src/main.c" -mcpu=cortex-m0plus -std=gnu11 -g3 -DDEBUG -DUSE_HAL_DRIVER -DSTM32L053xx -c -I../Core/Inc -I../Drivers/STM32L0xx_HAL_Driver/Inc -I../Drivers/STM32L0xx_HAL_Driver/Inc/Legacy -I../Drivers/CMSIS/Device/ST/STM32L0xx/Include -I../Drivers/CMSIS/Include -O0 -ffunction-sections -fdata-sections -Wall -fstack-usage -fcyclomatic-complexity -MMD -MP -MF"Core/Src/main.d" -MT"Core/Src/main.o" --specs=nano.specs -mfloat-abi=soft -mthumb -o "Core/Src/main.o"
../Core/Src/main.c: In function 'HAL_UART_RxCpltCallback':
../Core/Src/main.c:71:33: error: 'rx_data' undeclared (first use in this function); did you mean 'tx_data'?
   71 |         rx_buffer[rx_index++] = rx_data;
      |                                 ^~~~~~~
      |                                 tx_data
../Core/Src/main.c:71:33: note: each undeclared identifier is reported only once for each function it appears in
../Core/Src/main.c: In function 'main':
../Core/Src/main.c:118:33: error: 'rx_data' undeclared (first use in this function); did you mean 'tx_data'?
  118 |   HAL_UART_Receive_IT(&huart1, &rx_data, 1);
      |                                 ^~~~~~~
      |                                 tx_data
make: *** [Core/Src/subdir.mk:52: Core/Src/main.o] Error 1
"make -j8 all" terminated with exit code 2. Build might be incomplete.
09:30:43 **** Incremental Build of configuration Debug for project UART_HAL_interrupt ****
make -j8 all 
arm-none-eabi-gcc "../Core/Src/main.c" -mcpu=cortex-m0plus -std=gnu11 -g3 -DDEBUG -DUSE_HAL_DRIVER -DSTM32L053xx -c -I../Core/Inc -I../Drivers/STM32L0xx_HAL_Driver/Inc -I../Drivers/STM32L0xx_HAL_Driver/Inc/Legacy -I../Drivers/CMSIS/Device/ST/STM32L0xx/Include -I../Drivers/CMSIS/Include -O0 -ffunction-sections -fdata-sections -Wall -fstack-usage -fcyclomatic-complexity -MMD -MP -MF"Core/Src/main.d" -MT"Core/Src/main.o" --specs=nano.specs -mfloat-abi=soft -mthumb -o "Core/Src/main.o"
arm-none-eabi-gcc -o "UART_HAL_interrupt.elf" @"objects.list"   -mcpu=cortex-m0plus -T"C:\Haril_bitsilica\STM_training_module\driver_playist_2\UART_Interrupt_HAL\UART_HAL_interrupt\STM32L053C8TX_FLASH.ld" --specs=nosys.specs -Wl,-Map="UART_HAL_interrupt.map" -Wl,--gc-sections -static --specs=nano.specs -mfloat-abi=soft -mthumb -Wl,--start-group -lc -lm -Wl,--end-group
Finished building target: UART_HAL_interrupt.elf
 
arm-none-eabi-size  UART_HAL_interrupt.elf 
arm-none-eabi-objdump -h -S UART_HAL_interrupt.elf  > "UART_HAL_interrupt.list"
   text	   data	    bss	    dec	    hex	filename
  17512	     12	   2796	  20320	   4f60	UART_HAL_interrupt.elf
Finished building: default.size.stdout
 
Finished building: UART_HAL_interrupt.list
 
09:31:28 **** Incremental Build of configuration Debug for project UART_HAL_interrupt ****
make -j8 all 
arm-none-eabi-gcc "../Core/Src/main.c" -mcpu=cortex-m0plus -std=gnu11 -g3 -DDEBUG -DUSE_HAL_DRIVER -DSTM32L053xx -c -I../Core/Inc -I../Drivers/STM32L0xx_HAL_Driver/Inc -I../Drivers/STM32L0xx_HAL_Driver/Inc/Legacy -I../Drivers/CMSIS/Device/ST/STM32L0xx/Include -I../Drivers/CMSIS/Include -O0 -ffunction-sections -fdata-sections -Wall -fstack-usage -fcyclomatic-complexity -MMD -MP -MF"Core/Src/main.d" -MT"Core/Src/main.o" --specs=nano.specs -mfloat-abi=soft -mthumb -o "Core/Src/main.o"
arm-none-eabi-gcc -o "UART_HAL_interrupt.elf" @"objects.list"   -mcpu=cortex-m0plus -T"C:\Haril_bitsilica\STM_training_module\driver_playist_2\UART_Interrupt_HAL\UART_HAL_interrupt\STM32L053C8TX_FLASH.ld" --specs=nosys.specs -Wl,-Map="UART_HAL_interrupt.map" -Wl,--gc-sections -static --specs=nano.specs -mfloat-abi=soft -mthumb -Wl,--start-group -lc -lm -Wl,--end-group
Finished building target: UART_HAL_interrupt.elf
 
arm-none-eabi-size  UART_HAL_interrupt.elf 
arm-none-eabi-objdump -h -S UART_HAL_interrupt.elf  > "UART_HAL_interrupt.list"
   text	   data	    bss	    dec	    hex	filename
  17636	     28	   2796	  20460	   4fec	UART_HAL_interrupt.elf
Finished building: default.size.stdout
 
Finished building: UART_HAL_interrupt.list
 
11:25:44 **** Incremental Build of configuration Debug for project UART_HAL_interrupt ****
make -j8 all 
arm-none-eabi-size  UART_HAL_interrupt.elf 
   text	   data	    bss	    dec	    hex	filename
  17636	     28	   2796	  20460	   4fec	UART_HAL_interrupt.elf
Finished building: default.size.stdout
 
11:25:56 **** Incremental Build of configuration Debug for project UART_HAL_interrupt ****
make -j8 all 
arm-none-eabi-size  UART_HAL_interrupt.elf 
   text	   data	    bss	    dec	    hex	filename
  17636	     28	   2796	  20460	   4fec	UART_HAL_interrupt.elf
Finished building: default.size.stdout
 
