2025-10-29 09:20:05,105 [INFO] Activator:176 - 


2025-10-29 09:20:05,109 [INFO] Activator:177 - !SESSION log4j initialized
2025-10-29 09:20:10,069 [INFO] LogOutputStream:77 - [STDOUT_REDIRECT] 
2025-10-29 09:20:14,244 [INFO] ApplicationProperties:184 - Using Application install path: C:\ST\STM32CubeIDE_1.19.0\STM32CubeIDE\plugins\com.st.stm32cube.common.mx_6.15.0.202507011659
2025-10-29 09:20:14,284 [INFO] DbMcusXml:78 - Set database path to: C:\ST\STM32CubeIDE_1.19.0\STM32CubeIDE\plugins\com.st.stm32cube.common.mx_6.15.0.202507011659\\db\/mcu/
2025-10-29 09:20:14,284 [INFO] ApiDb:274 - Set plugin database path to: C:\ST\STM32CubeIDE_1.19.0\STM32CubeIDE\plugins\com.st.stm32cube.common.mx_6.15.0.202507011659\\db\/plugins/boardmanager/
2025-10-29 09:20:14,286 [WARN] ApiDb:259 - Overriding images path with different value:  => C:\ST\STM32CubeIDE_1.19.0\STM32CubeIDE\plugins\com.st.stm32cube.common.mx_6.15.0.202507011659\\db\/plugins/mcufinder/images/
2025-10-29 09:20:14,306 [INFO] ApiDb:250 - Set database path to: C:\Users\Himshree\.stmcufinder\plugins\mcufinder//mcu/
2025-10-29 09:20:14,309 [INFO] DbMcusAds:125 - Set database path to: C:\Users\Himshree\.stmcufinder\plugins\mcufinder//mcu/
2025-10-29 09:20:14,315 [INFO] CrossReferenceDbSqlite:203 - Set database path to: C:\Users\Himshree\.stmcufinder\plugins\mcufinder//mcu/cs/
2025-10-29 09:20:14,573 [INFO] RulesReader:64 - Compatibility file has been processed (317 Rules)
2025-10-29 09:20:14,787 [INFO] DbMcusXml:78 - Set database path to: C:\ST\STM32CubeIDE_1.19.0\STM32CubeIDE\plugins\com.st.stm32cube.common.mx_6.15.0.202507011659\\db\/mcu/
2025-10-29 09:20:14,787 [INFO] ApiDb:274 - Set plugin database path to: C:\ST\STM32CubeIDE_1.19.0\STM32CubeIDE\plugins\com.st.stm32cube.common.mx_6.15.0.202507011659\\db\/plugins/boardmanager/
2025-10-29 09:20:14,788 [INFO] ApiDb:261 - Set plugin images path to: C:\ST\STM32CubeIDE_1.19.0\STM32CubeIDE\plugins\com.st.stm32cube.common.mx_6.15.0.202507011659\\db\/plugins/mcufinder/images/
2025-10-29 09:20:14,789 [WARN] DbFile:41 - Overriding database path with different value: C:\Users\Himshree\.stmcufinder\plugins\mcufinder/ => C:\Users\Himshree\.stmcufinder\plugins\mcufinder
2025-10-29 09:20:14,789 [INFO] ApiDb:250 - Set database path to: C:\Users\Himshree\.stmcufinder\plugins\mcufinder//mcu/
2025-10-29 09:20:14,789 [WARN] DbFile:41 - Overriding database path with different value: C:\Users\Himshree\.stmcufinder\plugins\mcufinder/ => C:\Users\Himshree\.stmcufinder\plugins\mcufinder
2025-10-29 09:20:14,790 [INFO] DbMcusAds:125 - Set database path to: C:\Users\Himshree\.stmcufinder\plugins\mcufinder//mcu/
2025-10-29 09:20:14,790 [WARN] DbFile:41 - Overriding database path with different value: C:\Users\Himshree\.stmcufinder\plugins\mcufinder/ => C:\Users\Himshree\.stmcufinder\plugins\mcufinder
2025-10-29 09:20:14,790 [WARN] DbFile:41 - Overriding database path with different value: C:\Users\Himshree\.stmcufinder\plugins\mcufinder/ => C:\Users\Himshree\.stmcufinder\plugins\mcufinder
2025-10-29 09:20:14,791 [INFO] CrossReferenceDbSqlite:203 - Set database path to: C:\Users\Himshree\.stmcufinder\plugins\mcufinder//mcu/cs/
2025-10-29 09:20:14,977 [INFO] MainPanel:274 - HeapMemory: 268435456
2025-10-29 09:20:15,190 [INFO] DbMcusXml:78 - Set database path to: C:\ST\STM32CubeIDE_1.19.0\STM32CubeIDE\plugins\com.st.stm32cube.common.mx_6.15.0.202507011659\\db\/mcu/
2025-10-29 09:20:15,190 [INFO] ApiDb:274 - Set plugin database path to: C:\ST\STM32CubeIDE_1.19.0\STM32CubeIDE\plugins\com.st.stm32cube.common.mx_6.15.0.202507011659\\db\/plugins/boardmanager/
2025-10-29 09:20:15,191 [INFO] ApiDb:261 - Set plugin images path to: C:\ST\STM32CubeIDE_1.19.0\STM32CubeIDE\plugins\com.st.stm32cube.common.mx_6.15.0.202507011659\\db\/plugins/mcufinder/images/
2025-10-29 09:20:15,191 [WARN] DbFile:41 - Overriding database path with different value: C:\Users\Himshree\.stmcufinder\plugins\mcufinder/ => C:\Users\Himshree\.stmcufinder\plugins\mcufinder
2025-10-29 09:20:15,192 [INFO] ApiDb:250 - Set database path to: C:\Users\Himshree\.stmcufinder\plugins\mcufinder//mcu/
2025-10-29 09:20:15,192 [WARN] DbFile:41 - Overriding database path with different value: C:\Users\Himshree\.stmcufinder\plugins\mcufinder/ => C:\Users\Himshree\.stmcufinder\plugins\mcufinder
2025-10-29 09:20:15,192 [INFO] DbMcusAds:125 - Set database path to: C:\Users\Himshree\.stmcufinder\plugins\mcufinder//mcu/
2025-10-29 09:20:15,192 [WARN] DbFile:41 - Overriding database path with different value: C:\Users\Himshree\.stmcufinder\plugins\mcufinder/ => C:\Users\Himshree\.stmcufinder\plugins\mcufinder
2025-10-29 09:20:15,193 [WARN] DbFile:41 - Overriding database path with different value: C:\Users\Himshree\.stmcufinder\plugins\mcufinder/ => C:\Users\Himshree\.stmcufinder\plugins\mcufinder
2025-10-29 09:20:15,193 [INFO] CrossReferenceDbSqlite:203 - Set database path to: C:\Users\Himshree\.stmcufinder\plugins\mcufinder//mcu/cs/
2025-10-29 09:20:15,228 [INFO] ApplicationProperties:184 - Using Application install path: C:\ST\STM32CubeIDE_1.19.0\STM32CubeIDE\plugins\com.st.stm32cube.common.mx_6.15.0.202507011659
2025-10-29 09:20:15,232 [INFO] PluginManage:196 - Search for loadable plugins [exclusion list=, ]
2025-10-29 09:20:15,234 [INFO] PluginManage:310 - Check plugin analytics
2025-10-29 09:20:15,671 [INFO] AnalyticsPlugin:253 - Accepted Software Licenses: 
2025-10-29 09:20:15,672 [INFO] AnalyticsPlugin:255 - Accepted CMSIS Pack Licenses: 
2025-10-29 09:20:15,672 [INFO] AnalyticsPlugin:257 - Accepted Firmware Licenses: FW.F4.1.28.0
2025-10-29 09:20:15,677 [INFO] PluginManage:359 - Loaded plugin analytics (category:tool,tabindex:-1)
2025-10-29 09:20:15,677 [INFO] PluginManage:310 - Check plugin cadmodel
2025-10-29 09:20:15,690 [INFO] CADModel:105 - Init CAD model plugin
2025-10-29 09:20:15,690 [INFO] PluginManage:359 - Loaded plugin cadmodel (category:power,tabindex:5)
2025-10-29 09:20:15,691 [INFO] PluginManage:310 - Check plugin clock
2025-10-29 09:20:15,717 [INFO] PluginManage:359 - Loaded plugin clock (category:base,tabindex:2)
2025-10-29 09:20:15,718 [INFO] PluginManage:310 - Check plugin ddr
2025-10-29 09:20:15,724 [INFO] PluginManage:359 - Loaded plugin ddr (category:tool,tabindex:6)
2025-10-29 09:20:15,725 [INFO] PluginManage:310 - Check plugin filemanager
2025-10-29 09:20:16,068 [INFO] PluginManage:359 - Loaded plugin filemanager (category:base,tabindex:10)
2025-10-29 09:20:16,069 [INFO] PluginManage:310 - Check plugin ipmanager
2025-10-29 09:20:16,088 [INFO] PluginManage:359 - Loaded plugin ipmanager (category:base,tabindex:5)
2025-10-29 09:20:16,088 [INFO] PluginManage:310 - Check plugin lpbam
2025-10-29 09:20:16,104 [INFO] PluginManage:359 - Loaded plugin lpbam (category:base,tabindex:0)
2025-10-29 09:20:16,105 [INFO] PluginManage:310 - Check plugin memorymap
2025-10-29 09:20:16,137 [INFO] PluginManage:359 - Loaded plugin memorymap (category:base,tabindex:4)
2025-10-29 09:20:16,137 [INFO] PluginManage:310 - Check plugin pinoutandconfiguration
2025-10-29 09:20:16,154 [INFO] PluginManage:359 - Loaded plugin pinoutandconfiguration (category:base,tabindex:1)
2025-10-29 09:20:16,155 [INFO] PluginManage:310 - Check plugin pinoutconfig
2025-10-29 09:20:16,354 [WARN] SupportedApi:132 - Cannot load RTOS API schema: s4s-elt-must-match.1: The content of 'definitions' must match (annotation?, (simpleType | complexType)?, (unique | key | keyref)*)). A problem was found starting at: attribute.
2025-10-29 09:20:16,740 [INFO] PluginManage:359 - Loaded plugin pinoutconfig (category:base,tabindex:0)
2025-10-29 09:20:16,740 [INFO] PluginManage:310 - Check plugin power
2025-10-29 09:20:16,759 [INFO] PluginManage:359 - Loaded plugin power (category:power,tabindex:4)
2025-10-29 09:20:16,759 [INFO] PluginManage:310 - Check plugin projectmanager
2025-10-29 09:20:16,794 [INFO] PluginManage:359 - Loaded plugin projectmanager (category:projectmanager,tabindex:4)
2025-10-29 09:20:16,795 [INFO] PluginManage:310 - Check plugin rif
2025-10-29 09:20:16,817 [INFO] PluginManage:359 - Loaded plugin rif (category:base,tabindex:3)
2025-10-29 09:20:16,817 [INFO] PluginManage:310 - Check plugin thirdparty
2025-10-29 09:20:17,132 [INFO] PluginManage:359 - Loaded plugin thirdparty (category:base,tabindex:-1)
2025-10-29 09:20:17,132 [INFO] PluginManage:310 - Check plugin tools
2025-10-29 09:20:17,132 [WARN] IntegrityCheckThread:84 - waiting for thirdparty lock release [integrity check]
2025-10-29 09:20:17,132 [INFO] IntegrityCheckThread:86 - entering critical section [integrity check]
2025-10-29 09:20:17,133 [INFO] ThirdPartyUpdaterWithRetryManager:70 - Updater plugin not ready yet. [1/15]
2025-10-29 09:20:17,138 [INFO] PluginManage:359 - Loaded plugin tools (category:base,tabindex:7)
2025-10-29 09:20:17,139 [INFO] PluginManage:310 - Check plugin tutovideos
2025-10-29 09:20:17,447 [INFO] PluginManage:359 - Loaded plugin tutovideos (category:base,tabindex:-1)
2025-10-29 09:20:17,447 [INFO] PluginManage:310 - Check plugin updater
2025-10-29 09:20:17,479 [INFO] PluginManage:359 - Loaded plugin updater (category:base,tabindex:12)
2025-10-29 09:20:17,479 [INFO] PluginManage:310 - Check plugin userauth
2025-10-29 09:20:17,485 [INFO] UserAuth:118 - Init User Auth plugin
2025-10-29 09:20:17,486 [INFO] PluginManage:359 - Loaded plugin userauth (category:base,tabindex:14)
2025-10-29 09:20:17,487 [INFO] PluginManage:283 - PluginManage : Loaded plugins [18]
2025-10-29 09:20:17,996 [INFO] PinOutPanel:1589 - setPackage(No Configuration,No Configuration)
2025-10-29 09:20:18,182 [INFO] CADModel:165 - CPN selected for project level
2025-10-29 09:20:18,183 [INFO] CADModel:114 - Register for checkConnection events
2025-10-29 09:20:18,208 [INFO] IPUIPlugin:80 - create IPUIPlugin
2025-10-29 09:20:18,208 [INFO] PluginManager:220 - loadIPPluginJar : add adc
2025-10-29 09:20:18,213 [INFO] IPUIPlugin:80 - create IPUIPlugin
2025-10-29 09:20:18,213 [INFO] PluginManager:220 - loadIPPluginJar : add aes
2025-10-29 09:20:18,218 [INFO] IPUIPlugin:80 - create IPUIPlugin
2025-10-29 09:20:18,218 [INFO] PluginManager:220 - loadIPPluginJar : add can
2025-10-29 09:20:18,221 [INFO] IPUIPlugin:80 - create IPUIPlugin
2025-10-29 09:20:18,221 [INFO] PluginManager:220 - loadIPPluginJar : add comp
2025-10-29 09:20:18,225 [INFO] IPUIPlugin:80 - create IPUIPlugin
2025-10-29 09:20:18,225 [INFO] PluginManager:220 - loadIPPluginJar : add cryp
2025-10-29 09:20:18,231 [INFO] IPUIPlugin:80 - create IPUIPlugin
2025-10-29 09:20:18,231 [INFO] PluginManager:220 - loadIPPluginJar : add ddr_ctrl_phy
2025-10-29 09:20:18,235 [INFO] IPUIPlugin:80 - create IPUIPlugin
2025-10-29 09:20:18,235 [INFO] PluginManager:220 - loadIPPluginJar : add dfsdm
2025-10-29 09:20:18,242 [INFO] IPUIPlugin:80 - create IPUIPlugin
2025-10-29 09:20:18,242 [INFO] PluginManager:220 - loadIPPluginJar : add dma
2025-10-29 09:20:18,248 [INFO] IPUIPlugin:80 - create IPUIPlugin
2025-10-29 09:20:18,248 [INFO] PluginManager:220 - loadIPPluginJar : add dma3
2025-10-29 09:20:18,254 [INFO] IPUIPlugin:80 - create IPUIPlugin
2025-10-29 09:20:18,254 [INFO] PluginManager:220 - loadIPPluginJar : add extmemmanager
2025-10-29 09:20:18,256 [INFO] IPUIPlugin:80 - create IPUIPlugin
2025-10-29 09:20:18,256 [INFO] PluginManager:220 - loadIPPluginJar : add fatfs
2025-10-29 09:20:18,263 [INFO] IPUIPlugin:80 - create IPUIPlugin
2025-10-29 09:20:18,265 [INFO] PluginManager:220 - loadIPPluginJar : add fmc
2025-10-29 09:20:18,277 [INFO] IPUIPlugin:80 - create IPUIPlugin
2025-10-29 09:20:18,277 [INFO] PluginManager:220 - loadIPPluginJar : add freertos
2025-10-29 09:20:18,280 [INFO] IPUIPlugin:80 - create IPUIPlugin
2025-10-29 09:20:18,280 [INFO] PluginManager:220 - loadIPPluginJar : add genericplugin
2025-10-29 09:20:18,285 [INFO] IPUIPlugin:80 - create IPUIPlugin
2025-10-29 09:20:18,285 [INFO] PluginManager:220 - loadIPPluginJar : add gfxmmu
2025-10-29 09:20:18,295 [INFO] IPUIPlugin:80 - create IPUIPlugin
2025-10-29 09:20:18,296 [INFO] PluginManager:220 - loadIPPluginJar : add gic
2025-10-29 09:20:18,305 [INFO] IPUIPlugin:80 - create IPUIPlugin
2025-10-29 09:20:18,306 [INFO] PluginManager:220 - loadIPPluginJar : add gpio
2025-10-29 09:20:18,312 [INFO] IPUIPlugin:80 - create IPUIPlugin
2025-10-29 09:20:18,313 [INFO] PluginManager:220 - loadIPPluginJar : add gtzc
2025-10-29 09:20:18,319 [INFO] IPUIPlugin:80 - create IPUIPlugin
2025-10-29 09:20:18,319 [INFO] PluginManager:220 - loadIPPluginJar : add hash
2025-10-29 09:20:18,324 [INFO] IPUIPlugin:80 - create IPUIPlugin
2025-10-29 09:20:18,325 [INFO] PluginManager:220 - loadIPPluginJar : add i2c
2025-10-29 09:20:18,330 [INFO] IPUIPlugin:80 - create IPUIPlugin
2025-10-29 09:20:18,332 [INFO] PluginManager:220 - loadIPPluginJar : add i2s
2025-10-29 09:20:18,338 [INFO] IPUIPlugin:80 - create IPUIPlugin
2025-10-29 09:20:18,339 [INFO] PluginManager:220 - loadIPPluginJar : add i3c
2025-10-29 09:20:18,346 [INFO] IPUIPlugin:80 - create IPUIPlugin
2025-10-29 09:20:18,346 [INFO] PluginManager:220 - loadIPPluginJar : add ipddr
2025-10-29 09:20:18,360 [INFO] IPUIPlugin:80 - create IPUIPlugin
2025-10-29 09:20:18,361 [INFO] PluginManager:220 - loadIPPluginJar : add linkedlist
2025-10-29 09:20:18,367 [INFO] IPUIPlugin:80 - create IPUIPlugin
2025-10-29 09:20:18,368 [INFO] PluginManager:220 - loadIPPluginJar : add lorawan
2025-10-29 09:20:18,372 [INFO] IPUIPlugin:80 - create IPUIPlugin
2025-10-29 09:20:18,373 [INFO] PluginManager:220 - loadIPPluginJar : add ltdc
2025-10-29 09:20:18,386 [INFO] IPUIPlugin:80 - create IPUIPlugin
2025-10-29 09:20:18,386 [INFO] PluginManager:220 - loadIPPluginJar : add mdma
2025-10-29 09:20:18,395 [INFO] IPUIPlugin:80 - create IPUIPlugin
2025-10-29 09:20:18,396 [INFO] PluginManager:220 - loadIPPluginJar : add nvic
2025-10-29 09:20:18,401 [INFO] IPUIPlugin:80 - create IPUIPlugin
2025-10-29 09:20:18,401 [INFO] PluginManager:220 - loadIPPluginJar : add opamp
2025-10-29 09:20:18,408 [INFO] IPUIPlugin:80 - create IPUIPlugin
2025-10-29 09:20:18,408 [INFO] PluginManager:220 - loadIPPluginJar : add openamp
2025-10-29 09:20:18,415 [INFO] IPUIPlugin:80 - create IPUIPlugin
2025-10-29 09:20:18,416 [INFO] PluginManager:220 - loadIPPluginJar : add pdm2pcm
2025-10-29 09:20:18,427 [INFO] IPUIPlugin:80 - create IPUIPlugin
2025-10-29 09:20:18,433 [INFO] PluginManager:220 - loadIPPluginJar : add plateformsettings
2025-10-29 09:20:18,436 [INFO] IPUIPlugin:80 - create IPUIPlugin
2025-10-29 09:20:18,436 [INFO] PluginManager:220 - loadIPPluginJar : add quadspi
2025-10-29 09:20:18,439 [INFO] IPUIPlugin:80 - create IPUIPlugin
2025-10-29 09:20:18,440 [INFO] PluginManager:220 - loadIPPluginJar : add radio
2025-10-29 09:20:18,447 [INFO] IPUIPlugin:80 - create IPUIPlugin
2025-10-29 09:20:18,447 [INFO] PluginManager:220 - loadIPPluginJar : add resmgrutility
2025-10-29 09:20:18,453 [INFO] IPUIPlugin:80 - create IPUIPlugin
2025-10-29 09:20:18,453 [INFO] PluginManager:220 - loadIPPluginJar : add sai
2025-10-29 09:20:18,458 [INFO] IPUIPlugin:80 - create IPUIPlugin
2025-10-29 09:20:18,459 [INFO] PluginManager:220 - loadIPPluginJar : add spi
2025-10-29 09:20:18,468 [INFO] IPUIPlugin:80 - create IPUIPlugin
2025-10-29 09:20:18,468 [INFO] PluginManager:220 - loadIPPluginJar : add stm32_wpan
2025-10-29 09:20:18,470 [INFO] IPUIPlugin:80 - create IPUIPlugin
2025-10-29 09:20:18,470 [INFO] PluginManager:220 - loadIPPluginJar : add tim
2025-10-29 09:20:18,476 [INFO] IPUIPlugin:80 - create IPUIPlugin
2025-10-29 09:20:18,476 [INFO] PluginManager:220 - loadIPPluginJar : add touchsensing
2025-10-29 09:20:18,480 [INFO] IPUIPlugin:80 - create IPUIPlugin
2025-10-29 09:20:18,480 [INFO] PluginManager:220 - loadIPPluginJar : add tracer_emb
2025-10-29 09:20:18,483 [INFO] IPUIPlugin:80 - create IPUIPlugin
2025-10-29 09:20:18,484 [INFO] PluginManager:220 - loadIPPluginJar : add ts
2025-10-29 09:20:18,486 [INFO] IPUIPlugin:80 - create IPUIPlugin
2025-10-29 09:20:18,487 [INFO] PluginManager:220 - loadIPPluginJar : add tsc
2025-10-29 09:20:18,489 [INFO] IPUIPlugin:80 - create IPUIPlugin
2025-10-29 09:20:18,489 [INFO] PluginManager:220 - loadIPPluginJar : add ucpd
2025-10-29 09:20:18,493 [INFO] IPUIPlugin:80 - create IPUIPlugin
2025-10-29 09:20:18,493 [INFO] PluginManager:220 - loadIPPluginJar : add usart
2025-10-29 09:20:18,498 [INFO] IPUIPlugin:80 - create IPUIPlugin
2025-10-29 09:20:18,498 [INFO] PluginManager:220 - loadIPPluginJar : add usbx
2025-10-29 09:20:18,655 [FATAL] Updater:351 - Updater called before beeing initialized
2025-10-29 09:20:18,705 [INFO] RulesReader:64 - Compatibility file has been processed (317 Rules)
2025-10-29 09:20:18,732 [INFO] RulesReader:64 - Compatibility file has been processed (317 Rules)
2025-10-29 09:20:18,746 [INFO] CADModel:165 - CPN selected for project level
2025-10-29 09:20:18,747 [INFO] CADModel:114 - Register for checkConnection events
2025-10-29 09:20:18,747 [FATAL] Updater:351 - Updater called before beeing initialized
2025-10-29 09:20:18,747 [ERROR] CADModel:125 - Updater not yet initialized, retry later 
2025-10-29 09:20:19,091 [FATAL] Updater:351 - Updater called before beeing initialized
2025-10-29 09:20:19,097 [INFO] CADModel:165 - CPN selected for project level
2025-10-29 09:20:19,098 [INFO] CADModel:114 - Register for checkConnection events
2025-10-29 09:20:19,098 [FATAL] Updater:351 - Updater called before beeing initialized
2025-10-29 09:20:19,099 [ERROR] CADModel:125 - Updater not yet initialized, retry later 
2025-10-29 09:20:19,107 [FATAL] Updater:351 - Updater called before beeing initialized
2025-10-29 09:20:19,425 [FATAL] Updater:351 - Updater called before beeing initialized
2025-10-29 09:20:19,437 [INFO] DbMcusAds:53 - JSON generation date=Thu Oct 02 15:06:05 IST 2025 (1759397765645)
2025-10-29 09:20:19,438 [FATAL] Updater:351 - Updater called before beeing initialized
2025-10-29 09:20:19,549 [WARN] DetailPanel:346 - Failed to get advertising image, set to default
2025-10-29 09:20:20,152 [INFO] ThirdPartyUpdaterWithRetryManager:70 - Updater plugin not ready yet. [2/15]
2025-10-29 09:20:20,242 [FATAL] Updater:351 - Updater called before beeing initialized
2025-10-29 09:20:20,281 [FATAL] Updater:351 - Updater called before beeing initialized
2025-10-29 09:20:20,288 [FATAL] Updater:351 - Updater called before beeing initialized
2025-10-29 09:20:20,289 [WARN] DetailPanel:346 - Failed to get advertising image, set to default
2025-10-29 09:20:20,303 [FATAL] Updater:351 - Updater called before beeing initialized
2025-10-29 09:20:20,651 [ERROR] Updater:1198 - MainUpdater not yet initialized. External WinMGr cannot be set.
2025-10-29 09:20:20,665 [INFO] Updater:1134 - Updater Version found : 6.15.0
2025-10-29 09:20:20,733 [INFO] ApplicationProperties:184 - Using Application install path: C:\ST\STM32CubeIDE_1.19.0\STM32CubeIDE\plugins\com.st.stm32cube.common.mx_6.15.0.202507011659
2025-10-29 09:20:20,763 [ERROR] ExternalUserPreferencesManager:606 - Error while get path from external application: Cannot invoke "com.st.stm32cube.common.mx.MxActivator.getBundle()" because the return value of "com.st.stm32cube.common.mx.MxActivator.getDefault()" is null
2025-10-29 09:20:20,765 [ERROR] ExternalUserPreferencesManager:336 - Error while get preference info from external application: Cannot invoke "com.st.stm32cube.common.mx.MxActivator.getBundle()" because the return value of "com.st.stm32cube.common.mx.MxActivator.getDefault()" is null
2025-10-29 09:20:20,772 [ERROR] ExternalUserPreferencesManager:560 - Error while get preference info from external application: Cannot invoke "com.st.stm32cube.common.mx.MxActivator.getBundle()" because the return value of "com.st.stm32cube.common.mx.MxActivator.getDefault()" is null
