2025-11-06 10:59:33,032 [INFO] Activator:176 - 


2025-11-06 10:59:33,040 [INFO] Activator:177 - !SESSION log4j initialized
2025-11-06 10:59:39,591 [INFO] LogOutputStream:77 - [STDOUT_REDIRECT] 
2025-11-06 10:59:40,747 [INFO] ApplicationProperties:184 - Using Application install path: C:\ST\STM32CubeIDE_1.19.0\STM32CubeIDE\plugins\com.st.stm32cube.common.mx_6.15.0.202507011659
2025-11-06 10:59:40,769 [INFO] DbMcusXml:78 - Set database path to: C:\ST\STM32CubeIDE_1.19.0\STM32CubeIDE\plugins\com.st.stm32cube.common.mx_6.15.0.202507011659\\db\/mcu/
2025-11-06 10:59:40,770 [INFO] ApiDb:274 - Set plugin database path to: C:\ST\STM32CubeIDE_1.19.0\STM32CubeIDE\plugins\com.st.stm32cube.common.mx_6.15.0.202507011659\\db\/plugins/boardmanager/
2025-11-06 10:59:40,770 [WARN] ApiDb:259 - Overriding images path with different value:  => C:\ST\STM32CubeIDE_1.19.0\STM32CubeIDE\plugins\com.st.stm32cube.common.mx_6.15.0.202507011659\\db\/plugins/mcufinder/images/
2025-11-06 10:59:40,777 [INFO] ApiDb:250 - Set database path to: C:\Users\Himshree\.stmcufinder\plugins\mcufinder//mcu/
2025-11-06 10:59:40,778 [INFO] DbMcusAds:125 - Set database path to: C:\Users\Himshree\.stmcufinder\plugins\mcufinder//mcu/
2025-11-06 10:59:40,780 [INFO] CrossReferenceDbSqlite:203 - Set database path to: C:\Users\Himshree\.stmcufinder\plugins\mcufinder//mcu/cs/
2025-11-06 10:59:40,905 [INFO] RulesReader:64 - Compatibility file has been processed (317 Rules)
2025-11-06 10:59:41,011 [INFO] DbMcusXml:78 - Set database path to: C:\ST\STM32CubeIDE_1.19.0\STM32CubeIDE\plugins\com.st.stm32cube.common.mx_6.15.0.202507011659\\db\/mcu/
2025-11-06 10:59:41,011 [INFO] ApiDb:274 - Set plugin database path to: C:\ST\STM32CubeIDE_1.19.0\STM32CubeIDE\plugins\com.st.stm32cube.common.mx_6.15.0.202507011659\\db\/plugins/boardmanager/
2025-11-06 10:59:41,011 [INFO] ApiDb:261 - Set plugin images path to: C:\ST\STM32CubeIDE_1.19.0\STM32CubeIDE\plugins\com.st.stm32cube.common.mx_6.15.0.202507011659\\db\/plugins/mcufinder/images/
2025-11-06 10:59:41,011 [WARN] DbFile:41 - Overriding database path with different value: C:\Users\Himshree\.stmcufinder\plugins\mcufinder/ => C:\Users\Himshree\.stmcufinder\plugins\mcufinder
2025-11-06 10:59:41,012 [INFO] ApiDb:250 - Set database path to: C:\Users\Himshree\.stmcufinder\plugins\mcufinder//mcu/
2025-11-06 10:59:41,012 [WARN] DbFile:41 - Overriding database path with different value: C:\Users\Himshree\.stmcufinder\plugins\mcufinder/ => C:\Users\Himshree\.stmcufinder\plugins\mcufinder
2025-11-06 10:59:41,012 [INFO] DbMcusAds:125 - Set database path to: C:\Users\Himshree\.stmcufinder\plugins\mcufinder//mcu/
2025-11-06 10:59:41,012 [WARN] DbFile:41 - Overriding database path with different value: C:\Users\Himshree\.stmcufinder\plugins\mcufinder/ => C:\Users\Himshree\.stmcufinder\plugins\mcufinder
2025-11-06 10:59:41,012 [WARN] DbFile:41 - Overriding database path with different value: C:\Users\Himshree\.stmcufinder\plugins\mcufinder/ => C:\Users\Himshree\.stmcufinder\plugins\mcufinder
2025-11-06 10:59:41,012 [INFO] CrossReferenceDbSqlite:203 - Set database path to: C:\Users\Himshree\.stmcufinder\plugins\mcufinder//mcu/cs/
2025-11-06 10:59:41,105 [INFO] MainPanel:274 - HeapMemory: 268435456
2025-11-06 10:59:41,227 [INFO] DbMcusXml:78 - Set database path to: C:\ST\STM32CubeIDE_1.19.0\STM32CubeIDE\plugins\com.st.stm32cube.common.mx_6.15.0.202507011659\\db\/mcu/
2025-11-06 10:59:41,227 [INFO] ApiDb:274 - Set plugin database path to: C:\ST\STM32CubeIDE_1.19.0\STM32CubeIDE\plugins\com.st.stm32cube.common.mx_6.15.0.202507011659\\db\/plugins/boardmanager/
2025-11-06 10:59:41,228 [INFO] ApiDb:261 - Set plugin images path to: C:\ST\STM32CubeIDE_1.19.0\STM32CubeIDE\plugins\com.st.stm32cube.common.mx_6.15.0.202507011659\\db\/plugins/mcufinder/images/
2025-11-06 10:59:41,228 [WARN] DbFile:41 - Overriding database path with different value: C:\Users\Himshree\.stmcufinder\plugins\mcufinder/ => C:\Users\Himshree\.stmcufinder\plugins\mcufinder
2025-11-06 10:59:41,228 [INFO] ApiDb:250 - Set database path to: C:\Users\Himshree\.stmcufinder\plugins\mcufinder//mcu/
2025-11-06 10:59:41,228 [WARN] DbFile:41 - Overriding database path with different value: C:\Users\Himshree\.stmcufinder\plugins\mcufinder/ => C:\Users\Himshree\.stmcufinder\plugins\mcufinder
2025-11-06 10:59:41,228 [INFO] DbMcusAds:125 - Set database path to: C:\Users\Himshree\.stmcufinder\plugins\mcufinder//mcu/
2025-11-06 10:59:41,228 [WARN] DbFile:41 - Overriding database path with different value: C:\Users\Himshree\.stmcufinder\plugins\mcufinder/ => C:\Users\Himshree\.stmcufinder\plugins\mcufinder
2025-11-06 10:59:41,228 [WARN] DbFile:41 - Overriding database path with different value: C:\Users\Himshree\.stmcufinder\plugins\mcufinder/ => C:\Users\Himshree\.stmcufinder\plugins\mcufinder
2025-11-06 10:59:41,229 [INFO] CrossReferenceDbSqlite:203 - Set database path to: C:\Users\Himshree\.stmcufinder\plugins\mcufinder//mcu/cs/
2025-11-06 10:59:41,251 [INFO] ApplicationProperties:184 - Using Application install path: C:\ST\STM32CubeIDE_1.19.0\STM32CubeIDE\plugins\com.st.stm32cube.common.mx_6.15.0.202507011659
2025-11-06 10:59:41,253 [INFO] PluginManage:196 - Search for loadable plugins [exclusion list=, ]
2025-11-06 10:59:41,255 [INFO] PluginManage:310 - Check plugin analytics
2025-11-06 10:59:41,547 [INFO] AnalyticsPlugin:253 - Accepted Software Licenses: 
2025-11-06 10:59:41,550 [INFO] AnalyticsPlugin:255 - Accepted CMSIS Pack Licenses: 
2025-11-06 10:59:41,550 [INFO] AnalyticsPlugin:257 - Accepted Firmware Licenses: FW.F4.1.28.0,FW.L4.1.18.0
2025-11-06 10:59:41,556 [INFO] PluginManage:359 - Loaded plugin analytics (category:tool,tabindex:-1)
2025-11-06 10:59:41,556 [INFO] PluginManage:310 - Check plugin cadmodel
2025-11-06 10:59:41,563 [INFO] CADModel:105 - Init CAD model plugin
2025-11-06 10:59:41,563 [INFO] PluginManage:359 - Loaded plugin cadmodel (category:power,tabindex:5)
2025-11-06 10:59:41,564 [INFO] PluginManage:310 - Check plugin clock
2025-11-06 10:59:41,584 [INFO] PluginManage:359 - Loaded plugin clock (category:base,tabindex:2)
2025-11-06 10:59:41,585 [INFO] PluginManage:310 - Check plugin ddr
2025-11-06 10:59:41,590 [INFO] PluginManage:359 - Loaded plugin ddr (category:tool,tabindex:6)
2025-11-06 10:59:41,590 [INFO] PluginManage:310 - Check plugin filemanager
2025-11-06 10:59:41,840 [INFO] PluginManage:359 - Loaded plugin filemanager (category:base,tabindex:10)
2025-11-06 10:59:41,840 [INFO] PluginManage:310 - Check plugin ipmanager
2025-11-06 10:59:41,857 [INFO] PluginManage:359 - Loaded plugin ipmanager (category:base,tabindex:5)
2025-11-06 10:59:41,858 [INFO] PluginManage:310 - Check plugin lpbam
2025-11-06 10:59:41,876 [INFO] PluginManage:359 - Loaded plugin lpbam (category:base,tabindex:0)
2025-11-06 10:59:41,876 [INFO] PluginManage:310 - Check plugin memorymap
2025-11-06 10:59:41,909 [INFO] PluginManage:359 - Loaded plugin memorymap (category:base,tabindex:4)
2025-11-06 10:59:41,909 [INFO] PluginManage:310 - Check plugin pinoutandconfiguration
2025-11-06 10:59:41,925 [INFO] PluginManage:359 - Loaded plugin pinoutandconfiguration (category:base,tabindex:1)
2025-11-06 10:59:41,925 [INFO] PluginManage:310 - Check plugin pinoutconfig
2025-11-06 10:59:42,054 [WARN] SupportedApi:132 - Cannot load RTOS API schema: s4s-elt-must-match.1: The content of 'definitions' must match (annotation?, (simpleType | complexType)?, (unique | key | keyref)*)). A problem was found starting at: attribute.
2025-11-06 10:59:42,255 [INFO] PluginManage:359 - Loaded plugin pinoutconfig (category:base,tabindex:0)
2025-11-06 10:59:42,255 [INFO] PluginManage:310 - Check plugin power
2025-11-06 10:59:42,270 [INFO] PluginManage:359 - Loaded plugin power (category:power,tabindex:4)
2025-11-06 10:59:42,271 [INFO] PluginManage:310 - Check plugin projectmanager
2025-11-06 10:59:42,298 [INFO] PluginManage:359 - Loaded plugin projectmanager (category:projectmanager,tabindex:4)
2025-11-06 10:59:42,298 [INFO] PluginManage:310 - Check plugin rif
2025-11-06 10:59:42,315 [INFO] PluginManage:359 - Loaded plugin rif (category:base,tabindex:3)
2025-11-06 10:59:42,316 [INFO] PluginManage:310 - Check plugin thirdparty
2025-11-06 10:59:42,580 [INFO] PluginManage:359 - Loaded plugin thirdparty (category:base,tabindex:-1)
2025-11-06 10:59:42,580 [INFO] PluginManage:310 - Check plugin tools
2025-11-06 10:59:42,580 [WARN] IntegrityCheckThread:84 - waiting for thirdparty lock release [integrity check]
2025-11-06 10:59:42,581 [INFO] IntegrityCheckThread:86 - entering critical section [integrity check]
2025-11-06 10:59:42,583 [INFO] ThirdPartyUpdaterWithRetryManager:70 - Updater plugin not ready yet. [1/15]
2025-11-06 10:59:42,588 [INFO] PluginManage:359 - Loaded plugin tools (category:base,tabindex:7)
2025-11-06 10:59:42,589 [INFO] PluginManage:310 - Check plugin tutovideos
2025-11-06 10:59:43,082 [INFO] PluginManage:359 - Loaded plugin tutovideos (category:base,tabindex:-1)
2025-11-06 10:59:43,085 [INFO] PluginManage:310 - Check plugin updater
2025-11-06 10:59:43,114 [INFO] PluginManage:359 - Loaded plugin updater (category:base,tabindex:12)
2025-11-06 10:59:43,115 [INFO] PluginManage:310 - Check plugin userauth
2025-11-06 10:59:43,123 [INFO] UserAuth:118 - Init User Auth plugin
2025-11-06 10:59:43,124 [INFO] PluginManage:359 - Loaded plugin userauth (category:base,tabindex:14)
2025-11-06 10:59:43,125 [INFO] PluginManage:283 - PluginManage : Loaded plugins [18]
2025-11-06 10:59:43,543 [INFO] PinOutPanel:1589 - setPackage(No Configuration,No Configuration)
2025-11-06 10:59:43,697 [INFO] CADModel:165 - CPN selected for project level
2025-11-06 10:59:43,698 [INFO] CADModel:114 - Register for checkConnection events
2025-11-06 10:59:43,726 [INFO] IPUIPlugin:80 - create IPUIPlugin
2025-11-06 10:59:43,726 [INFO] PluginManager:220 - loadIPPluginJar : add adc
2025-11-06 10:59:43,731 [INFO] IPUIPlugin:80 - create IPUIPlugin
2025-11-06 10:59:43,731 [INFO] PluginManager:220 - loadIPPluginJar : add aes
2025-11-06 10:59:43,735 [INFO] IPUIPlugin:80 - create IPUIPlugin
2025-11-06 10:59:43,736 [INFO] PluginManager:220 - loadIPPluginJar : add can
2025-11-06 10:59:43,738 [INFO] IPUIPlugin:80 - create IPUIPlugin
2025-11-06 10:59:43,738 [INFO] PluginManager:220 - loadIPPluginJar : add comp
2025-11-06 10:59:43,741 [INFO] IPUIPlugin:80 - create IPUIPlugin
2025-11-06 10:59:43,741 [INFO] PluginManager:220 - loadIPPluginJar : add cryp
2025-11-06 10:59:43,745 [INFO] IPUIPlugin:80 - create IPUIPlugin
2025-11-06 10:59:43,746 [INFO] PluginManager:220 - loadIPPluginJar : add ddr_ctrl_phy
2025-11-06 10:59:43,751 [INFO] IPUIPlugin:80 - create IPUIPlugin
2025-11-06 10:59:43,752 [INFO] PluginManager:220 - loadIPPluginJar : add dfsdm
2025-11-06 10:59:43,758 [INFO] IPUIPlugin:80 - create IPUIPlugin
2025-11-06 10:59:43,758 [INFO] PluginManager:220 - loadIPPluginJar : add dma
2025-11-06 10:59:43,760 [INFO] IPUIPlugin:80 - create IPUIPlugin
2025-11-06 10:59:43,761 [INFO] PluginManager:220 - loadIPPluginJar : add dma3
2025-11-06 10:59:43,763 [INFO] IPUIPlugin:80 - create IPUIPlugin
2025-11-06 10:59:43,764 [INFO] PluginManager:220 - loadIPPluginJar : add extmemmanager
2025-11-06 10:59:43,767 [INFO] IPUIPlugin:80 - create IPUIPlugin
2025-11-06 10:59:43,768 [INFO] PluginManager:220 - loadIPPluginJar : add fatfs
2025-11-06 10:59:43,774 [INFO] IPUIPlugin:80 - create IPUIPlugin
2025-11-06 10:59:43,774 [INFO] PluginManager:220 - loadIPPluginJar : add fmc
2025-11-06 10:59:43,779 [INFO] IPUIPlugin:80 - create IPUIPlugin
2025-11-06 10:59:43,779 [INFO] PluginManager:220 - loadIPPluginJar : add freertos
2025-11-06 10:59:43,781 [INFO] IPUIPlugin:80 - create IPUIPlugin
2025-11-06 10:59:43,781 [INFO] PluginManager:220 - loadIPPluginJar : add genericplugin
2025-11-06 10:59:43,785 [INFO] IPUIPlugin:80 - create IPUIPlugin
2025-11-06 10:59:43,785 [INFO] PluginManager:220 - loadIPPluginJar : add gfxmmu
2025-11-06 10:59:43,791 [INFO] IPUIPlugin:80 - create IPUIPlugin
2025-11-06 10:59:43,791 [INFO] PluginManager:220 - loadIPPluginJar : add gic
2025-11-06 10:59:43,794 [INFO] IPUIPlugin:80 - create IPUIPlugin
2025-11-06 10:59:43,794 [INFO] PluginManager:220 - loadIPPluginJar : add gpio
2025-11-06 10:59:43,799 [INFO] IPUIPlugin:80 - create IPUIPlugin
2025-11-06 10:59:43,800 [INFO] PluginManager:220 - loadIPPluginJar : add gtzc
2025-11-06 10:59:43,805 [INFO] IPUIPlugin:80 - create IPUIPlugin
2025-11-06 10:59:43,805 [INFO] PluginManager:220 - loadIPPluginJar : add hash
2025-11-06 10:59:43,808 [INFO] IPUIPlugin:80 - create IPUIPlugin
2025-11-06 10:59:43,808 [INFO] PluginManager:220 - loadIPPluginJar : add i2c
2025-11-06 10:59:43,810 [INFO] IPUIPlugin:80 - create IPUIPlugin
2025-11-06 10:59:43,811 [INFO] PluginManager:220 - loadIPPluginJar : add i2s
2025-11-06 10:59:43,818 [INFO] IPUIPlugin:80 - create IPUIPlugin
2025-11-06 10:59:43,818 [INFO] PluginManager:220 - loadIPPluginJar : add i3c
2025-11-06 10:59:43,823 [INFO] IPUIPlugin:80 - create IPUIPlugin
2025-11-06 10:59:43,824 [INFO] PluginManager:220 - loadIPPluginJar : add ipddr
2025-11-06 10:59:43,835 [INFO] IPUIPlugin:80 - create IPUIPlugin
2025-11-06 10:59:43,835 [INFO] PluginManager:220 - loadIPPluginJar : add linkedlist
2025-11-06 10:59:43,839 [INFO] IPUIPlugin:80 - create IPUIPlugin
2025-11-06 10:59:43,839 [INFO] PluginManager:220 - loadIPPluginJar : add lorawan
2025-11-06 10:59:43,841 [INFO] IPUIPlugin:80 - create IPUIPlugin
2025-11-06 10:59:43,841 [INFO] PluginManager:220 - loadIPPluginJar : add ltdc
2025-11-06 10:59:43,851 [INFO] IPUIPlugin:80 - create IPUIPlugin
2025-11-06 10:59:43,851 [INFO] PluginManager:220 - loadIPPluginJar : add mdma
2025-11-06 10:59:43,857 [INFO] IPUIPlugin:80 - create IPUIPlugin
2025-11-06 10:59:43,857 [INFO] PluginManager:220 - loadIPPluginJar : add nvic
2025-11-06 10:59:43,863 [INFO] IPUIPlugin:80 - create IPUIPlugin
2025-11-06 10:59:43,863 [INFO] PluginManager:220 - loadIPPluginJar : add opamp
2025-11-06 10:59:43,872 [INFO] IPUIPlugin:80 - create IPUIPlugin
2025-11-06 10:59:43,872 [INFO] PluginManager:220 - loadIPPluginJar : add openamp
2025-11-06 10:59:43,877 [INFO] IPUIPlugin:80 - create IPUIPlugin
2025-11-06 10:59:43,877 [INFO] PluginManager:220 - loadIPPluginJar : add pdm2pcm
2025-11-06 10:59:43,886 [INFO] IPUIPlugin:80 - create IPUIPlugin
2025-11-06 10:59:43,890 [INFO] PluginManager:220 - loadIPPluginJar : add plateformsettings
2025-11-06 10:59:43,892 [INFO] IPUIPlugin:80 - create IPUIPlugin
2025-11-06 10:59:43,893 [INFO] PluginManager:220 - loadIPPluginJar : add quadspi
2025-11-06 10:59:43,895 [INFO] IPUIPlugin:80 - create IPUIPlugin
2025-11-06 10:59:43,896 [INFO] PluginManager:220 - loadIPPluginJar : add radio
2025-11-06 10:59:43,902 [INFO] IPUIPlugin:80 - create IPUIPlugin
2025-11-06 10:59:43,902 [INFO] PluginManager:220 - loadIPPluginJar : add resmgrutility
2025-11-06 10:59:43,906 [INFO] IPUIPlugin:80 - create IPUIPlugin
2025-11-06 10:59:43,906 [INFO] PluginManager:220 - loadIPPluginJar : add sai
2025-11-06 10:59:43,909 [INFO] IPUIPlugin:80 - create IPUIPlugin
2025-11-06 10:59:43,909 [INFO] PluginManager:220 - loadIPPluginJar : add spi
2025-11-06 10:59:43,916 [INFO] IPUIPlugin:80 - create IPUIPlugin
2025-11-06 10:59:43,916 [INFO] PluginManager:220 - loadIPPluginJar : add stm32_wpan
2025-11-06 10:59:43,919 [INFO] IPUIPlugin:80 - create IPUIPlugin
2025-11-06 10:59:43,919 [INFO] PluginManager:220 - loadIPPluginJar : add tim
2025-11-06 10:59:43,923 [INFO] IPUIPlugin:80 - create IPUIPlugin
2025-11-06 10:59:43,923 [INFO] PluginManager:220 - loadIPPluginJar : add touchsensing
2025-11-06 10:59:43,925 [INFO] IPUIPlugin:80 - create IPUIPlugin
2025-11-06 10:59:43,925 [INFO] PluginManager:220 - loadIPPluginJar : add tracer_emb
2025-11-06 10:59:43,928 [INFO] IPUIPlugin:80 - create IPUIPlugin
2025-11-06 10:59:43,928 [INFO] PluginManager:220 - loadIPPluginJar : add ts
2025-11-06 10:59:43,930 [INFO] IPUIPlugin:80 - create IPUIPlugin
2025-11-06 10:59:43,930 [INFO] PluginManager:220 - loadIPPluginJar : add tsc
2025-11-06 10:59:43,945 [INFO] IPUIPlugin:80 - create IPUIPlugin
2025-11-06 10:59:43,945 [INFO] PluginManager:220 - loadIPPluginJar : add ucpd
2025-11-06 10:59:43,951 [INFO] IPUIPlugin:80 - create IPUIPlugin
2025-11-06 10:59:43,951 [INFO] PluginManager:220 - loadIPPluginJar : add usart
2025-11-06 10:59:43,956 [INFO] IPUIPlugin:80 - create IPUIPlugin
2025-11-06 10:59:43,957 [INFO] PluginManager:220 - loadIPPluginJar : add usbx
2025-11-06 10:59:44,185 [FATAL] Updater:351 - Updater called before beeing initialized
2025-11-06 10:59:44,248 [INFO] RulesReader:64 - Compatibility file has been processed (317 Rules)
2025-11-06 10:59:44,276 [INFO] RulesReader:64 - Compatibility file has been processed (317 Rules)
2025-11-06 10:59:44,303 [INFO] CADModel:165 - CPN selected for project level
2025-11-06 10:59:44,303 [INFO] CADModel:114 - Register for checkConnection events
2025-11-06 10:59:44,303 [FATAL] Updater:351 - Updater called before beeing initialized
2025-11-06 10:59:44,304 [ERROR] CADModel:125 - Updater not yet initialized, retry later 
2025-11-06 10:59:44,635 [FATAL] Updater:351 - Updater called before beeing initialized
2025-11-06 10:59:44,642 [INFO] CADModel:165 - CPN selected for project level
2025-11-06 10:59:44,643 [INFO] CADModel:114 - Register for checkConnection events
2025-11-06 10:59:44,643 [FATAL] Updater:351 - Updater called before beeing initialized
2025-11-06 10:59:44,643 [ERROR] CADModel:125 - Updater not yet initialized, retry later 
2025-11-06 10:59:44,656 [FATAL] Updater:351 - Updater called before beeing initialized
2025-11-06 10:59:44,945 [FATAL] Updater:351 - Updater called before beeing initialized
2025-11-06 10:59:44,953 [INFO] DbMcusAds:53 - JSON generation date=Thu Oct 02 15:06:05 IST 2025 (1759397765645)
2025-11-06 10:59:44,954 [FATAL] Updater:351 - Updater called before beeing initialized
2025-11-06 10:59:45,001 [WARN] DetailPanel:346 - Failed to get advertising image, set to default
2025-11-06 10:59:45,144 [FATAL] Updater:351 - Updater called before beeing initialized
2025-11-06 10:59:45,146 [FATAL] Updater:351 - Updater called before beeing initialized
2025-11-06 10:59:45,146 [FATAL] Updater:351 - Updater called before beeing initialized
2025-11-06 10:59:45,147 [WARN] DetailPanel:346 - Failed to get advertising image, set to default
2025-11-06 10:59:45,147 [FATAL] Updater:351 - Updater called before beeing initialized
2025-11-06 10:59:45,207 [ERROR] Updater:1198 - MainUpdater not yet initialized. External WinMGr cannot be set.
2025-11-06 10:59:45,209 [INFO] Updater:1134 - Updater Version found : 6.15.0
2025-11-06 10:59:45,231 [INFO] ApplicationProperties:184 - Using Application install path: C:\ST\STM32CubeIDE_1.19.0\STM32CubeIDE\plugins\com.st.stm32cube.common.mx_6.15.0.202507011659
2025-11-06 10:59:45,585 [INFO] ThirdPartyUpdaterWithRetryManager:70 - Updater plugin not ready yet. [2/15]
2025-11-06 10:59:46,823 [ERROR] LogOutputStream:75 - [STDERR_REDIRECT] Nov 06, 2025 10:59:46 AM java.util.prefs.WindowsPreferences <init>
2025-11-06 10:59:46,825 [ERROR] LogOutputStream:75 - [STDERR_REDIRECT] WARNING: Could not open/create prefs root node Software\JavaSoft\Prefs at root 0xffffffff80000002. Windows RegCreateKeyEx(...) returned error code 5.
2025-11-06 10:59:46,825 [ERROR] LogOutputStream:75 - [STDERR_REDIRECT] 
2025-11-06 10:59:47,279 [INFO] MainUpdater:2872 - connection check result : 10
2025-11-06 10:59:47,281 [INFO] MainUpdater:289 - Updater Check For Update Now.
2025-11-06 10:59:47,281 [INFO] MicroXplorer:498 - Change Database Version : DB.6.0.150
2025-11-06 10:59:47,296 [INFO] McuFinderGlobals:63 - Set McuFinder mode to 2 (CubeIDE integrated)
2025-11-06 10:59:47,299 [INFO] UserAuth:487 - Internet connection configuration mode: 1
2025-11-06 10:59:47,355 [INFO] JxBrowserEngine:152 - Initiate JxBrowser Engine with user profile folder
2025-11-06 10:59:47,551 [INFO] CheckServerUpdateThread:120 - End of CheckServer Thread
2025-11-06 10:59:49,072 [WARN] PackLoader:240 - Cannot read IP mode file for STMicroelectronics.FP-SNS-MOTENVWB1.1.4.0
2025-11-06 10:59:49,091 [WARN] PackLoader:240 - Cannot read IP mode file for STMicroelectronics.FP-ATR-ASTRA1.2.0.2
2025-11-06 10:59:49,110 [WARN] PackLoader:240 - Cannot read IP mode file for STMicroelectronics.X-CUBE-SMBUS.2.1.0
2025-11-06 10:59:49,162 [WARN] PackLoader:240 - Cannot read IP mode file for STMicroelectronics.X-CUBE-AZRTOS-F7.1.1.0
2025-11-06 10:59:49,176 [WARN] PackLoader:240 - Cannot read IP mode file for Cesanta.I-CUBE-Mongoose.7.19.0
2025-11-06 10:59:49,187 [WARN] PackLoader:240 - Cannot read IP mode file for STMicroelectronics.FP-SNS-MOTENV1.5.1.0
2025-11-06 10:59:49,210 [WARN] PackLoader:240 - Cannot read IP mode file for WES.I-CUBE-Cesium.1.4.0
2025-11-06 10:59:49,269 [WARN] PackLoader:240 - Cannot read IP mode file for Infineon.AIROC-Wi-Fi-Bluetooth-STM32.1.7.1
2025-11-06 10:59:49,279 [INFO] WebApp:169 - Instantiating new browser for Auth
2025-11-06 10:59:49,341 [WARN] PackLoader:240 - Cannot read IP mode file for STMicroelectronics.X-CUBE-AZRTOS-H7.3.4.0
2025-11-06 10:59:49,369 [WARN] PackLoader:240 - Cannot read IP mode file for STMicroelectronics.X-CUBE-DISPLAY.3.0.0
2025-11-06 10:59:49,399 [WARN] PackLoader:240 - Cannot read IP mode file for STMicroelectronics.X-CUBE-NFC10.1.0.0
2025-11-06 10:59:49,413 [WARN] PackLoader:240 - Cannot read IP mode file for STMicroelectronics.X-CUBE-ST60.1.1.0
2025-11-06 10:59:49,427 [WARN] PackLoader:240 - Cannot read IP mode file for emotas.I-CUBE-CANOPEN.1.3.0
2025-11-06 10:59:49,439 [WARN] PackLoader:240 - Cannot read IP mode file for STMicroelectronics.X-CUBE-GNSS1.7.1.0
2025-11-06 10:59:49,457 [WARN] PackLoader:240 - Cannot read IP mode file for STMicroelectronics.FP-SNS-STBOX1.2.1.0
2025-11-06 10:59:49,471 [WARN] PackLoader:240 - Cannot read IP mode file for STMicroelectronics.FP-SNS-SMARTAG2.1.2.0
2025-11-06 10:59:49,484 [WARN] PackLoader:240 - Cannot read IP mode file for STMicroelectronics.FP-SNS-FLIGHT1.5.1.0
2025-11-06 10:59:49,513 [INFO] LogOutputStream:77 - [STDOUT_REDIRECT] 1 : Invalid condition id : UX_CORESTACK_Condition cause : null
2025-11-06 10:59:49,514 [INFO] LogOutputStream:77 - [STDOUT_REDIRECT] 1 : Invalid condition id : UX_CORESTACK_Condition cause : null
2025-11-06 10:59:49,517 [INFO] LogOutputStream:77 - [STDOUT_REDIRECT] 1 : Invalid condition id : UX_CORESTACK_Condition cause : null
2025-11-06 10:59:49,520 [INFO] LogOutputStream:77 - [STDOUT_REDIRECT] 1 : Invalid condition id : UX_CORESTACK_Condition cause : null
2025-11-06 10:59:49,522 [INFO] LogOutputStream:77 - [STDOUT_REDIRECT] 1 : Invalid condition id : UX_CORESTACK_Condition cause : null
2025-11-06 10:59:49,527 [WARN] PackLoader:240 - Cannot read IP mode file for STMicroelectronics.X-CUBE-AZRTOS-WL.2.0.0
2025-11-06 10:59:49,548 [WARN] PackLoader:240 - Cannot read IP mode file for STMicroelectronics.X-CUBE-BLE2.3.3.0
2025-11-06 10:59:49,570 [WARN] PackLoader:240 - Cannot read IP mode file for STMicroelectronics.X-CUBE-NFC9.1.0.0
2025-11-06 10:59:49,587 [WARN] PackLoader:240 - Cannot read IP mode file for wolfSSL.I-CUBE-wolfSSL.5.8.2
2025-11-06 10:59:49,599 [WARN] PackLoader:240 - Cannot read IP mode file for STMicroelectronics.X-CUBE-BLE1.7.1.0
2025-11-06 10:59:49,609 [WARN] PackLoader:240 - Cannot read IP mode file for wolfSSL.I-CUBE-wolfMQTT.1.19.2
2025-11-06 10:59:49,622 [WARN] PackLoader:240 - Cannot read IP mode file for STMicroelectronics.X-CUBE-EEPRMA1.5.2.0
2025-11-06 10:59:49,638 [WARN] PackLoader:240 - Cannot read IP mode file for STMicroelectronics.X-CUBE-ST67W61.1.1.0
2025-11-06 10:59:49,669 [WARN] PackLoader:240 - Cannot read IP mode file for STMicroelectronics.X-CUBE-AZRTOS-G0.1.1.0
2025-11-06 10:59:49,686 [WARN] PackLoader:240 - Cannot read IP mode file for STMicroelectronics.X-CUBE-SAFEA1.1.2.2
2025-11-06 10:59:49,698 [WARN] PackLoader:240 - Cannot read IP mode file for STMicroelectronics.X-CUBE-NFC4.3.0.0
2025-11-06 10:59:49,718 [WARN] PackLoader:240 - Cannot read IP mode file for EmbeddedOffice.I-CUBE-FS-RTOS.1.0.1
2025-11-06 10:59:49,741 [WARN] PackLoader:240 - Cannot read IP mode file for STMicroelectronics.X-CUBE-WB05N.2.0.0
2025-11-06 10:59:49,755 [WARN] PackLoader:240 - Cannot read IP mode file for wolfSSL.I-CUBE-wolfTPM.3.8.0
2025-11-06 10:59:49,768 [WARN] PackLoader:240 - Cannot read IP mode file for STMicroelectronics.X-CUBE-TCPP.4.2.0
2025-11-06 10:59:49,785 [WARN] PackLoader:240 - Cannot read IP mode file for RealThread.X-CUBE-RT-Thread_Nano.4.1.1
2025-11-06 10:59:49,798 [WARN] PackLoader:240 - Cannot read IP mode file for STMicroelectronics.FP-ATR-SIGFOX1.3.2.0
2025-11-06 10:59:49,815 [WARN] PackLoader:240 - Cannot read IP mode file for ITTIA_DB.I-CUBE-ITTIADB.8.9.0
2025-11-06 10:59:49,827 [WARN] PackLoader:240 - Cannot read IP mode file for STMicroelectronics.X-CUBE-AI.10.2.0
2025-11-06 10:59:49,880 [WARN] PackLoader:240 - Cannot read IP mode file for SEGGER.I-CUBE-embOS.1.3.1
2025-11-06 10:59:49,947 [WARN] PackLoader:240 - Cannot read IP mode file for STMicroelectronics.X-CUBE-ALGOBUILD.1.4.0
2025-11-06 10:59:50,029 [WARN] PackLoader:240 - Cannot read IP mode file for STMicroelectronics.X-CUBE-MEMS1.11.3.0
2025-11-06 10:59:50,359 [WARN] PackLoader:240 - Cannot read IP mode file for STMicroelectronics.X-CUBE-PM33A1.1.0.0
2025-11-06 10:59:50,385 [WARN] PackLoader:240 - Cannot read IP mode file for STMicroelectronics.X-CUBE-AZRTOS-F4.1.1.0
2025-11-06 10:59:50,399 [WARN] PackLoader:240 - Cannot read IP mode file for STMicroelectronics.X-CUBE-ISPU.2.1.0
2025-11-06 10:59:50,423 [WARN] PackLoader:240 - Cannot read IP mode file for STMicroelectronics.X-CUBE-IPS.3.2.0
2025-11-06 10:59:50,459 [WARN] PackLoader:240 - Cannot read IP mode file for STMicroelectronics.X-CUBE-NFC12.1.0.0
2025-11-06 10:59:50,497 [WARN] PackLoader:240 - Cannot read IP mode file for STMicroelectronics.X-CUBE-AZRTOS-L5.2.0.0
2025-11-06 10:59:50,518 [WARN] PackLoader:240 - Cannot read IP mode file for STMicroelectronics.X-CUBE-NFC6.3.1.0
2025-11-06 10:59:50,538 [WARN] PackLoader:240 - Cannot read IP mode file for STMicroelectronics.X-CUBE-FREERTOS.1.3.1
2025-11-06 10:59:50,558 [WARN] PackLoader:240 - Cannot read IP mode file for STMicroelectronics.X-CUBE-TOUCHGFX.4.26.0
2025-11-06 10:59:50,574 [WARN] PackLoader:240 - Cannot read IP mode file for STMicroelectronics.FP-SNS-STAIOTCFT.1.0.0
2025-11-06 10:59:50,587 [WARN] PackLoader:240 - Cannot read IP mode file for STMicroelectronics.X-CUBE-DPower.1.3.0
2025-11-06 10:59:50,629 [WARN] ConditionMgr:438 - getConditionDescription Invalid condition id : LAN8742 Phy interface Condition cause : null
2025-11-06 10:59:50,631 [WARN] PackLoader:240 - Cannot read IP mode file for STMicroelectronics.X-CUBE-AZRTOS-L4.2.0.0
2025-11-06 10:59:50,637 [WARN] ConditionMgr:1044 - genDependencies : Invalid condition id : LAN8742 Phy interface Condition cause : null
2025-11-06 10:59:50,638 [WARN] ConditionMgr:1044 - genDependencies : Invalid condition id : LAN8742 Phy interface Condition cause : null
2025-11-06 10:59:50,639 [WARN] ConditionMgr:1044 - genDependencies : Invalid condition id : LAN8742 Phy interface Condition cause : null
2025-11-06 10:59:50,657 [WARN] PackLoader:240 - Cannot read IP mode file for STMicroelectronics.X-CUBE-SFXS2LP1.4.0.0
2025-11-06 10:59:50,677 [WARN] PackLoader:240 - Cannot read IP mode file for STMicroelectronics.X-CUBE-BLEMGR.4.1.0
2025-11-06 10:59:50,708 [WARN] ConditionMgr:438 - getConditionDescription Invalid condition id : UX DEVICE CLASS RTOS Condition cause : null
2025-11-06 10:59:50,708 [WARN] ConditionMgr:438 - getConditionDescription Invalid condition id : UX DEVICE CLASS RTOS Condition cause : null
2025-11-06 10:59:50,711 [WARN] PackLoader:240 - Cannot read IP mode file for STMicroelectronics.X-CUBE-AZRTOS-WB.2.0.0
2025-11-06 10:59:50,712 [WARN] ConditionMgr:1044 - genDependencies : Invalid condition id : UX DEVICE CLASS RTOS Condition cause : null
2025-11-06 10:59:50,713 [WARN] ConditionMgr:1044 - genDependencies : Invalid condition id : UX DEVICE CLASS RTOS Condition cause : null
2025-11-06 10:59:50,714 [WARN] ConditionMgr:1044 - genDependencies : Invalid condition id : UX DEVICE CLASS RTOS Condition cause : null
2025-11-06 10:59:50,714 [WARN] ConditionMgr:1044 - genDependencies : Invalid condition id : UX DEVICE CLASS RTOS Condition cause : null
2025-11-06 10:59:50,714 [WARN] ConditionMgr:1044 - genDependencies : Invalid condition id : UX DEVICE CLASS RTOS Condition cause : null
2025-11-06 10:59:50,726 [WARN] PackLoader:240 - Cannot read IP mode file for STMicroelectronics.X-CUBE-GNSS1.7.0.1
2025-11-06 10:59:50,742 [WARN] ConditionMgr:438 - getConditionDescription Invalid condition id : Cortex-A Device cause : null
2025-11-06 10:59:50,768 [WARN] ConditionMgr:1044 - genDependencies : Invalid condition id : Cortex-A Device cause : null
2025-11-06 10:59:50,768 [WARN] ConditionMgr:1044 - genDependencies : Invalid condition id : Cortex-A Device cause : null
2025-11-06 10:59:50,769 [WARN] ConditionMgr:1044 - genDependencies : Invalid condition id : Cortex-A Device cause : null
2025-11-06 10:59:50,786 [WARN] PackLoader:240 - Cannot read IP mode file for STMicroelectronics.X-CUBE-SUBG2.5.0.0
2025-11-06 10:59:50,823 [WARN] PackLoader:240 - Cannot read IP mode file for STMicroelectronics.X-CUBE-AZRTOS-H7RS.1.1.0
2025-11-06 10:59:50,851 [WARN] PackLoader:240 - Cannot read IP mode file for STMicroelectronics.X-CUBE-AZRTOS-G4.2.0.0
2025-11-06 10:59:50,862 [WARN] PackLoader:240 - Cannot read IP mode file for wolfSSL.I-CUBE-wolfSSH.1.4.20
2025-11-06 10:59:50,874 [WARN] PackLoader:240 - Cannot read IP mode file for STMicroelectronics.X-CUBE-NFC7.2.0.0
2025-11-06 10:59:50,885 [WARN] PackLoader:240 - Cannot read IP mode file for STMicroelectronics.X-CUBE-ALS.1.0.2
2025-11-06 10:59:50,897 [WARN] PackLoader:240 - Cannot read IP mode file for STMicroelectronics.X-CUBE-STSE01.1.0.0
2025-11-06 10:59:50,921 [WARN] PackLoader:240 - Cannot read IP mode file for STMicroelectronics.X-CUBE-TOF1.3.4.3
2025-11-06 10:59:50,940 [INFO] ThirdParty:978 - Integrity check success = true
2025-11-06 10:59:50,940 [INFO] IntegrityCheckThread:100 - exiting critical section [integrity check]
2025-11-06 10:59:50,940 [INFO] IntegrityCheckThread:103 - End integrity checks thread
2025-11-06 10:59:51,450 [INFO] WebApp:463 - Apply proxy settings
2025-11-06 10:59:51,451 [INFO] WebApp:548 - Chromium requires no authentication
2025-11-06 10:59:51,479 [INFO] WebApp:491 - Direct internet connection detected
2025-11-06 10:59:51,562 [INFO] WebApp:900 - Register for checkConnection events
2025-11-06 10:59:51,562 [INFO] WebApp:463 - Apply proxy settings
2025-11-06 10:59:51,563 [INFO] WebApp:548 - Chromium requires no authentication
2025-11-06 10:59:51,566 [INFO] WebApp:491 - Direct internet connection detected
2025-11-06 10:59:51,960 [INFO] WebApp:191 - Connection restablished
2025-11-06 10:59:52,088 [INFO] WebApp:225 - Starting web application
2025-11-06 10:59:52,088 [INFO] WebApp:593 - Web application path used C:\ST\STM32CubeIDE_1.19.0\STM32CubeIDE\plugins\com.st.stm32cube.common.mx_6.15.0.202507011659\db\plugins\mcufinder\reactClient1\index.html
2025-11-06 10:59:52,521 [INFO] UserAuth:487 - Internet connection configuration mode: 1
2025-11-06 11:04:38,927 [INFO] WebApp:194 - Connection lost
2025-11-06 11:04:39,114 [INFO] WebApp:191 - Connection restablished
2025-11-06 11:05:38,887 [INFO] WebApp:194 - Connection lost
2025-11-06 11:05:39,102 [INFO] WebApp:191 - Connection restablished
2025-11-06 11:17:51,511 [INFO] WebApp:194 - Connection lost
2025-11-06 11:17:51,932 [INFO] WebApp:191 - Connection restablished
2025-11-06 11:23:02,478 [INFO] WebApp:194 - Connection lost
2025-11-06 11:23:02,759 [INFO] WebApp:191 - Connection restablished
2025-11-06 11:23:53,400 [INFO] WebApp:194 - Connection lost
2025-11-06 11:23:53,697 [INFO] WebApp:191 - Connection restablished
2025-11-06 11:25:03,408 [INFO] WebApp:194 - Connection lost
2025-11-06 11:25:03,614 [INFO] WebApp:191 - Connection restablished
2025-11-06 11:30:14,410 [INFO] WebApp:194 - Connection lost
2025-11-06 11:30:14,652 [INFO] WebApp:191 - Connection restablished
2025-11-06 11:31:26,917 [INFO] WebApp:194 - Connection lost
2025-11-06 11:31:27,109 [INFO] WebApp:191 - Connection restablished
2025-11-06 11:36:37,922 [INFO] WebApp:194 - Connection lost
2025-11-06 11:36:38,151 [INFO] WebApp:191 - Connection restablished
2025-11-06 11:39:13,420 [INFO] WebApp:194 - Connection lost
2025-11-06 11:39:13,754 [INFO] WebApp:191 - Connection restablished
2025-11-06 11:39:19,908 [INFO] WebApp:194 - Connection lost
2025-11-06 11:39:20,094 [INFO] WebApp:191 - Connection restablished
2025-11-06 11:44:33,392 [INFO] WebApp:194 - Connection lost
2025-11-06 11:44:36,229 [INFO] WebApp:191 - Connection restablished
2025-11-06 11:46:05,928 [INFO] WebApp:194 - Connection lost
2025-11-06 11:46:06,166 [INFO] WebApp:191 - Connection restablished
2025-11-06 11:52:17,918 [INFO] WebApp:194 - Connection lost
2025-11-06 11:52:18,186 [INFO] WebApp:191 - Connection restablished
2025-11-06 12:02:25,600 [INFO] WebApp:194 - Connection lost
2025-11-06 12:02:26,135 [INFO] WebApp:191 - Connection restablished
2025-11-06 12:18:37,395 [INFO] WebApp:194 - Connection lost
2025-11-06 12:18:37,979 [INFO] WebApp:191 - Connection restablished
2025-11-06 12:20:18,921 [INFO] WebApp:194 - Connection lost
2025-11-06 12:20:19,125 [INFO] WebApp:191 - Connection restablished
2025-11-06 12:25:29,911 [INFO] WebApp:194 - Connection lost
2025-11-06 12:25:30,216 [INFO] WebApp:191 - Connection restablished
2025-11-06 12:39:14,351 [INFO] WebApp:194 - Connection lost
2025-11-06 12:39:15,264 [INFO] WebApp:191 - Connection restablished
2025-11-06 12:55:20,797 [INFO] WebApp:194 - Connection lost
2025-11-06 12:55:21,342 [INFO] WebApp:191 - Connection restablished
2025-11-06 12:58:28,529 [INFO] WebApp:194 - Connection lost
2025-11-06 12:58:29,315 [INFO] WebApp:191 - Connection restablished
2025-11-06 13:04:10,640 [ERROR] LogOutputStream:75 - [STDERR_REDIRECT] 
2025-11-06 13:04:10,643 [ERROR] LogOutputStream:75 - [STDERR_REDIRECT] 
